{"C:\\backend0\\src\\config\\cloudinary.js": {"path":"C:\\backend0\\src\\config\\cloudinary.js","statementMap":{"0":{"start":{"line":1,"column":0},"end":{"line":1,"column":27}},"1":{"start":{"line":3,"column":19},"end":{"line":3,"column":43}},"2":{"start":{"line":5,"column":25},"end":{"line":10,"column":1}},"3":{"start":{"line":14,"column":31},"end":{"line":18,"column":1}},"4":{"start":{"line":20,"column":0},"end":{"line":22,"column":1}},"5":{"start":{"line":21,"column":2},"end":{"line":21,"column":38}},"6":{"start":{"line":25,"column":35},"end":{"line":32,"column":1}},"7":{"start":{"line":26,"column":2},"end":{"line":31,"column":3}},"8":{"start":{"line":27,"column":4},"end":{"line":30,"column":6}},"9":{"start":{"line":34,"column":0},"end":{"line":38,"column":2}}},"fnMap":{"0":{"name":"(anonymous_0)","decl":{"start":{"line":25,"column":35},"end":{"line":25,"column":36}},"loc":{"start":{"line":25,"column":41},"end":{"line":32,"column":1}},"line":25}},"branchMap":{"0":{"loc":{"start":{"line":15,"column":2},"end":{"line":17,"column":29}},"type":"binary-expr","locations":[{"start":{"line":15,"column":2},"end":{"line":15,"column":29}},{"start":{"line":16,"column":2},"end":{"line":16,"column":26}},{"start":{"line":17,"column":2},"end":{"line":17,"column":29}}],"line":15},"1":{"loc":{"start":{"line":20,"column":0},"end":{"line":22,"column":1}},"type":"if","locations":[{"start":{"line":20,"column":0},"end":{"line":22,"column":1}},{"start":{},"end":{}}],"line":20},"2":{"loc":{"start":{"line":26,"column":2},"end":{"line":31,"column":3}},"type":"if","locations":[{"start":{"line":26,"column":2},"end":{"line":31,"column":3}},{"start":{},"end":{}}],"line":26}},"s":{"0":1,"1":1,"2":1,"3":1,"4":1,"5":1,"6":1,"7":0,"8":0,"9":1},"f":{"0":0},"b":{"0":[1,1,1],"1":[1,0],"2":[0,0]},"_coverageSchema":"1a1c01bbd47fc00a2c39e90264f33305004495a9","hash":"734f0e31a9fcad7b8a186b8fa1554a3665e6d321"}
,"C:\\backend0\\src\\controllers\\authController.js": {"path":"C:\\backend0\\src\\controllers\\authController.js","statementMap":{"0":{"start":{"line":1,"column":15},"end":{"line":1,"column":34}},"1":{"start":{"line":2,"column":41},"end":{"line":2,"column":61}},"2":{"start":{"line":3,"column":24},"end":{"line":3,"column":64}},"3":{"start":{"line":4,"column":20},"end":{"line":4,"column":63}},"4":{"start":{"line":6,"column":27},"end":{"line":6,"column":28}},"5":{"start":{"line":7,"column":31},"end":{"line":7,"column":45}},"6":{"start":{"line":10,"column":16},"end":{"line":12,"column":18}},"7":{"start":{"line":13,"column":15},"end":{"line":13,"column":49}},"8":{"start":{"line":14,"column":19},"end":{"line":14,"column":50}},"9":{"start":{"line":15,"column":31},"end":{"line":15,"column":74}},"10":{"start":{"line":16,"column":16},"end":{"line":16,"column":51}},"11":{"start":{"line":17,"column":18},"end":{"line":17,"column":55}},"12":{"start":{"line":18,"column":15},"end":{"line":18,"column":49}},"13":{"start":{"line":19,"column":19},"end":{"line":19,"column":57}},"14":{"start":{"line":20,"column":19},"end":{"line":20,"column":57}},"15":{"start":{"line":21,"column":2},"end":{"line":27,"column":3}},"16":{"start":{"line":22,"column":4},"end":{"line":26,"column":9}},"17":{"start":{"line":28,"column":2},"end":{"line":29,"column":78}},"18":{"start":{"line":29,"column":4},"end":{"line":29,"column":78}},"19":{"start":{"line":30,"column":2},"end":{"line":35,"column":9}},"20":{"start":{"line":31,"column":4},"end":{"line":35,"column":9}},"21":{"start":{"line":36,"column":2},"end":{"line":37,"column":75}},"22":{"start":{"line":37,"column":4},"end":{"line":37,"column":75}},"23":{"start":{"line":38,"column":22},"end":{"line":38,"column":51}},"24":{"start":{"line":40,"column":2},"end":{"line":62,"column":3}},"25":{"start":{"line":41,"column":4},"end":{"line":44,"column":6}},"26":{"start":{"line":45,"column":4},"end":{"line":57,"column":6}},"27":{"start":{"line":58,"column":4},"end":{"line":58,"column":31}},"28":{"start":{"line":60,"column":4},"end":{"line":60,"column":33}},"29":{"start":{"line":61,"column":4},"end":{"line":61,"column":16}},"30":{"start":{"line":63,"column":2},"end":{"line":63,"column":31}},"31":{"start":{"line":64,"column":2},"end":{"line":66,"column":75}},"32":{"start":{"line":70,"column":15},"end":{"line":70,"column":54}},"33":{"start":{"line":71,"column":2},"end":{"line":71,"column":77}},"34":{"start":{"line":71,"column":13},"end":{"line":71,"column":77}},"35":{"start":{"line":72,"column":15},"end":{"line":72,"column":49}},"36":{"start":{"line":73,"column":16},"end":{"line":73,"column":51}},"37":{"start":{"line":74,"column":2},"end":{"line":75,"column":79}},"38":{"start":{"line":75,"column":4},"end":{"line":75,"column":79}},"39":{"start":{"line":76,"column":18},"end":{"line":76,"column":33}},"40":{"start":{"line":77,"column":2},"end":{"line":87,"column":3}},"41":{"start":{"line":78,"column":4},"end":{"line":81,"column":71}},"42":{"start":{"line":79,"column":6},"end":{"line":81,"column":71}},"43":{"start":{"line":82,"column":21},"end":{"line":85,"column":5}},"44":{"start":{"line":86,"column":4},"end":{"line":86,"column":34}},"45":{"start":{"line":88,"column":2},"end":{"line":88,"column":29}},"46":{"start":{"line":89,"column":2},"end":{"line":92,"column":5}},"47":{"start":{"line":96,"column":15},"end":{"line":102,"column":4}},"48":{"start":{"line":103,"column":2},"end":{"line":103,"column":21}},"49":{"start":{"line":107,"column":17},"end":{"line":114,"column":3}},"50":{"start":{"line":115,"column":15},"end":{"line":117,"column":3}},"51":{"start":{"line":116,"column":26},"end":{"line":116,"column":71}},"52":{"start":{"line":118,"column":2},"end":{"line":123,"column":3}},"53":{"start":{"line":119,"column":17},"end":{"line":121,"column":6}},"54":{"start":{"line":122,"column":4},"end":{"line":122,"column":50}},"55":{"start":{"line":124,"column":2},"end":{"line":130,"column":9}},"56":{"start":{"line":125,"column":4},"end":{"line":130,"column":9}},"57":{"start":{"line":131,"column":16},"end":{"line":133,"column":4}},"58":{"start":{"line":134,"column":18},"end":{"line":138,"column":4}},"59":{"start":{"line":139,"column":2},"end":{"line":148,"column":6}},"60":{"start":{"line":140,"column":4},"end":{"line":148,"column":6}},"61":{"start":{"line":149,"column":2},"end":{"line":149,"column":71}},"62":{"start":{"line":153,"column":18},"end":{"line":155,"column":4}},"63":{"start":{"line":156,"column":2},"end":{"line":157,"column":72}},"64":{"start":{"line":157,"column":4},"end":{"line":157,"column":72}},"65":{"start":{"line":158,"column":2},"end":{"line":158,"column":26}},"66":{"start":{"line":159,"column":2},"end":{"line":159,"column":43}},"67":{"start":{"line":163,"column":16},"end":{"line":165,"column":18}},"68":{"start":{"line":166,"column":15},"end":{"line":166,"column":55}},"69":{"start":{"line":167,"column":2},"end":{"line":169,"column":3}},"70":{"start":{"line":168,"column":4},"end":{"line":168,"column":80}},"71":{"start":{"line":171,"column":2},"end":{"line":172,"column":70}},"72":{"start":{"line":172,"column":4},"end":{"line":172,"column":70}},"73":{"start":{"line":174,"column":14},"end":{"line":174,"column":24}},"74":{"start":{"line":175,"column":2},"end":{"line":184,"column":3}},"75":{"start":{"line":176,"column":30},"end":{"line":178,"column":5}},"76":{"start":{"line":179,"column":4},"end":{"line":179,"column":54}},"77":{"start":{"line":180,"column":4},"end":{"line":183,"column":7}},"78":{"start":{"line":186,"column":2},"end":{"line":188,"column":3}},"79":{"start":{"line":187,"column":4},"end":{"line":187,"column":72}},"80":{"start":{"line":190,"column":26},"end":{"line":193,"column":3}},"81":{"start":{"line":194,"column":2},"end":{"line":211,"column":3}},"82":{"start":{"line":195,"column":32},"end":{"line":195,"column":75}},"83":{"start":{"line":196,"column":4},"end":{"line":207,"column":5}},"84":{"start":{"line":197,"column":26},"end":{"line":197,"column":71}},"85":{"start":{"line":198,"column":6},"end":{"line":201,"column":9}},"86":{"start":{"line":202,"column":6},"end":{"line":202,"column":68}},"87":{"start":{"line":203,"column":6},"end":{"line":206,"column":9}},"88":{"start":{"line":209,"column":4},"end":{"line":209,"column":70}},"89":{"start":{"line":210,"column":4},"end":{"line":210,"column":80}},"90":{"start":{"line":213,"column":2},"end":{"line":215,"column":3}},"91":{"start":{"line":214,"column":4},"end":{"line":214,"column":72}},"92":{"start":{"line":217,"column":2},"end":{"line":217,"column":31}},"93":{"start":{"line":218,"column":2},"end":{"line":221,"column":5}},"94":{"start":{"line":225,"column":2},"end":{"line":226,"column":58}},"95":{"start":{"line":226,"column":4},"end":{"line":226,"column":58}},"96":{"start":{"line":227,"column":15},"end":{"line":227,"column":54}},"97":{"start":{"line":228,"column":2},"end":{"line":231,"column":6}},"98":{"start":{"line":229,"column":4},"end":{"line":231,"column":6}},"99":{"start":{"line":230,"column":6},"end":{"line":230,"column":52}},"100":{"start":{"line":232,"column":2},"end":{"line":232,"column":65}},"101":{"start":{"line":236,"column":2},"end":{"line":240,"column":5}},"102":{"start":{"line":237,"column":4},"end":{"line":237,"column":34}},"103":{"start":{"line":237,"column":15},"end":{"line":237,"column":34}},"104":{"start":{"line":238,"column":4},"end":{"line":238,"column":36}},"105":{"start":{"line":239,"column":4},"end":{"line":239,"column":43}},"106":{"start":{"line":243,"column":0},"end":{"line":252,"column":2}}},"fnMap":{"0":{"name":"register","decl":{"start":{"line":9,"column":15},"end":{"line":9,"column":23}},"loc":{"start":{"line":9,"column":34},"end":{"line":67,"column":1}},"line":9},"1":{"name":"profile","decl":{"start":{"line":69,"column":15},"end":{"line":69,"column":22}},"loc":{"start":{"line":69,"column":33},"end":{"line":93,"column":1}},"line":69},"2":{"name":"addresses","decl":{"start":{"line":95,"column":15},"end":{"line":95,"column":24}},"loc":{"start":{"line":95,"column":35},"end":{"line":104,"column":1}},"line":95},"3":{"name":"addAddress","decl":{"start":{"line":106,"column":15},"end":{"line":106,"column":25}},"loc":{"start":{"line":106,"column":36},"end":{"line":150,"column":1}},"line":106},"4":{"name":"(anonymous_4)","decl":{"start":{"line":116,"column":15},"end":{"line":116,"column":16}},"loc":{"start":{"line":116,"column":26},"end":{"line":116,"column":71}},"line":116},"5":{"name":"deleteAddress","decl":{"start":{"line":152,"column":15},"end":{"line":152,"column":28}},"loc":{"start":{"line":152,"column":39},"end":{"line":160,"column":1}},"line":152},"6":{"name":"login","decl":{"start":{"line":162,"column":15},"end":{"line":162,"column":20}},"loc":{"start":{"line":162,"column":31},"end":{"line":222,"column":1}},"line":162},"7":{"name":"me","decl":{"start":{"line":224,"column":15},"end":{"line":224,"column":17}},"loc":{"start":{"line":224,"column":28},"end":{"line":233,"column":1}},"line":224},"8":{"name":"(anonymous_8)","decl":{"start":{"line":229,"column":31},"end":{"line":229,"column":32}},"loc":{"start":{"line":230,"column":6},"end":{"line":230,"column":52}},"line":230},"9":{"name":"logout","decl":{"start":{"line":235,"column":9},"end":{"line":235,"column":15}},"loc":{"start":{"line":235,"column":32},"end":{"line":241,"column":1}},"line":235},"10":{"name":"(anonymous_10)","decl":{"start":{"line":236,"column":22},"end":{"line":236,"column":23}},"loc":{"start":{"line":236,"column":33},"end":{"line":240,"column":3}},"line":236}},"branchMap":{"0":{"loc":{"start":{"line":10,"column":23},"end":{"line":10,"column":43}},"type":"binary-expr","locations":[{"start":{"line":10,"column":23},"end":{"line":10,"column":37}},{"start":{"line":10,"column":41},"end":{"line":10,"column":43}}],"line":10},"1":{"loc":{"start":{"line":13,"column":22},"end":{"line":13,"column":41}},"type":"binary-expr","locations":[{"start":{"line":13,"column":22},"end":{"line":13,"column":35}},{"start":{"line":13,"column":39},"end":{"line":13,"column":41}}],"line":13},"2":{"loc":{"start":{"line":14,"column":26},"end":{"line":14,"column":49}},"type":"binary-expr","locations":[{"start":{"line":14,"column":26},"end":{"line":14,"column":43}},{"start":{"line":14,"column":47},"end":{"line":14,"column":49}}],"line":14},"3":{"loc":{"start":{"line":15,"column":38},"end":{"line":15,"column":73}},"type":"binary-expr","locations":[{"start":{"line":15,"column":38},"end":{"line":15,"column":67}},{"start":{"line":15,"column":71},"end":{"line":15,"column":73}}],"line":15},"4":{"loc":{"start":{"line":16,"column":23},"end":{"line":16,"column":43}},"type":"binary-expr","locations":[{"start":{"line":16,"column":23},"end":{"line":16,"column":37}},{"start":{"line":16,"column":41},"end":{"line":16,"column":43}}],"line":16},"5":{"loc":{"start":{"line":17,"column":25},"end":{"line":17,"column":47}},"type":"binary-expr","locations":[{"start":{"line":17,"column":25},"end":{"line":17,"column":41}},{"start":{"line":17,"column":45},"end":{"line":17,"column":47}}],"line":17},"6":{"loc":{"start":{"line":18,"column":22},"end":{"line":18,"column":41}},"type":"binary-expr","locations":[{"start":{"line":18,"column":22},"end":{"line":18,"column":35}},{"start":{"line":18,"column":39},"end":{"line":18,"column":41}}],"line":18},"7":{"loc":{"start":{"line":19,"column":26},"end":{"line":19,"column":49}},"type":"binary-expr","locations":[{"start":{"line":19,"column":26},"end":{"line":19,"column":43}},{"start":{"line":19,"column":47},"end":{"line":19,"column":49}}],"line":19},"8":{"loc":{"start":{"line":20,"column":26},"end":{"line":20,"column":49}},"type":"binary-expr","locations":[{"start":{"line":20,"column":26},"end":{"line":20,"column":43}},{"start":{"line":20,"column":47},"end":{"line":20,"column":49}}],"line":20},"9":{"loc":{"start":{"line":21,"column":2},"end":{"line":27,"column":3}},"type":"if","locations":[{"start":{"line":21,"column":2},"end":{"line":27,"column":3}},{"start":{},"end":{}}],"line":21},"10":{"loc":{"start":{"line":21,"column":6},"end":{"line":21,"column":77}},"type":"binary-expr","locations":[{"start":{"line":21,"column":6},"end":{"line":21,"column":11}},{"start":{"line":21,"column":15},"end":{"line":21,"column":21}},{"start":{"line":21,"column":25},"end":{"line":21,"column":54}},{"start":{"line":21,"column":58},"end":{"line":21,"column":77}}],"line":21},"11":{"loc":{"start":{"line":28,"column":2},"end":{"line":29,"column":78}},"type":"if","locations":[{"start":{"line":28,"column":2},"end":{"line":29,"column":78}},{"start":{},"end":{}}],"line":28},"12":{"loc":{"start":{"line":30,"column":2},"end":{"line":35,"column":9}},"type":"if","locations":[{"start":{"line":30,"column":2},"end":{"line":35,"column":9}},{"start":{},"end":{}}],"line":30},"13":{"loc":{"start":{"line":30,"column":6},"end":{"line":30,"column":37}},"type":"binary-expr","locations":[{"start":{"line":30,"column":6},"end":{"line":30,"column":12}},{"start":{"line":30,"column":16},"end":{"line":30,"column":24}},{"start":{"line":30,"column":28},"end":{"line":30,"column":37}}],"line":30},"14":{"loc":{"start":{"line":36,"column":2},"end":{"line":37,"column":75}},"type":"if","locations":[{"start":{"line":36,"column":2},"end":{"line":37,"column":75}},{"start":{},"end":{}}],"line":36},"15":{"loc":{"start":{"line":71,"column":2},"end":{"line":71,"column":77}},"type":"if","locations":[{"start":{"line":71,"column":2},"end":{"line":71,"column":77}},{"start":{},"end":{}}],"line":71},"16":{"loc":{"start":{"line":72,"column":22},"end":{"line":72,"column":41}},"type":"binary-expr","locations":[{"start":{"line":72,"column":22},"end":{"line":72,"column":35}},{"start":{"line":72,"column":39},"end":{"line":72,"column":41}}],"line":72},"17":{"loc":{"start":{"line":73,"column":23},"end":{"line":73,"column":43}},"type":"binary-expr","locations":[{"start":{"line":73,"column":23},"end":{"line":73,"column":37}},{"start":{"line":73,"column":41},"end":{"line":73,"column":43}}],"line":73},"18":{"loc":{"start":{"line":74,"column":2},"end":{"line":75,"column":79}},"type":"if","locations":[{"start":{"line":74,"column":2},"end":{"line":75,"column":79}},{"start":{},"end":{}}],"line":74},"19":{"loc":{"start":{"line":77,"column":2},"end":{"line":87,"column":3}},"type":"if","locations":[{"start":{"line":77,"column":2},"end":{"line":87,"column":3}},{"start":{},"end":{}}],"line":77},"20":{"loc":{"start":{"line":78,"column":4},"end":{"line":81,"column":71}},"type":"if","locations":[{"start":{"line":78,"column":4},"end":{"line":81,"column":71}},{"start":{},"end":{}}],"line":78},"21":{"loc":{"start":{"line":84,"column":9},"end":{"line":84,"column":56}},"type":"binary-expr","locations":[{"start":{"line":84,"column":9},"end":{"line":84,"column":38}},{"start":{"line":84,"column":42},"end":{"line":84,"column":56}}],"line":84},"22":{"loc":{"start":{"line":116,"column":41},"end":{"line":116,"column":62}},"type":"binary-expr","locations":[{"start":{"line":116,"column":41},"end":{"line":116,"column":56}},{"start":{"line":116,"column":60},"end":{"line":116,"column":62}}],"line":116},"23":{"loc":{"start":{"line":118,"column":2},"end":{"line":123,"column":3}},"type":"if","locations":[{"start":{"line":118,"column":2},"end":{"line":123,"column":3}},{"start":{},"end":{}}],"line":118},"24":{"loc":{"start":{"line":122,"column":24},"end":{"line":122,"column":41}},"type":"binary-expr","locations":[{"start":{"line":122,"column":24},"end":{"line":122,"column":35}},{"start":{"line":122,"column":39},"end":{"line":122,"column":41}}],"line":122},"25":{"loc":{"start":{"line":124,"column":2},"end":{"line":130,"column":9}},"type":"if","locations":[{"start":{"line":124,"column":2},"end":{"line":130,"column":9}},{"start":{},"end":{}}],"line":124},"26":{"loc":{"start":{"line":124,"column":6},"end":{"line":124,"column":75}},"type":"binary-expr","locations":[{"start":{"line":124,"column":6},"end":{"line":124,"column":25}},{"start":{"line":124,"column":29},"end":{"line":124,"column":40}},{"start":{"line":124,"column":44},"end":{"line":124,"column":57}},{"start":{"line":124,"column":61},"end":{"line":124,"column":75}}],"line":124},"27":{"loc":{"start":{"line":137,"column":16},"end":{"line":137,"column":59}},"type":"binary-expr","locations":[{"start":{"line":137,"column":16},"end":{"line":137,"column":27}},{"start":{"line":137,"column":31},"end":{"line":137,"column":59}}],"line":137},"28":{"loc":{"start":{"line":139,"column":2},"end":{"line":148,"column":6}},"type":"if","locations":[{"start":{"line":139,"column":2},"end":{"line":148,"column":6}},{"start":{},"end":{}}],"line":139},"29":{"loc":{"start":{"line":156,"column":2},"end":{"line":157,"column":72}},"type":"if","locations":[{"start":{"line":156,"column":2},"end":{"line":157,"column":72}},{"start":{},"end":{}}],"line":156},"30":{"loc":{"start":{"line":163,"column":23},"end":{"line":163,"column":43}},"type":"binary-expr","locations":[{"start":{"line":163,"column":23},"end":{"line":163,"column":37}},{"start":{"line":163,"column":41},"end":{"line":163,"column":43}}],"line":163},"31":{"loc":{"start":{"line":167,"column":2},"end":{"line":169,"column":3}},"type":"if","locations":[{"start":{"line":167,"column":2},"end":{"line":169,"column":3}},{"start":{},"end":{}}],"line":167},"32":{"loc":{"start":{"line":171,"column":2},"end":{"line":172,"column":70}},"type":"if","locations":[{"start":{"line":171,"column":2},"end":{"line":172,"column":70}},{"start":{},"end":{}}],"line":171},"33":{"loc":{"start":{"line":175,"column":2},"end":{"line":184,"column":3}},"type":"if","locations":[{"start":{"line":175,"column":2},"end":{"line":184,"column":3}},{"start":{},"end":{}}],"line":175},"34":{"loc":{"start":{"line":175,"column":6},"end":{"line":175,"column":60}},"type":"binary-expr","locations":[{"start":{"line":175,"column":6},"end":{"line":175,"column":23}},{"start":{"line":175,"column":27},"end":{"line":175,"column":60}}],"line":175},"35":{"loc":{"start":{"line":186,"column":2},"end":{"line":188,"column":3}},"type":"if","locations":[{"start":{"line":186,"column":2},"end":{"line":188,"column":3}},{"start":{},"end":{}}],"line":186},"36":{"loc":{"start":{"line":191,"column":11},"end":{"line":191,"column":34}},"type":"binary-expr","locations":[{"start":{"line":191,"column":11},"end":{"line":191,"column":28}},{"start":{"line":191,"column":32},"end":{"line":191,"column":34}}],"line":191},"37":{"loc":{"start":{"line":194,"column":2},"end":{"line":211,"column":3}},"type":"if","locations":[{"start":{"line":194,"column":2},"end":{"line":211,"column":3}},{"start":{},"end":{}}],"line":194},"38":{"loc":{"start":{"line":195,"column":39},"end":{"line":195,"column":70}},"type":"binary-expr","locations":[{"start":{"line":195,"column":39},"end":{"line":195,"column":65}},{"start":{"line":195,"column":69},"end":{"line":195,"column":70}}],"line":195},"39":{"loc":{"start":{"line":196,"column":4},"end":{"line":207,"column":5}},"type":"if","locations":[{"start":{"line":196,"column":4},"end":{"line":207,"column":5}},{"start":{},"end":{}}],"line":196},"40":{"loc":{"start":{"line":213,"column":2},"end":{"line":215,"column":3}},"type":"if","locations":[{"start":{"line":213,"column":2},"end":{"line":215,"column":3}},{"start":{},"end":{}}],"line":213},"41":{"loc":{"start":{"line":213,"column":6},"end":{"line":213,"column":53}},"type":"binary-expr","locations":[{"start":{"line":213,"column":6},"end":{"line":213,"column":32}},{"start":{"line":213,"column":36},"end":{"line":213,"column":53}}],"line":213},"42":{"loc":{"start":{"line":225,"column":2},"end":{"line":226,"column":58}},"type":"if","locations":[{"start":{"line":225,"column":2},"end":{"line":226,"column":58}},{"start":{},"end":{}}],"line":225},"43":{"loc":{"start":{"line":228,"column":2},"end":{"line":231,"column":6}},"type":"if","locations":[{"start":{"line":228,"column":2},"end":{"line":231,"column":6}},{"start":{},"end":{}}],"line":228},"44":{"loc":{"start":{"line":228,"column":6},"end":{"line":228,"column":40}},"type":"binary-expr","locations":[{"start":{"line":228,"column":6},"end":{"line":228,"column":11}},{"start":{"line":228,"column":15},"end":{"line":228,"column":40}}],"line":228},"45":{"loc":{"start":{"line":237,"column":4},"end":{"line":237,"column":34}},"type":"if","locations":[{"start":{"line":237,"column":4},"end":{"line":237,"column":34}},{"start":{},"end":{}}],"line":237}},"s":{"0":2,"1":2,"2":2,"3":2,"4":2,"5":2,"6":21,"7":21,"8":21,"9":21,"10":21,"11":21,"12":21,"13":21,"14":21,"15":21,"16":8,"17":13,"18":2,"19":11,"20":3,"21":8,"22":1,"23":7,"24":7,"25":7,"26":7,"27":6,"28":1,"29":1,"30":6,"31":6,"32":0,"33":0,"34":0,"35":0,"36":0,"37":0,"38":0,"39":0,"40":0,"41":0,"42":0,"43":0,"44":0,"45":0,"46":0,"47":0,"48":0,"49":0,"50":0,"51":0,"52":0,"53":0,"54":0,"55":0,"56":0,"57":0,"58":0,"59":0,"60":0,"61":0,"62":0,"63":0,"64":0,"65":0,"66":0,"67":8,"68":8,"69":8,"70":2,"71":6,"72":1,"73":5,"74":5,"75":1,"76":1,"77":1,"78":4,"79":1,"80":4,"81":4,"82":2,"83":2,"84":1,"85":1,"86":1,"87":1,"88":1,"89":1,"90":2,"91":1,"92":2,"93":2,"94":0,"95":0,"96":0,"97":0,"98":0,"99":0,"100":0,"101":0,"102":0,"103":0,"104":0,"105":0,"106":2},"f":{"0":21,"1":0,"2":0,"3":0,"4":0,"5":0,"6":8,"7":0,"8":0,"9":0,"10":0},"b":{"0":[21,1],"1":[21,1],"2":[21,1],"3":[21,1],"4":[21,1],"5":[21,1],"6":[21,1],"7":[21,1],"8":[21,1],"9":[8,13],"10":[21,19,18,15],"11":[2,11],"12":[3,8],"13":[11,10,9],"14":[1,7],"15":[0,0],"16":[0,0],"17":[0,0],"18":[0,0],"19":[0,0],"20":[0,0],"21":[0,0],"22":[0,0],"23":[0,0],"24":[0,0],"25":[0,0],"26":[0,0,0,0],"27":[0,0],"28":[0,0],"29":[0,0],"30":[8,1],"31":[2,6],"32":[1,5],"33":[1,4],"34":[5,2],"35":[1,3],"36":[4,0],"37":[2,2],"38":[2,0],"39":[1,1],"40":[1,1],"41":[2,1],"42":[0,0],"43":[0,0],"44":[0,0],"45":[0,0]},"_coverageSchema":"1a1c01bbd47fc00a2c39e90264f33305004495a9","hash":"2bfee68bb1792632553141ec719cc28e221fd3e1"}
,"C:\\backend0\\src\\controllers\\bannerController.js": {"path":"C:\\backend0\\src\\controllers\\bannerController.js","statementMap":{"0":{"start":{"line":1,"column":11},"end":{"line":1,"column":31}},"1":{"start":{"line":2,"column":24},"end":{"line":2,"column":73}},"2":{"start":{"line":3,"column":24},"end":{"line":3,"column":73}},"3":{"start":{"line":4,"column":22},"end":{"line":4,"column":69}},"4":{"start":{"line":7,"column":18},"end":{"line":7,"column":161}},"5":{"start":{"line":9,"column":2},"end":{"line":12,"column":5}},"6":{"start":{"line":11,"column":34},"end":{"line":11,"column":59}},"7":{"start":{"line":16,"column":17},"end":{"line":16,"column":27}},"8":{"start":{"line":17,"column":17},"end":{"line":17,"column":202}},"9":{"start":{"line":19,"column":2},"end":{"line":23,"column":3}},"10":{"start":{"line":20,"column":4},"end":{"line":22,"column":7}},"11":{"start":{"line":25,"column":2},"end":{"line":28,"column":5}},"12":{"start":{"line":32,"column":21},"end":{"line":32,"column":50}},"13":{"start":{"line":33,"column":17},"end":{"line":33,"column":51}},"14":{"start":{"line":35,"column":2},"end":{"line":38,"column":5}},"15":{"start":{"line":42,"column":17},"end":{"line":42,"column":27}},"16":{"start":{"line":43,"column":17},"end":{"line":43,"column":45}},"17":{"start":{"line":45,"column":2},"end":{"line":49,"column":3}},"18":{"start":{"line":46,"column":4},"end":{"line":48,"column":7}},"19":{"start":{"line":51,"column":21},"end":{"line":51,"column":50}},"20":{"start":{"line":52,"column":2},"end":{"line":52,"column":34}},"21":{"start":{"line":54,"column":2},"end":{"line":57,"column":5}},"22":{"start":{"line":61,"column":17},"end":{"line":61,"column":27}},"23":{"start":{"line":62,"column":17},"end":{"line":62,"column":45}},"24":{"start":{"line":64,"column":2},"end":{"line":68,"column":3}},"25":{"start":{"line":65,"column":4},"end":{"line":67,"column":7}},"26":{"start":{"line":70,"column":2},"end":{"line":70,"column":25}},"27":{"start":{"line":72,"column":2},"end":{"line":74,"column":5}},"28":{"start":{"line":77,"column":0},"end":{"line":83,"column":2}}},"fnMap":{"0":{"name":"getBanners","decl":{"start":{"line":6,"column":15},"end":{"line":6,"column":25}},"loc":{"start":{"line":6,"column":36},"end":{"line":13,"column":1}},"line":6},"1":{"name":"(anonymous_1)","decl":{"start":{"line":11,"column":22},"end":{"line":11,"column":23}},"loc":{"start":{"line":11,"column":34},"end":{"line":11,"column":59}},"line":11},"2":{"name":"getBannersBYID","decl":{"start":{"line":15,"column":15},"end":{"line":15,"column":29}},"loc":{"start":{"line":15,"column":40},"end":{"line":29,"column":1}},"line":15},"3":{"name":"insertBanners","decl":{"start":{"line":31,"column":15},"end":{"line":31,"column":28}},"loc":{"start":{"line":31,"column":39},"end":{"line":39,"column":1}},"line":31},"4":{"name":"updateBanners","decl":{"start":{"line":41,"column":15},"end":{"line":41,"column":28}},"loc":{"start":{"line":41,"column":39},"end":{"line":58,"column":1}},"line":41},"5":{"name":"deleteBanners","decl":{"start":{"line":60,"column":15},"end":{"line":60,"column":28}},"loc":{"start":{"line":60,"column":39},"end":{"line":75,"column":1}},"line":60}},"branchMap":{"0":{"loc":{"start":{"line":19,"column":2},"end":{"line":23,"column":3}},"type":"if","locations":[{"start":{"line":19,"column":2},"end":{"line":23,"column":3}},{"start":{},"end":{}}],"line":19},"1":{"loc":{"start":{"line":45,"column":2},"end":{"line":49,"column":3}},"type":"if","locations":[{"start":{"line":45,"column":2},"end":{"line":49,"column":3}},{"start":{},"end":{}}],"line":45},"2":{"loc":{"start":{"line":64,"column":2},"end":{"line":68,"column":3}},"type":"if","locations":[{"start":{"line":64,"column":2},"end":{"line":68,"column":3}},{"start":{},"end":{}}],"line":64}},"s":{"0":1,"1":1,"2":1,"3":1,"4":0,"5":0,"6":0,"7":0,"8":0,"9":0,"10":0,"11":0,"12":1,"13":1,"14":1,"15":2,"16":2,"17":2,"18":1,"19":1,"20":1,"21":1,"22":2,"23":2,"24":2,"25":1,"26":1,"27":1,"28":1},"f":{"0":0,"1":0,"2":0,"3":1,"4":2,"5":2},"b":{"0":[0,0],"1":[1,1],"2":[1,1]},"_coverageSchema":"1a1c01bbd47fc00a2c39e90264f33305004495a9","hash":"1ff6b47bfe5e4d48655ae115bef26e752ad5cccc"}
,"C:\\backend0\\src\\controllers\\brandController.js": {"path":"C:\\backend0\\src\\controllers\\brandController.js","statementMap":{"0":{"start":{"line":1,"column":11},"end":{"line":1,"column":31}},"1":{"start":{"line":2,"column":23},"end":{"line":2,"column":70}},"2":{"start":{"line":3,"column":23},"end":{"line":3,"column":70}},"3":{"start":{"line":4,"column":21},"end":{"line":4,"column":66}},"4":{"start":{"line":7,"column":17},"end":{"line":7,"column":141}},"5":{"start":{"line":9,"column":2},"end":{"line":12,"column":5}},"6":{"start":{"line":11,"column":32},"end":{"line":11,"column":55}},"7":{"start":{"line":16,"column":17},"end":{"line":16,"column":27}},"8":{"start":{"line":17,"column":16},"end":{"line":17,"column":161}},"9":{"start":{"line":19,"column":2},"end":{"line":23,"column":3}},"10":{"start":{"line":20,"column":4},"end":{"line":22,"column":7}},"11":{"start":{"line":25,"column":2},"end":{"line":28,"column":5}},"12":{"start":{"line":32,"column":20},"end":{"line":32,"column":48}},"13":{"start":{"line":33,"column":16},"end":{"line":33,"column":48}},"14":{"start":{"line":35,"column":2},"end":{"line":38,"column":5}},"15":{"start":{"line":42,"column":17},"end":{"line":42,"column":27}},"16":{"start":{"line":43,"column":16},"end":{"line":43,"column":43}},"17":{"start":{"line":45,"column":2},"end":{"line":49,"column":3}},"18":{"start":{"line":46,"column":4},"end":{"line":48,"column":7}},"19":{"start":{"line":51,"column":20},"end":{"line":51,"column":48}},"20":{"start":{"line":52,"column":2},"end":{"line":52,"column":32}},"21":{"start":{"line":54,"column":2},"end":{"line":57,"column":5}},"22":{"start":{"line":61,"column":17},"end":{"line":61,"column":27}},"23":{"start":{"line":62,"column":16},"end":{"line":62,"column":43}},"24":{"start":{"line":64,"column":2},"end":{"line":68,"column":3}},"25":{"start":{"line":65,"column":4},"end":{"line":67,"column":7}},"26":{"start":{"line":70,"column":2},"end":{"line":70,"column":24}},"27":{"start":{"line":72,"column":2},"end":{"line":74,"column":5}},"28":{"start":{"line":77,"column":0},"end":{"line":83,"column":2}}},"fnMap":{"0":{"name":"getBrands","decl":{"start":{"line":6,"column":15},"end":{"line":6,"column":24}},"loc":{"start":{"line":6,"column":35},"end":{"line":13,"column":1}},"line":6},"1":{"name":"(anonymous_1)","decl":{"start":{"line":11,"column":21},"end":{"line":11,"column":22}},"loc":{"start":{"line":11,"column":32},"end":{"line":11,"column":55}},"line":11},"2":{"name":"getBrandsBYID","decl":{"start":{"line":15,"column":15},"end":{"line":15,"column":28}},"loc":{"start":{"line":15,"column":39},"end":{"line":29,"column":1}},"line":15},"3":{"name":"insertBrands","decl":{"start":{"line":31,"column":15},"end":{"line":31,"column":27}},"loc":{"start":{"line":31,"column":38},"end":{"line":39,"column":1}},"line":31},"4":{"name":"updateBrands","decl":{"start":{"line":41,"column":15},"end":{"line":41,"column":27}},"loc":{"start":{"line":41,"column":38},"end":{"line":58,"column":1}},"line":41},"5":{"name":"deleteBrands","decl":{"start":{"line":60,"column":15},"end":{"line":60,"column":27}},"loc":{"start":{"line":60,"column":38},"end":{"line":75,"column":1}},"line":60}},"branchMap":{"0":{"loc":{"start":{"line":19,"column":2},"end":{"line":23,"column":3}},"type":"if","locations":[{"start":{"line":19,"column":2},"end":{"line":23,"column":3}},{"start":{},"end":{}}],"line":19},"1":{"loc":{"start":{"line":45,"column":2},"end":{"line":49,"column":3}},"type":"if","locations":[{"start":{"line":45,"column":2},"end":{"line":49,"column":3}},{"start":{},"end":{}}],"line":45},"2":{"loc":{"start":{"line":64,"column":2},"end":{"line":68,"column":3}},"type":"if","locations":[{"start":{"line":64,"column":2},"end":{"line":68,"column":3}},{"start":{},"end":{}}],"line":64}},"s":{"0":1,"1":1,"2":1,"3":1,"4":0,"5":0,"6":0,"7":0,"8":0,"9":0,"10":0,"11":0,"12":1,"13":1,"14":1,"15":2,"16":2,"17":2,"18":1,"19":1,"20":1,"21":1,"22":2,"23":2,"24":2,"25":1,"26":1,"27":1,"28":1},"f":{"0":0,"1":0,"2":0,"3":1,"4":2,"5":2},"b":{"0":[0,0],"1":[1,1],"2":[1,1]},"_coverageSchema":"1a1c01bbd47fc00a2c39e90264f33305004495a9","hash":"0d5aee850f977e54787112b875349df2e6849dfd"}
,"C:\\backend0\\src\\controllers\\categoryController.js": {"path":"C:\\backend0\\src\\controllers\\categoryController.js","statementMap":{"0":{"start":{"line":1,"column":11},"end":{"line":1,"column":31}},"1":{"start":{"line":2,"column":26},"end":{"line":2,"column":79}},"2":{"start":{"line":3,"column":26},"end":{"line":3,"column":79}},"3":{"start":{"line":4,"column":24},"end":{"line":4,"column":75}},"4":{"start":{"line":7,"column":21},"end":{"line":7,"column":48}},"5":{"start":{"line":9,"column":2},"end":{"line":12,"column":5}},"6":{"start":{"line":11,"column":39},"end":{"line":11,"column":68}},"7":{"start":{"line":16,"column":17},"end":{"line":16,"column":27}},"8":{"start":{"line":17,"column":19},"end":{"line":17,"column":49}},"9":{"start":{"line":19,"column":2},"end":{"line":23,"column":3}},"10":{"start":{"line":20,"column":4},"end":{"line":22,"column":7}},"11":{"start":{"line":25,"column":2},"end":{"line":28,"column":5}},"12":{"start":{"line":32,"column":23},"end":{"line":32,"column":54}},"13":{"start":{"line":33,"column":19},"end":{"line":33,"column":57}},"14":{"start":{"line":35,"column":2},"end":{"line":38,"column":5}},"15":{"start":{"line":42,"column":17},"end":{"line":42,"column":27}},"16":{"start":{"line":43,"column":19},"end":{"line":43,"column":49}},"17":{"start":{"line":45,"column":2},"end":{"line":49,"column":3}},"18":{"start":{"line":46,"column":4},"end":{"line":48,"column":7}},"19":{"start":{"line":51,"column":23},"end":{"line":51,"column":54}},"20":{"start":{"line":52,"column":2},"end":{"line":52,"column":38}},"21":{"start":{"line":54,"column":2},"end":{"line":57,"column":5}},"22":{"start":{"line":61,"column":17},"end":{"line":61,"column":27}},"23":{"start":{"line":62,"column":19},"end":{"line":62,"column":49}},"24":{"start":{"line":64,"column":2},"end":{"line":68,"column":3}},"25":{"start":{"line":65,"column":4},"end":{"line":67,"column":7}},"26":{"start":{"line":70,"column":2},"end":{"line":70,"column":27}},"27":{"start":{"line":72,"column":2},"end":{"line":74,"column":5}},"28":{"start":{"line":77,"column":0},"end":{"line":83,"column":2}}},"fnMap":{"0":{"name":"getCategories","decl":{"start":{"line":6,"column":15},"end":{"line":6,"column":28}},"loc":{"start":{"line":6,"column":39},"end":{"line":13,"column":1}},"line":6},"1":{"name":"(anonymous_1)","decl":{"start":{"line":11,"column":25},"end":{"line":11,"column":26}},"loc":{"start":{"line":11,"column":39},"end":{"line":11,"column":68}},"line":11},"2":{"name":"getCategoriesBYID","decl":{"start":{"line":15,"column":15},"end":{"line":15,"column":32}},"loc":{"start":{"line":15,"column":43},"end":{"line":29,"column":1}},"line":15},"3":{"name":"insertCategories","decl":{"start":{"line":31,"column":15},"end":{"line":31,"column":31}},"loc":{"start":{"line":31,"column":42},"end":{"line":39,"column":1}},"line":31},"4":{"name":"updateCategories","decl":{"start":{"line":41,"column":15},"end":{"line":41,"column":31}},"loc":{"start":{"line":41,"column":42},"end":{"line":58,"column":1}},"line":41},"5":{"name":"deleteCategories","decl":{"start":{"line":60,"column":15},"end":{"line":60,"column":31}},"loc":{"start":{"line":60,"column":42},"end":{"line":75,"column":1}},"line":60}},"branchMap":{"0":{"loc":{"start":{"line":19,"column":2},"end":{"line":23,"column":3}},"type":"if","locations":[{"start":{"line":19,"column":2},"end":{"line":23,"column":3}},{"start":{},"end":{}}],"line":19},"1":{"loc":{"start":{"line":45,"column":2},"end":{"line":49,"column":3}},"type":"if","locations":[{"start":{"line":45,"column":2},"end":{"line":49,"column":3}},{"start":{},"end":{}}],"line":45},"2":{"loc":{"start":{"line":64,"column":2},"end":{"line":68,"column":3}},"type":"if","locations":[{"start":{"line":64,"column":2},"end":{"line":68,"column":3}},{"start":{},"end":{}}],"line":64}},"s":{"0":1,"1":1,"2":1,"3":1,"4":0,"5":0,"6":0,"7":0,"8":0,"9":0,"10":0,"11":0,"12":1,"13":1,"14":1,"15":2,"16":2,"17":2,"18":1,"19":1,"20":1,"21":1,"22":2,"23":2,"24":2,"25":1,"26":1,"27":1,"28":1},"f":{"0":0,"1":0,"2":0,"3":1,"4":2,"5":2},"b":{"0":[0,0],"1":[1,1],"2":[1,1]},"_coverageSchema":"1a1c01bbd47fc00a2c39e90264f33305004495a9","hash":"8ac51a3d58190d72d73e190ec6747dccf28397dd"}
,"C:\\backend0\\src\\controllers\\couponController.js": {"path":"C:\\backend0\\src\\controllers\\couponController.js","statementMap":{"0":{"start":{"line":1,"column":11},"end":{"line":1,"column":31}},"1":{"start":{"line":2,"column":24},"end":{"line":2,"column":73}},"2":{"start":{"line":3,"column":24},"end":{"line":3,"column":73}},"3":{"start":{"line":4,"column":22},"end":{"line":4,"column":69}},"4":{"start":{"line":7,"column":18},"end":{"line":7,"column":43}},"5":{"start":{"line":9,"column":2},"end":{"line":12,"column":5}},"6":{"start":{"line":11,"column":34},"end":{"line":11,"column":59}},"7":{"start":{"line":16,"column":17},"end":{"line":16,"column":27}},"8":{"start":{"line":17,"column":17},"end":{"line":17,"column":45}},"9":{"start":{"line":19,"column":2},"end":{"line":23,"column":3}},"10":{"start":{"line":20,"column":4},"end":{"line":22,"column":7}},"11":{"start":{"line":25,"column":2},"end":{"line":28,"column":5}},"12":{"start":{"line":32,"column":21},"end":{"line":32,"column":50}},"13":{"start":{"line":33,"column":17},"end":{"line":33,"column":51}},"14":{"start":{"line":35,"column":2},"end":{"line":38,"column":5}},"15":{"start":{"line":42,"column":17},"end":{"line":42,"column":27}},"16":{"start":{"line":43,"column":17},"end":{"line":43,"column":45}},"17":{"start":{"line":45,"column":2},"end":{"line":49,"column":3}},"18":{"start":{"line":46,"column":4},"end":{"line":48,"column":7}},"19":{"start":{"line":51,"column":21},"end":{"line":51,"column":50}},"20":{"start":{"line":52,"column":2},"end":{"line":52,"column":34}},"21":{"start":{"line":54,"column":2},"end":{"line":57,"column":5}},"22":{"start":{"line":61,"column":17},"end":{"line":61,"column":27}},"23":{"start":{"line":62,"column":17},"end":{"line":62,"column":45}},"24":{"start":{"line":64,"column":2},"end":{"line":68,"column":3}},"25":{"start":{"line":65,"column":4},"end":{"line":67,"column":7}},"26":{"start":{"line":70,"column":2},"end":{"line":70,"column":25}},"27":{"start":{"line":72,"column":2},"end":{"line":74,"column":5}},"28":{"start":{"line":77,"column":0},"end":{"line":83,"column":2}}},"fnMap":{"0":{"name":"getCoupons","decl":{"start":{"line":6,"column":15},"end":{"line":6,"column":25}},"loc":{"start":{"line":6,"column":36},"end":{"line":13,"column":1}},"line":6},"1":{"name":"(anonymous_1)","decl":{"start":{"line":11,"column":22},"end":{"line":11,"column":23}},"loc":{"start":{"line":11,"column":34},"end":{"line":11,"column":59}},"line":11},"2":{"name":"getCouponsBYID","decl":{"start":{"line":15,"column":15},"end":{"line":15,"column":29}},"loc":{"start":{"line":15,"column":40},"end":{"line":29,"column":1}},"line":15},"3":{"name":"insertCoupons","decl":{"start":{"line":31,"column":15},"end":{"line":31,"column":28}},"loc":{"start":{"line":31,"column":39},"end":{"line":39,"column":1}},"line":31},"4":{"name":"updateCoupons","decl":{"start":{"line":41,"column":15},"end":{"line":41,"column":28}},"loc":{"start":{"line":41,"column":39},"end":{"line":58,"column":1}},"line":41},"5":{"name":"deleteCoupons","decl":{"start":{"line":60,"column":15},"end":{"line":60,"column":28}},"loc":{"start":{"line":60,"column":39},"end":{"line":75,"column":1}},"line":60}},"branchMap":{"0":{"loc":{"start":{"line":19,"column":2},"end":{"line":23,"column":3}},"type":"if","locations":[{"start":{"line":19,"column":2},"end":{"line":23,"column":3}},{"start":{},"end":{}}],"line":19},"1":{"loc":{"start":{"line":45,"column":2},"end":{"line":49,"column":3}},"type":"if","locations":[{"start":{"line":45,"column":2},"end":{"line":49,"column":3}},{"start":{},"end":{}}],"line":45},"2":{"loc":{"start":{"line":64,"column":2},"end":{"line":68,"column":3}},"type":"if","locations":[{"start":{"line":64,"column":2},"end":{"line":68,"column":3}},{"start":{},"end":{}}],"line":64}},"s":{"0":1,"1":1,"2":1,"3":1,"4":0,"5":0,"6":0,"7":0,"8":0,"9":0,"10":0,"11":0,"12":1,"13":1,"14":1,"15":2,"16":2,"17":2,"18":1,"19":1,"20":1,"21":1,"22":2,"23":2,"24":2,"25":1,"26":1,"27":1,"28":1},"f":{"0":0,"1":0,"2":0,"3":1,"4":2,"5":2},"b":{"0":[0,0],"1":[1,1],"2":[1,1]},"_coverageSchema":"1a1c01bbd47fc00a2c39e90264f33305004495a9","hash":"d7bd9064209e8deb1dda6ad82f1574f63702a4d7"}
,"C:\\backend0\\src\\controllers\\newsController.js": {"path":"C:\\backend0\\src\\controllers\\newsController.js","statementMap":{"0":{"start":{"line":1,"column":11},"end":{"line":1,"column":31}},"1":{"start":{"line":2,"column":22},"end":{"line":2,"column":67}},"2":{"start":{"line":3,"column":22},"end":{"line":3,"column":67}},"3":{"start":{"line":4,"column":20},"end":{"line":4,"column":63}},"4":{"start":{"line":5,"column":25},"end":{"line":5,"column":60}},"5":{"start":{"line":8,"column":15},"end":{"line":8,"column":38}},"6":{"start":{"line":10,"column":2},"end":{"line":13,"column":5}},"7":{"start":{"line":12,"column":29},"end":{"line":12,"column":50}},"8":{"start":{"line":17,"column":17},"end":{"line":17,"column":27}},"9":{"start":{"line":18,"column":15},"end":{"line":18,"column":41}},"10":{"start":{"line":20,"column":2},"end":{"line":24,"column":3}},"11":{"start":{"line":21,"column":4},"end":{"line":23,"column":7}},"12":{"start":{"line":27,"column":2},"end":{"line":27,"column":48}},"13":{"start":{"line":29,"column":2},"end":{"line":32,"column":5}},"14":{"start":{"line":36,"column":19},"end":{"line":36,"column":46}},"15":{"start":{"line":37,"column":15},"end":{"line":37,"column":45}},"16":{"start":{"line":39,"column":2},"end":{"line":42,"column":5}},"17":{"start":{"line":46,"column":17},"end":{"line":46,"column":27}},"18":{"start":{"line":47,"column":15},"end":{"line":47,"column":41}},"19":{"start":{"line":49,"column":2},"end":{"line":53,"column":3}},"20":{"start":{"line":50,"column":4},"end":{"line":52,"column":7}},"21":{"start":{"line":55,"column":19},"end":{"line":55,"column":46}},"22":{"start":{"line":56,"column":2},"end":{"line":56,"column":30}},"23":{"start":{"line":58,"column":2},"end":{"line":61,"column":5}},"24":{"start":{"line":65,"column":17},"end":{"line":65,"column":27}},"25":{"start":{"line":66,"column":15},"end":{"line":66,"column":41}},"26":{"start":{"line":68,"column":2},"end":{"line":72,"column":3}},"27":{"start":{"line":69,"column":4},"end":{"line":71,"column":7}},"28":{"start":{"line":74,"column":2},"end":{"line":74,"column":23}},"29":{"start":{"line":76,"column":2},"end":{"line":78,"column":5}},"30":{"start":{"line":81,"column":0},"end":{"line":87,"column":2}}},"fnMap":{"0":{"name":"getNews","decl":{"start":{"line":7,"column":15},"end":{"line":7,"column":22}},"loc":{"start":{"line":7,"column":33},"end":{"line":14,"column":1}},"line":7},"1":{"name":"(anonymous_1)","decl":{"start":{"line":12,"column":19},"end":{"line":12,"column":20}},"loc":{"start":{"line":12,"column":29},"end":{"line":12,"column":50}},"line":12},"2":{"name":"getNewsBYID","decl":{"start":{"line":16,"column":15},"end":{"line":16,"column":26}},"loc":{"start":{"line":16,"column":37},"end":{"line":33,"column":1}},"line":16},"3":{"name":"insertNews","decl":{"start":{"line":35,"column":15},"end":{"line":35,"column":25}},"loc":{"start":{"line":35,"column":36},"end":{"line":43,"column":1}},"line":35},"4":{"name":"updateNews","decl":{"start":{"line":45,"column":15},"end":{"line":45,"column":25}},"loc":{"start":{"line":45,"column":36},"end":{"line":62,"column":1}},"line":45},"5":{"name":"deleteNews","decl":{"start":{"line":64,"column":15},"end":{"line":64,"column":25}},"loc":{"start":{"line":64,"column":36},"end":{"line":79,"column":1}},"line":64}},"branchMap":{"0":{"loc":{"start":{"line":20,"column":2},"end":{"line":24,"column":3}},"type":"if","locations":[{"start":{"line":20,"column":2},"end":{"line":24,"column":3}},{"start":{},"end":{}}],"line":20},"1":{"loc":{"start":{"line":49,"column":2},"end":{"line":53,"column":3}},"type":"if","locations":[{"start":{"line":49,"column":2},"end":{"line":53,"column":3}},{"start":{},"end":{}}],"line":49},"2":{"loc":{"start":{"line":68,"column":2},"end":{"line":72,"column":3}},"type":"if","locations":[{"start":{"line":68,"column":2},"end":{"line":72,"column":3}},{"start":{},"end":{}}],"line":68}},"s":{"0":1,"1":1,"2":1,"3":1,"4":1,"5":0,"6":0,"7":0,"8":0,"9":0,"10":0,"11":0,"12":0,"13":0,"14":1,"15":1,"16":1,"17":2,"18":2,"19":2,"20":1,"21":1,"22":1,"23":1,"24":2,"25":2,"26":2,"27":1,"28":1,"29":1,"30":1},"f":{"0":0,"1":0,"2":0,"3":1,"4":2,"5":2},"b":{"0":[0,0],"1":[1,1],"2":[1,1]},"_coverageSchema":"1a1c01bbd47fc00a2c39e90264f33305004495a9","hash":"2eda84fbf951812c16b60bb4fbf931ec974f5871"}
,"C:\\backend0\\src\\controllers\\paymentController.js": {"path":"C:\\backend0\\src\\controllers\\paymentController.js","statementMap":{"0":{"start":{"line":1,"column":11},"end":{"line":1,"column":31}},"1":{"start":{"line":2,"column":23},"end":{"line":2,"column":60}},"2":{"start":{"line":4,"column":19},"end":{"line":6,"column":38}},"3":{"start":{"line":8,"column":24},"end":{"line":12,"column":1}},"4":{"start":{"line":9,"column":15},"end":{"line":9,"column":62}},"5":{"start":{"line":10,"column":2},"end":{"line":10,"column":95}},"6":{"start":{"line":10,"column":43},"end":{"line":10,"column":95}},"7":{"start":{"line":11,"column":2},"end":{"line":11,"column":14}},"8":{"start":{"line":15,"column":19},"end":{"line":15,"column":47}},"9":{"start":{"line":16,"column":17},"end":{"line":16,"column":49}},"10":{"start":{"line":17,"column":2},"end":{"line":21,"column":3}},"11":{"start":{"line":18,"column":18},"end":{"line":18,"column":108}},"12":{"start":{"line":19,"column":4},"end":{"line":19,"column":23}},"13":{"start":{"line":20,"column":4},"end":{"line":20,"column":16}},"14":{"start":{"line":23,"column":24},"end":{"line":30,"column":4}},"15":{"start":{"line":31,"column":20},"end":{"line":31,"column":46}},"16":{"start":{"line":32,"column":2},"end":{"line":32,"column":101}},"17":{"start":{"line":32,"column":25},"end":{"line":32,"column":101}},"18":{"start":{"line":34,"column":19},"end":{"line":41,"column":4}},"19":{"start":{"line":42,"column":15},"end":{"line":42,"column":36}},"20":{"start":{"line":43,"column":2},"end":{"line":47,"column":3}},"21":{"start":{"line":44,"column":18},"end":{"line":44,"column":106}},"22":{"start":{"line":45,"column":4},"end":{"line":45,"column":23}},"23":{"start":{"line":46,"column":4},"end":{"line":46,"column":16}},"24":{"start":{"line":48,"column":2},"end":{"line":48,"column":14}},"25":{"start":{"line":52,"column":2},"end":{"line":56,"column":5}},"26":{"start":{"line":60,"column":16},"end":{"line":60,"column":67}},"27":{"start":{"line":61,"column":20},"end":{"line":61,"column":46}},"28":{"start":{"line":62,"column":2},"end":{"line":62,"column":86}},"29":{"start":{"line":62,"column":21},"end":{"line":62,"column":86}},"30":{"start":{"line":64,"column":21},"end":{"line":64,"column":30}},"31":{"start":{"line":65,"column":2},"end":{"line":72,"column":3}},"32":{"start":{"line":66,"column":15},"end":{"line":66,"column":30}},"33":{"start":{"line":67,"column":21},"end":{"line":67,"column":42}},"34":{"start":{"line":68,"column":4},"end":{"line":70,"column":5}},"35":{"start":{"line":69,"column":6},"end":{"line":69,"column":87}},"36":{"start":{"line":71,"column":4},"end":{"line":71,"column":61}},"37":{"start":{"line":74,"column":30},"end":{"line":77,"column":4}},"38":{"start":{"line":78,"column":2},"end":{"line":78,"column":100}},"39":{"start":{"line":78,"column":16},"end":{"line":78,"column":100}},"40":{"start":{"line":79,"column":2},"end":{"line":79,"column":114}},"41":{"start":{"line":79,"column":43},"end":{"line":79,"column":114}},"42":{"start":{"line":81,"column":17},"end":{"line":81,"column":18}},"43":{"start":{"line":82,"column":18},"end":{"line":92,"column":4}},"44":{"start":{"line":83,"column":21},"end":{"line":83,"column":47}},"45":{"start":{"line":84,"column":4},"end":{"line":88,"column":5}},"46":{"start":{"line":85,"column":20},"end":{"line":85,"column":77}},"47":{"start":{"line":86,"column":6},"end":{"line":86,"column":25}},"48":{"start":{"line":87,"column":6},"end":{"line":87,"column":18}},"49":{"start":{"line":89,"column":18},"end":{"line":89,"column":39}},"50":{"start":{"line":90,"column":4},"end":{"line":90,"column":33}},"51":{"start":{"line":91,"column":4},"end":{"line":91,"column":40}},"52":{"start":{"line":94,"column":22},"end":{"line":94,"column":54}},"53":{"start":{"line":97,"column":2},"end":{"line":136,"column":3}},"54":{"start":{"line":98,"column":4},"end":{"line":106,"column":24}},"55":{"start":{"line":107,"column":4},"end":{"line":114,"column":26}},"56":{"start":{"line":107,"column":83},"end":{"line":114,"column":5}},"57":{"start":{"line":115,"column":4},"end":{"line":125,"column":24}},"58":{"start":{"line":126,"column":4},"end":{"line":131,"column":24}},"59":{"start":{"line":132,"column":4},"end":{"line":132,"column":31}},"60":{"start":{"line":134,"column":4},"end":{"line":134,"column":33}},"61":{"start":{"line":135,"column":4},"end":{"line":135,"column":16}},"62":{"start":{"line":138,"column":2},"end":{"line":161,"column":3}},"63":{"start":{"line":139,"column":22},"end":{"line":139,"column":63}},"64":{"start":{"line":140,"column":24},"end":{"line":152,"column":6}},"65":{"start":{"line":153,"column":4},"end":{"line":156,"column":7}},"66":{"start":{"line":157,"column":4},"end":{"line":157,"column":56}},"67":{"start":{"line":159,"column":4},"end":{"line":159,"column":100}},"68":{"start":{"line":160,"column":4},"end":{"line":160,"column":16}},"69":{"start":{"line":165,"column":24},"end":{"line":165,"column":51}},"70":{"start":{"line":166,"column":18},"end":{"line":169,"column":4}},"71":{"start":{"line":170,"column":2},"end":{"line":170,"column":93}},"72":{"start":{"line":170,"column":16},"end":{"line":170,"column":93}},"73":{"start":{"line":171,"column":2},"end":{"line":171,"column":124}},"74":{"start":{"line":171,"column":36},"end":{"line":171,"column":124}},"75":{"start":{"line":173,"column":18},"end":{"line":176,"column":4}},"76":{"start":{"line":177,"column":22},"end":{"line":177,"column":74}},"77":{"start":{"line":178,"column":22},"end":{"line":178,"column":77}},"78":{"start":{"line":179,"column":2},"end":{"line":183,"column":3}},"79":{"start":{"line":181,"column":4},"end":{"line":181,"column":72}},"80":{"start":{"line":182,"column":4},"end":{"line":182,"column":94}},"81":{"start":{"line":185,"column":2},"end":{"line":199,"column":5}},"82":{"start":{"line":186,"column":4},"end":{"line":186,"column":64}},"83":{"start":{"line":187,"column":4},"end":{"line":191,"column":24}},"84":{"start":{"line":192,"column":4},"end":{"line":198,"column":7}},"85":{"start":{"line":200,"column":2},"end":{"line":200,"column":91}},"86":{"start":{"line":203,"column":0},"end":{"line":203,"column":58}}},"fnMap":{"0":{"name":"(anonymous_0)","decl":{"start":{"line":8,"column":24},"end":{"line":8,"column":25}},"loc":{"start":{"line":8,"column":30},"end":{"line":12,"column":1}},"line":8},"1":{"name":"paypalRequest","decl":{"start":{"line":14,"column":15},"end":{"line":14,"column":28}},"loc":{"start":{"line":14,"column":49},"end":{"line":49,"column":1}},"line":14},"2":{"name":"getConfig","decl":{"start":{"line":51,"column":9},"end":{"line":51,"column":18}},"loc":{"start":{"line":51,"column":29},"end":{"line":57,"column":1}},"line":51},"3":{"name":"createOrder","decl":{"start":{"line":59,"column":15},"end":{"line":59,"column":26}},"loc":{"start":{"line":59,"column":37},"end":{"line":162,"column":1}},"line":59},"4":{"name":"(anonymous_4)","decl":{"start":{"line":82,"column":31},"end":{"line":82,"column":32}},"loc":{"start":{"line":82,"column":44},"end":{"line":92,"column":3}},"line":82},"5":{"name":"(anonymous_5)","decl":{"start":{"line":107,"column":48},"end":{"line":107,"column":49}},"loc":{"start":{"line":107,"column":83},"end":{"line":114,"column":5}},"line":107},"6":{"name":"captureOrder","decl":{"start":{"line":164,"column":15},"end":{"line":164,"column":27}},"loc":{"start":{"line":164,"column":38},"end":{"line":201,"column":1}},"line":164},"7":{"name":"(anonymous_7)","decl":{"start":{"line":185,"column":33},"end":{"line":185,"column":34}},"loc":{"start":{"line":185,"column":56},"end":{"line":199,"column":3}},"line":185}},"branchMap":{"0":{"loc":{"start":{"line":4,"column":19},"end":{"line":6,"column":38}},"type":"cond-expr","locations":[{"start":{"line":5,"column":4},"end":{"line":5,"column":30}},{"start":{"line":6,"column":4},"end":{"line":6,"column":38}}],"line":4},"1":{"loc":{"start":{"line":9,"column":22},"end":{"line":9,"column":61}},"type":"binary-expr","locations":[{"start":{"line":9,"column":22},"end":{"line":9,"column":52}},{"start":{"line":9,"column":56},"end":{"line":9,"column":61}}],"line":9},"2":{"loc":{"start":{"line":10,"column":2},"end":{"line":10,"column":95}},"type":"if","locations":[{"start":{"line":10,"column":2},"end":{"line":10,"column":95}},{"start":{},"end":{}}],"line":10},"3":{"loc":{"start":{"line":10,"column":6},"end":{"line":10,"column":41}},"type":"binary-expr","locations":[{"start":{"line":10,"column":6},"end":{"line":10,"column":28}},{"start":{"line":10,"column":32},"end":{"line":10,"column":41}}],"line":10},"4":{"loc":{"start":{"line":14,"column":35},"end":{"line":14,"column":47}},"type":"default-arg","locations":[{"start":{"line":14,"column":45},"end":{"line":14,"column":47}}],"line":14},"5":{"loc":{"start":{"line":17,"column":2},"end":{"line":21,"column":3}},"type":"if","locations":[{"start":{"line":17,"column":2},"end":{"line":21,"column":3}},{"start":{},"end":{}}],"line":17},"6":{"loc":{"start":{"line":17,"column":6},"end":{"line":17,"column":26}},"type":"binary-expr","locations":[{"start":{"line":17,"column":6},"end":{"line":17,"column":15}},{"start":{"line":17,"column":19},"end":{"line":17,"column":26}}],"line":17},"7":{"loc":{"start":{"line":32,"column":2},"end":{"line":32,"column":101}},"type":"if","locations":[{"start":{"line":32,"column":2},"end":{"line":32,"column":101}},{"start":{},"end":{}}],"line":32},"8":{"loc":{"start":{"line":32,"column":41},"end":{"line":32,"column":99}},"type":"binary-expr","locations":[{"start":{"line":32,"column":41},"end":{"line":32,"column":68}},{"start":{"line":32,"column":72},"end":{"line":32,"column":99}}],"line":32},"9":{"loc":{"start":{"line":39,"column":10},"end":{"line":39,"column":31}},"type":"binary-expr","locations":[{"start":{"line":39,"column":10},"end":{"line":39,"column":25}},{"start":{"line":39,"column":29},"end":{"line":39,"column":31}}],"line":39},"10":{"loc":{"start":{"line":43,"column":2},"end":{"line":47,"column":3}},"type":"if","locations":[{"start":{"line":43,"column":2},"end":{"line":47,"column":3}},{"start":{},"end":{}}],"line":43},"11":{"loc":{"start":{"line":44,"column":28},"end":{"line":44,"column":105}},"type":"binary-expr","locations":[{"start":{"line":44,"column":28},"end":{"line":44,"column":40}},{"start":{"line":44,"column":44},"end":{"line":44,"column":74}},{"start":{"line":44,"column":78},"end":{"line":44,"column":105}}],"line":44},"12":{"loc":{"start":{"line":53,"column":21},"end":{"line":53,"column":85}},"type":"binary-expr","locations":[{"start":{"line":53,"column":21},"end":{"line":53,"column":49}},{"start":{"line":53,"column":53},"end":{"line":53,"column":85}}],"line":53},"13":{"loc":{"start":{"line":54,"column":14},"end":{"line":54,"column":48}},"type":"binary-expr","locations":[{"start":{"line":54,"column":14},"end":{"line":54,"column":42}},{"start":{"line":54,"column":46},"end":{"line":54,"column":48}}],"line":54},"14":{"loc":{"start":{"line":60,"column":16},"end":{"line":60,"column":67}},"type":"cond-expr","locations":[{"start":{"line":60,"column":48},"end":{"line":60,"column":62}},{"start":{"line":60,"column":65},"end":{"line":60,"column":67}}],"line":60},"15":{"loc":{"start":{"line":62,"column":2},"end":{"line":62,"column":86}},"type":"if","locations":[{"start":{"line":62,"column":2},"end":{"line":62,"column":86}},{"start":{},"end":{}}],"line":62},"16":{"loc":{"start":{"line":68,"column":4},"end":{"line":70,"column":5}},"type":"if","locations":[{"start":{"line":68,"column":4},"end":{"line":70,"column":5}},{"start":{},"end":{}}],"line":68},"17":{"loc":{"start":{"line":68,"column":8},"end":{"line":68,"column":93}},"type":"binary-expr","locations":[{"start":{"line":68,"column":8},"end":{"line":68,"column":29}},{"start":{"line":68,"column":33},"end":{"line":68,"column":60}},{"start":{"line":68,"column":64},"end":{"line":68,"column":76}},{"start":{"line":68,"column":80},"end":{"line":68,"column":93}}],"line":68},"18":{"loc":{"start":{"line":71,"column":24},"end":{"line":71,"column":47}},"type":"binary-expr","locations":[{"start":{"line":71,"column":24},"end":{"line":71,"column":42}},{"start":{"line":71,"column":46},"end":{"line":71,"column":47}}],"line":71},"19":{"loc":{"start":{"line":78,"column":2},"end":{"line":78,"column":100}},"type":"if","locations":[{"start":{"line":78,"column":2},"end":{"line":78,"column":100}},{"start":{},"end":{}}],"line":78},"20":{"loc":{"start":{"line":79,"column":2},"end":{"line":79,"column":114}},"type":"if","locations":[{"start":{"line":79,"column":2},"end":{"line":79,"column":114}},{"start":{},"end":{}}],"line":79},"21":{"loc":{"start":{"line":84,"column":4},"end":{"line":88,"column":5}},"type":"if","locations":[{"start":{"line":84,"column":4},"end":{"line":88,"column":5}},{"start":{},"end":{}}],"line":84},"22":{"loc":{"start":{"line":165,"column":31},"end":{"line":165,"column":50}},"type":"binary-expr","locations":[{"start":{"line":165,"column":31},"end":{"line":165,"column":44}},{"start":{"line":165,"column":48},"end":{"line":165,"column":50}}],"line":165},"23":{"loc":{"start":{"line":170,"column":2},"end":{"line":170,"column":93}},"type":"if","locations":[{"start":{"line":170,"column":2},"end":{"line":170,"column":93}},{"start":{},"end":{}}],"line":170},"24":{"loc":{"start":{"line":171,"column":2},"end":{"line":171,"column":124}},"type":"if","locations":[{"start":{"line":171,"column":2},"end":{"line":171,"column":124}},{"start":{},"end":{}}],"line":171},"25":{"loc":{"start":{"line":179,"column":2},"end":{"line":183,"column":3}},"type":"if","locations":[{"start":{"line":179,"column":2},"end":{"line":183,"column":3}},{"start":{},"end":{}}],"line":179},"26":{"loc":{"start":{"line":179,"column":6},"end":{"line":180,"column":96}},"type":"binary-expr","locations":[{"start":{"line":179,"column":6},"end":{"line":179,"column":36}},{"start":{"line":179,"column":40},"end":{"line":179,"column":75}},{"start":{"line":180,"column":6},"end":{"line":180,"column":50}},{"start":{"line":180,"column":54},"end":{"line":180,"column":96}}],"line":179}},"s":{"0":1,"1":1,"2":1,"3":1,"4":4,"5":4,"6":0,"7":4,"8":4,"9":4,"10":4,"11":0,"12":0,"13":0,"14":4,"15":4,"16":4,"17":0,"18":4,"19":4,"20":4,"21":0,"22":0,"23":0,"24":4,"25":0,"26":11,"27":11,"28":11,"29":1,"30":10,"31":10,"32":10,"33":10,"34":10,"35":4,"36":6,"37":6,"38":6,"39":1,"40":5,"41":0,"42":5,"43":5,"44":5,"45":5,"46":1,"47":1,"48":1,"49":4,"50":4,"51":4,"52":4,"53":4,"54":4,"55":4,"56":4,"57":4,"58":4,"59":4,"60":0,"61":0,"62":4,"63":4,"64":4,"65":4,"66":4,"67":0,"68":0,"69":0,"70":0,"71":0,"72":0,"73":0,"74":0,"75":0,"76":0,"77":0,"78":0,"79":0,"80":0,"81":0,"82":0,"83":0,"84":0,"85":0,"86":1},"f":{"0":4,"1":4,"2":0,"3":11,"4":5,"5":4,"6":0,"7":0},"b":{"0":[0,1],"1":[4,4],"2":[0,4],"3":[4,4],"4":[0],"5":[0,4],"6":[4,4],"7":[0,4],"8":[0,0],"9":[4,0],"10":[0,4],"11":[0,0,0],"12":[0,0],"13":[0,0],"14":[11,0],"15":[1,10],"16":[4,6],"17":[10,10,8,7],"18":[6,6],"19":[1,5],"20":[0,5],"21":[1,4],"22":[0,0],"23":[0,0],"24":[0,0],"25":[0,0],"26":[0,0,0,0]},"_coverageSchema":"1a1c01bbd47fc00a2c39e90264f33305004495a9","hash":"bf6a8e11304605766723390c63c2fe43f0fcb993"}
,"C:\\backend0\\src\\controllers\\userController.js": {"path":"C:\\backend0\\src\\controllers\\userController.js","statementMap":{"0":{"start":{"line":1,"column":11},"end":{"line":1,"column":31}},"1":{"start":{"line":2,"column":22},"end":{"line":2,"column":67}},"2":{"start":{"line":3,"column":22},"end":{"line":3,"column":67}},"3":{"start":{"line":4,"column":20},"end":{"line":4,"column":63}},"4":{"start":{"line":7,"column":16},"end":{"line":7,"column":39}},"5":{"start":{"line":9,"column":2},"end":{"line":12,"column":5}},"6":{"start":{"line":11,"column":30},"end":{"line":11,"column":51}},"7":{"start":{"line":16,"column":17},"end":{"line":16,"column":27}},"8":{"start":{"line":17,"column":15},"end":{"line":17,"column":41}},"9":{"start":{"line":19,"column":2},"end":{"line":23,"column":3}},"10":{"start":{"line":20,"column":4},"end":{"line":22,"column":7}},"11":{"start":{"line":25,"column":2},"end":{"line":28,"column":5}},"12":{"start":{"line":32,"column":19},"end":{"line":32,"column":46}},"13":{"start":{"line":33,"column":15},"end":{"line":33,"column":45}},"14":{"start":{"line":35,"column":2},"end":{"line":38,"column":5}},"15":{"start":{"line":42,"column":17},"end":{"line":42,"column":27}},"16":{"start":{"line":43,"column":15},"end":{"line":43,"column":41}},"17":{"start":{"line":45,"column":2},"end":{"line":49,"column":3}},"18":{"start":{"line":46,"column":4},"end":{"line":48,"column":7}},"19":{"start":{"line":51,"column":19},"end":{"line":51,"column":46}},"20":{"start":{"line":52,"column":2},"end":{"line":52,"column":30}},"21":{"start":{"line":54,"column":2},"end":{"line":57,"column":5}},"22":{"start":{"line":61,"column":17},"end":{"line":61,"column":27}},"23":{"start":{"line":62,"column":15},"end":{"line":62,"column":41}},"24":{"start":{"line":64,"column":2},"end":{"line":68,"column":3}},"25":{"start":{"line":65,"column":4},"end":{"line":67,"column":7}},"26":{"start":{"line":70,"column":2},"end":{"line":70,"column":23}},"27":{"start":{"line":72,"column":2},"end":{"line":74,"column":5}},"28":{"start":{"line":77,"column":0},"end":{"line":83,"column":2}}},"fnMap":{"0":{"name":"getUsers","decl":{"start":{"line":6,"column":15},"end":{"line":6,"column":23}},"loc":{"start":{"line":6,"column":34},"end":{"line":13,"column":1}},"line":6},"1":{"name":"(anonymous_1)","decl":{"start":{"line":11,"column":20},"end":{"line":11,"column":21}},"loc":{"start":{"line":11,"column":30},"end":{"line":11,"column":51}},"line":11},"2":{"name":"getUsersBYID","decl":{"start":{"line":15,"column":15},"end":{"line":15,"column":27}},"loc":{"start":{"line":15,"column":38},"end":{"line":29,"column":1}},"line":15},"3":{"name":"insertUsers","decl":{"start":{"line":31,"column":15},"end":{"line":31,"column":26}},"loc":{"start":{"line":31,"column":37},"end":{"line":39,"column":1}},"line":31},"4":{"name":"updateUsers","decl":{"start":{"line":41,"column":15},"end":{"line":41,"column":26}},"loc":{"start":{"line":41,"column":37},"end":{"line":58,"column":1}},"line":41},"5":{"name":"deleteUsers","decl":{"start":{"line":60,"column":15},"end":{"line":60,"column":26}},"loc":{"start":{"line":60,"column":37},"end":{"line":75,"column":1}},"line":60}},"branchMap":{"0":{"loc":{"start":{"line":19,"column":2},"end":{"line":23,"column":3}},"type":"if","locations":[{"start":{"line":19,"column":2},"end":{"line":23,"column":3}},{"start":{},"end":{}}],"line":19},"1":{"loc":{"start":{"line":45,"column":2},"end":{"line":49,"column":3}},"type":"if","locations":[{"start":{"line":45,"column":2},"end":{"line":49,"column":3}},{"start":{},"end":{}}],"line":45},"2":{"loc":{"start":{"line":64,"column":2},"end":{"line":68,"column":3}},"type":"if","locations":[{"start":{"line":64,"column":2},"end":{"line":68,"column":3}},{"start":{},"end":{}}],"line":64}},"s":{"0":1,"1":1,"2":1,"3":1,"4":0,"5":0,"6":0,"7":0,"8":0,"9":0,"10":0,"11":0,"12":1,"13":1,"14":1,"15":2,"16":2,"17":2,"18":1,"19":1,"20":1,"21":1,"22":2,"23":2,"24":2,"25":1,"26":1,"27":1,"28":1},"f":{"0":0,"1":0,"2":0,"3":1,"4":2,"5":2},"b":{"0":[0,0],"1":[1,1],"2":[1,1]},"_coverageSchema":"1a1c01bbd47fc00a2c39e90264f33305004495a9","hash":"1c7f3c7f81c209d8305c732942a0f0eebad65fad"}
,"C:\\backend0\\src\\dtos\\request\\banner\\insertBannerReq.js": {"path":"C:\\backend0\\src\\dtos\\request\\banner\\insertBannerReq.js","statementMap":{"0":{"start":{"line":1,"column":12},"end":{"line":1,"column":26}},"1":{"start":{"line":5,"column":4},"end":{"line":5,"column":26}},"2":{"start":{"line":6,"column":4},"end":{"line":6,"column":28}},"3":{"start":{"line":7,"column":4},"end":{"line":7,"column":30}},"4":{"start":{"line":8,"column":4},"end":{"line":8,"column":38}},"5":{"start":{"line":12,"column":19},"end":{"line":17,"column":6}},"6":{"start":{"line":19,"column":4},"end":{"line":19,"column":33}},"7":{"start":{"line":23,"column":0},"end":{"line":23,"column":33}}},"fnMap":{"0":{"name":"(anonymous_0)","decl":{"start":{"line":4,"column":2},"end":{"line":4,"column":3}},"loc":{"start":{"line":4,"column":20},"end":{"line":9,"column":3}},"line":4},"1":{"name":"(anonymous_1)","decl":{"start":{"line":11,"column":2},"end":{"line":11,"column":3}},"loc":{"start":{"line":11,"column":24},"end":{"line":20,"column":3}},"line":11}},"branchMap":{},"s":{"0":1,"1":1,"2":1,"3":1,"4":1,"5":0,"6":0,"7":1},"f":{"0":1,"1":0},"b":{},"_coverageSchema":"1a1c01bbd47fc00a2c39e90264f33305004495a9","hash":"3426e22b2d38ea754fbf7bec823827dd6296185c"}
,"C:\\backend0\\src\\dtos\\request\\banner\\updateBannerReq.js": {"path":"C:\\backend0\\src\\dtos\\request\\banner\\updateBannerReq.js","statementMap":{"0":{"start":{"line":1,"column":12},"end":{"line":1,"column":26}},"1":{"start":{"line":5,"column":4},"end":{"line":5,"column":26}},"2":{"start":{"line":6,"column":4},"end":{"line":6,"column":28}},"3":{"start":{"line":7,"column":4},"end":{"line":7,"column":30}},"4":{"start":{"line":8,"column":4},"end":{"line":8,"column":38}},"5":{"start":{"line":12,"column":19},"end":{"line":17,"column":13}},"6":{"start":{"line":19,"column":4},"end":{"line":19,"column":33}},"7":{"start":{"line":23,"column":0},"end":{"line":23,"column":33}}},"fnMap":{"0":{"name":"(anonymous_0)","decl":{"start":{"line":4,"column":2},"end":{"line":4,"column":3}},"loc":{"start":{"line":4,"column":20},"end":{"line":9,"column":3}},"line":4},"1":{"name":"(anonymous_1)","decl":{"start":{"line":11,"column":2},"end":{"line":11,"column":3}},"loc":{"start":{"line":11,"column":24},"end":{"line":20,"column":3}},"line":11}},"branchMap":{},"s":{"0":1,"1":1,"2":1,"3":1,"4":1,"5":0,"6":0,"7":1},"f":{"0":1,"1":0},"b":{},"_coverageSchema":"1a1c01bbd47fc00a2c39e90264f33305004495a9","hash":"0658dcaa002f303e8dca4403b8f1c389ae7dfa59"}
,"C:\\backend0\\src\\dtos\\request\\brand\\insertBrandReq.js": {"path":"C:\\backend0\\src\\dtos\\request\\brand\\insertBrandReq.js","statementMap":{"0":{"start":{"line":1,"column":12},"end":{"line":1,"column":26}},"1":{"start":{"line":5,"column":4},"end":{"line":5,"column":26}},"2":{"start":{"line":6,"column":4},"end":{"line":6,"column":28}},"3":{"start":{"line":10,"column":19},"end":{"line":13,"column":6}},"4":{"start":{"line":15,"column":4},"end":{"line":15,"column":33}},"5":{"start":{"line":19,"column":0},"end":{"line":19,"column":32}}},"fnMap":{"0":{"name":"(anonymous_0)","decl":{"start":{"line":4,"column":2},"end":{"line":4,"column":3}},"loc":{"start":{"line":4,"column":20},"end":{"line":7,"column":3}},"line":4},"1":{"name":"(anonymous_1)","decl":{"start":{"line":9,"column":2},"end":{"line":9,"column":3}},"loc":{"start":{"line":9,"column":24},"end":{"line":16,"column":3}},"line":9}},"branchMap":{},"s":{"0":1,"1":1,"2":1,"3":0,"4":0,"5":1},"f":{"0":1,"1":0},"b":{},"_coverageSchema":"1a1c01bbd47fc00a2c39e90264f33305004495a9","hash":"eff24d087c1b3819173b634d93589ae90d833d33"}
,"C:\\backend0\\src\\dtos\\request\\brand\\updateBrandReq.js": {"path":"C:\\backend0\\src\\dtos\\request\\brand\\updateBrandReq.js","statementMap":{"0":{"start":{"line":1,"column":12},"end":{"line":1,"column":26}},"1":{"start":{"line":5,"column":4},"end":{"line":5,"column":26}},"2":{"start":{"line":6,"column":4},"end":{"line":6,"column":28}},"3":{"start":{"line":10,"column":19},"end":{"line":13,"column":13}},"4":{"start":{"line":15,"column":4},"end":{"line":15,"column":33}},"5":{"start":{"line":19,"column":0},"end":{"line":19,"column":32}}},"fnMap":{"0":{"name":"(anonymous_0)","decl":{"start":{"line":4,"column":2},"end":{"line":4,"column":3}},"loc":{"start":{"line":4,"column":20},"end":{"line":7,"column":3}},"line":4},"1":{"name":"(anonymous_1)","decl":{"start":{"line":9,"column":2},"end":{"line":9,"column":3}},"loc":{"start":{"line":9,"column":24},"end":{"line":16,"column":3}},"line":9}},"branchMap":{},"s":{"0":1,"1":1,"2":1,"3":0,"4":0,"5":1},"f":{"0":1,"1":0},"b":{},"_coverageSchema":"1a1c01bbd47fc00a2c39e90264f33305004495a9","hash":"012224861c3303c472078aee4ec26646021eb53f"}
,"C:\\backend0\\src\\dtos\\request\\category\\insertCategoryReq.js": {"path":"C:\\backend0\\src\\dtos\\request\\category\\insertCategoryReq.js","statementMap":{"0":{"start":{"line":1,"column":12},"end":{"line":1,"column":26}},"1":{"start":{"line":5,"column":4},"end":{"line":5,"column":26}},"2":{"start":{"line":6,"column":4},"end":{"line":6,"column":28}},"3":{"start":{"line":10,"column":19},"end":{"line":13,"column":6}},"4":{"start":{"line":15,"column":4},"end":{"line":15,"column":33}},"5":{"start":{"line":19,"column":0},"end":{"line":19,"column":35}}},"fnMap":{"0":{"name":"(anonymous_0)","decl":{"start":{"line":4,"column":2},"end":{"line":4,"column":3}},"loc":{"start":{"line":4,"column":20},"end":{"line":7,"column":3}},"line":4},"1":{"name":"(anonymous_1)","decl":{"start":{"line":9,"column":2},"end":{"line":9,"column":3}},"loc":{"start":{"line":9,"column":24},"end":{"line":16,"column":3}},"line":9}},"branchMap":{},"s":{"0":2,"1":1,"2":1,"3":3,"4":3,"5":2},"f":{"0":1,"1":3},"b":{},"_coverageSchema":"1a1c01bbd47fc00a2c39e90264f33305004495a9","hash":"c01d0e1b32d65e7a91b3c62dcf89539a9d28c305"}
,"C:\\backend0\\src\\dtos\\request\\category\\updateCategoryReq.js": {"path":"C:\\backend0\\src\\dtos\\request\\category\\updateCategoryReq.js","statementMap":{"0":{"start":{"line":1,"column":12},"end":{"line":1,"column":26}},"1":{"start":{"line":5,"column":4},"end":{"line":5,"column":26}},"2":{"start":{"line":6,"column":4},"end":{"line":6,"column":28}},"3":{"start":{"line":10,"column":19},"end":{"line":13,"column":13}},"4":{"start":{"line":15,"column":4},"end":{"line":15,"column":33}},"5":{"start":{"line":19,"column":0},"end":{"line":19,"column":35}}},"fnMap":{"0":{"name":"(anonymous_0)","decl":{"start":{"line":4,"column":2},"end":{"line":4,"column":3}},"loc":{"start":{"line":4,"column":20},"end":{"line":7,"column":3}},"line":4},"1":{"name":"(anonymous_1)","decl":{"start":{"line":9,"column":2},"end":{"line":9,"column":3}},"loc":{"start":{"line":9,"column":24},"end":{"line":16,"column":3}},"line":9}},"branchMap":{},"s":{"0":2,"1":1,"2":1,"3":1,"4":1,"5":2},"f":{"0":1,"1":1},"b":{},"_coverageSchema":"1a1c01bbd47fc00a2c39e90264f33305004495a9","hash":"fb47666670dc5715357348b8e714f2d65e7bcefc"}
,"C:\\backend0\\src\\dtos\\request\\coupon\\insertCouponReq.js": {"path":"C:\\backend0\\src\\dtos\\request\\coupon\\insertCouponReq.js","statementMap":{"0":{"start":{"line":1,"column":12},"end":{"line":1,"column":26}},"1":{"start":{"line":5,"column":4},"end":{"line":5,"column":26}},"2":{"start":{"line":6,"column":4},"end":{"line":6,"column":44}},"3":{"start":{"line":7,"column":4},"end":{"line":7,"column":46}},"4":{"start":{"line":8,"column":4},"end":{"line":8,"column":48}},"5":{"start":{"line":9,"column":4},"end":{"line":9,"column":38}},"6":{"start":{"line":10,"column":4},"end":{"line":10,"column":34}},"7":{"start":{"line":11,"column":4},"end":{"line":11,"column":34}},"8":{"start":{"line":12,"column":4},"end":{"line":12,"column":44}},"9":{"start":{"line":13,"column":4},"end":{"line":13,"column":30}},"10":{"start":{"line":17,"column":19},"end":{"line":27,"column":6}},"11":{"start":{"line":29,"column":4},"end":{"line":29,"column":33}},"12":{"start":{"line":33,"column":0},"end":{"line":33,"column":33}}},"fnMap":{"0":{"name":"(anonymous_0)","decl":{"start":{"line":4,"column":2},"end":{"line":4,"column":3}},"loc":{"start":{"line":4,"column":20},"end":{"line":14,"column":3}},"line":4},"1":{"name":"(anonymous_1)","decl":{"start":{"line":16,"column":2},"end":{"line":16,"column":3}},"loc":{"start":{"line":16,"column":24},"end":{"line":30,"column":3}},"line":16}},"branchMap":{},"s":{"0":2,"1":1,"2":1,"3":1,"4":1,"5":1,"6":1,"7":1,"8":1,"9":1,"10":9,"11":9,"12":2},"f":{"0":1,"1":9},"b":{},"_coverageSchema":"1a1c01bbd47fc00a2c39e90264f33305004495a9","hash":"2b22cb088dbf894fdcaa6389eaad30b1e02fa690"}
,"C:\\backend0\\src\\dtos\\request\\coupon\\updateCouponReq.js": {"path":"C:\\backend0\\src\\dtos\\request\\coupon\\updateCouponReq.js","statementMap":{"0":{"start":{"line":1,"column":12},"end":{"line":1,"column":26}},"1":{"start":{"line":5,"column":4},"end":{"line":5,"column":26}},"2":{"start":{"line":6,"column":4},"end":{"line":6,"column":44}},"3":{"start":{"line":7,"column":4},"end":{"line":7,"column":46}},"4":{"start":{"line":8,"column":4},"end":{"line":8,"column":48}},"5":{"start":{"line":9,"column":4},"end":{"line":9,"column":38}},"6":{"start":{"line":10,"column":4},"end":{"line":10,"column":34}},"7":{"start":{"line":11,"column":4},"end":{"line":11,"column":34}},"8":{"start":{"line":12,"column":4},"end":{"line":12,"column":44}},"9":{"start":{"line":13,"column":4},"end":{"line":13,"column":30}},"10":{"start":{"line":17,"column":19},"end":{"line":27,"column":13}},"11":{"start":{"line":29,"column":4},"end":{"line":29,"column":33}},"12":{"start":{"line":33,"column":0},"end":{"line":33,"column":33}}},"fnMap":{"0":{"name":"(anonymous_0)","decl":{"start":{"line":4,"column":2},"end":{"line":4,"column":3}},"loc":{"start":{"line":4,"column":20},"end":{"line":14,"column":3}},"line":4},"1":{"name":"(anonymous_1)","decl":{"start":{"line":16,"column":2},"end":{"line":16,"column":3}},"loc":{"start":{"line":16,"column":24},"end":{"line":30,"column":3}},"line":16}},"branchMap":{},"s":{"0":2,"1":1,"2":1,"3":1,"4":1,"5":1,"6":1,"7":1,"8":1,"9":1,"10":1,"11":1,"12":2},"f":{"0":1,"1":1},"b":{},"_coverageSchema":"1a1c01bbd47fc00a2c39e90264f33305004495a9","hash":"a69741bcab21723a0f59b07ba6aede3b286f3418"}
,"C:\\backend0\\src\\dtos\\request\\news\\insertNewsReq.js": {"path":"C:\\backend0\\src\\dtos\\request\\news\\insertNewsReq.js","statementMap":{"0":{"start":{"line":1,"column":12},"end":{"line":1,"column":26}},"1":{"start":{"line":5,"column":4},"end":{"line":5,"column":28}},"2":{"start":{"line":6,"column":4},"end":{"line":6,"column":28}},"3":{"start":{"line":7,"column":4},"end":{"line":7,"column":32}},"4":{"start":{"line":11,"column":19},"end":{"line":15,"column":6}},"5":{"start":{"line":17,"column":4},"end":{"line":17,"column":33}},"6":{"start":{"line":21,"column":0},"end":{"line":21,"column":31}}},"fnMap":{"0":{"name":"(anonymous_0)","decl":{"start":{"line":4,"column":2},"end":{"line":4,"column":3}},"loc":{"start":{"line":4,"column":20},"end":{"line":8,"column":3}},"line":4},"1":{"name":"(anonymous_1)","decl":{"start":{"line":10,"column":2},"end":{"line":10,"column":3}},"loc":{"start":{"line":10,"column":24},"end":{"line":18,"column":3}},"line":10}},"branchMap":{},"s":{"0":1,"1":1,"2":1,"3":1,"4":0,"5":0,"6":1},"f":{"0":1,"1":0},"b":{},"_coverageSchema":"1a1c01bbd47fc00a2c39e90264f33305004495a9","hash":"7e5655ac7378578c8101f14cdcd13424b43abef4"}
,"C:\\backend0\\src\\dtos\\request\\news\\updateNewsReq.js": {"path":"C:\\backend0\\src\\dtos\\request\\news\\updateNewsReq.js","statementMap":{"0":{"start":{"line":1,"column":12},"end":{"line":1,"column":26}},"1":{"start":{"line":5,"column":4},"end":{"line":5,"column":28}},"2":{"start":{"line":6,"column":4},"end":{"line":6,"column":28}},"3":{"start":{"line":7,"column":4},"end":{"line":7,"column":32}},"4":{"start":{"line":11,"column":19},"end":{"line":15,"column":13}},"5":{"start":{"line":17,"column":4},"end":{"line":17,"column":33}},"6":{"start":{"line":21,"column":0},"end":{"line":21,"column":31}}},"fnMap":{"0":{"name":"(anonymous_0)","decl":{"start":{"line":4,"column":2},"end":{"line":4,"column":3}},"loc":{"start":{"line":4,"column":20},"end":{"line":8,"column":3}},"line":4},"1":{"name":"(anonymous_1)","decl":{"start":{"line":10,"column":2},"end":{"line":10,"column":3}},"loc":{"start":{"line":10,"column":24},"end":{"line":18,"column":3}},"line":10}},"branchMap":{},"s":{"0":1,"1":1,"2":1,"3":1,"4":0,"5":0,"6":1},"f":{"0":1,"1":0},"b":{},"_coverageSchema":"1a1c01bbd47fc00a2c39e90264f33305004495a9","hash":"b4fea8327ef715ec6be015e9da88836fdc05777e"}
,"C:\\backend0\\src\\dtos\\request\\user\\insertUserReq.js": {"path":"C:\\backend0\\src\\dtos\\request\\user\\insertUserReq.js","statementMap":{"0":{"start":{"line":1,"column":12},"end":{"line":1,"column":26}},"1":{"start":{"line":5,"column":4},"end":{"line":5,"column":28}},"2":{"start":{"line":6,"column":4},"end":{"line":6,"column":34}},"3":{"start":{"line":7,"column":4},"end":{"line":7,"column":26}},"4":{"start":{"line":8,"column":4},"end":{"line":8,"column":26}},"5":{"start":{"line":9,"column":4},"end":{"line":9,"column":30}},"6":{"start":{"line":10,"column":4},"end":{"line":10,"column":30}},"7":{"start":{"line":11,"column":4},"end":{"line":11,"column":28}},"8":{"start":{"line":15,"column":19},"end":{"line":23,"column":6}},"9":{"start":{"line":25,"column":4},"end":{"line":25,"column":33}},"10":{"start":{"line":29,"column":0},"end":{"line":29,"column":31}}},"fnMap":{"0":{"name":"(anonymous_0)","decl":{"start":{"line":4,"column":2},"end":{"line":4,"column":3}},"loc":{"start":{"line":4,"column":20},"end":{"line":12,"column":3}},"line":4},"1":{"name":"(anonymous_1)","decl":{"start":{"line":14,"column":2},"end":{"line":14,"column":3}},"loc":{"start":{"line":14,"column":24},"end":{"line":26,"column":3}},"line":14}},"branchMap":{},"s":{"0":2,"1":1,"2":1,"3":1,"4":1,"5":1,"6":1,"7":1,"8":12,"9":12,"10":2},"f":{"0":1,"1":12},"b":{},"_coverageSchema":"1a1c01bbd47fc00a2c39e90264f33305004495a9","hash":"46152be9ceddbc60c31b7f7c15e9bbe61ec1eb3b"}
,"C:\\backend0\\src\\dtos\\request\\user\\updateUserReq.js": {"path":"C:\\backend0\\src\\dtos\\request\\user\\updateUserReq.js","statementMap":{"0":{"start":{"line":1,"column":12},"end":{"line":1,"column":26}},"1":{"start":{"line":5,"column":4},"end":{"line":5,"column":28}},"2":{"start":{"line":6,"column":4},"end":{"line":6,"column":34}},"3":{"start":{"line":7,"column":4},"end":{"line":7,"column":26}},"4":{"start":{"line":8,"column":4},"end":{"line":8,"column":26}},"5":{"start":{"line":9,"column":4},"end":{"line":9,"column":30}},"6":{"start":{"line":10,"column":4},"end":{"line":10,"column":30}},"7":{"start":{"line":11,"column":4},"end":{"line":11,"column":28}},"8":{"start":{"line":15,"column":19},"end":{"line":23,"column":13}},"9":{"start":{"line":25,"column":4},"end":{"line":25,"column":33}},"10":{"start":{"line":29,"column":0},"end":{"line":29,"column":31}}},"fnMap":{"0":{"name":"(anonymous_0)","decl":{"start":{"line":4,"column":2},"end":{"line":4,"column":3}},"loc":{"start":{"line":4,"column":20},"end":{"line":12,"column":3}},"line":4},"1":{"name":"(anonymous_1)","decl":{"start":{"line":14,"column":2},"end":{"line":14,"column":3}},"loc":{"start":{"line":14,"column":24},"end":{"line":26,"column":3}},"line":14}},"branchMap":{},"s":{"0":2,"1":1,"2":1,"3":1,"4":1,"5":1,"6":1,"7":1,"8":2,"9":2,"10":2},"f":{"0":1,"1":2},"b":{},"_coverageSchema":"1a1c01bbd47fc00a2c39e90264f33305004495a9","hash":"1a681569d40354714c758fc7bc0900d778d482a4"}
,"C:\\backend0\\src\\dtos\\respone\\banner\\bannerRespone.js": {"path":"C:\\backend0\\src\\dtos\\respone\\banner\\bannerRespone.js","statementMap":{"0":{"start":{"line":3,"column":17},"end":{"line":3,"column":58}},"1":{"start":{"line":5,"column":4},"end":{"line":5,"column":22}},"2":{"start":{"line":6,"column":4},"end":{"line":6,"column":26}},"3":{"start":{"line":7,"column":4},"end":{"line":7,"column":28}},"4":{"start":{"line":8,"column":4},"end":{"line":8,"column":30}},"5":{"start":{"line":9,"column":4},"end":{"line":9,"column":38}},"6":{"start":{"line":10,"column":4},"end":{"line":10,"column":36}},"7":{"start":{"line":11,"column":4},"end":{"line":11,"column":36}},"8":{"start":{"line":12,"column":4},"end":{"line":14,"column":5}},"9":{"start":{"line":13,"column":6},"end":{"line":13,"column":46}},"10":{"start":{"line":18,"column":0},"end":{"line":18,"column":31}}},"fnMap":{"0":{"name":"(anonymous_0)","decl":{"start":{"line":2,"column":2},"end":{"line":2,"column":3}},"loc":{"start":{"line":2,"column":22},"end":{"line":15,"column":3}},"line":2}},"branchMap":{"0":{"loc":{"start":{"line":3,"column":17},"end":{"line":3,"column":58}},"type":"cond-expr","locations":[{"start":{"line":3,"column":34},"end":{"line":3,"column":49}},{"start":{"line":3,"column":52},"end":{"line":3,"column":58}}],"line":3},"1":{"loc":{"start":{"line":12,"column":4},"end":{"line":14,"column":5}},"type":"if","locations":[{"start":{"line":12,"column":4},"end":{"line":14,"column":5}},{"start":{},"end":{}}],"line":12}},"s":{"0":2,"1":2,"2":2,"3":2,"4":2,"5":2,"6":2,"7":2,"8":2,"9":0,"10":1},"f":{"0":2},"b":{"0":[0,2],"1":[0,2]},"_coverageSchema":"1a1c01bbd47fc00a2c39e90264f33305004495a9","hash":"cc5049c8610ee26e7fe62ed8fa92eff9fbf853e9"}
,"C:\\backend0\\src\\dtos\\respone\\brand\\brandRespone.js": {"path":"C:\\backend0\\src\\dtos\\respone\\brand\\brandRespone.js","statementMap":{"0":{"start":{"line":3,"column":17},"end":{"line":3,"column":55}},"1":{"start":{"line":5,"column":4},"end":{"line":5,"column":22}},"2":{"start":{"line":6,"column":4},"end":{"line":6,"column":26}},"3":{"start":{"line":7,"column":4},"end":{"line":7,"column":28}},"4":{"start":{"line":8,"column":4},"end":{"line":8,"column":36}},"5":{"start":{"line":9,"column":4},"end":{"line":9,"column":36}},"6":{"start":{"line":10,"column":4},"end":{"line":12,"column":5}},"7":{"start":{"line":11,"column":6},"end":{"line":11,"column":36}},"8":{"start":{"line":16,"column":0},"end":{"line":16,"column":30}}},"fnMap":{"0":{"name":"(anonymous_0)","decl":{"start":{"line":2,"column":2},"end":{"line":2,"column":3}},"loc":{"start":{"line":2,"column":21},"end":{"line":13,"column":3}},"line":2}},"branchMap":{"0":{"loc":{"start":{"line":3,"column":17},"end":{"line":3,"column":55}},"type":"cond-expr","locations":[{"start":{"line":3,"column":33},"end":{"line":3,"column":47}},{"start":{"line":3,"column":50},"end":{"line":3,"column":55}}],"line":3},"1":{"loc":{"start":{"line":10,"column":4},"end":{"line":12,"column":5}},"type":"if","locations":[{"start":{"line":10,"column":4},"end":{"line":12,"column":5}},{"start":{},"end":{}}],"line":10}},"s":{"0":2,"1":2,"2":2,"3":2,"4":2,"5":2,"6":2,"7":0,"8":1},"f":{"0":2},"b":{"0":[0,2],"1":[0,2]},"_coverageSchema":"1a1c01bbd47fc00a2c39e90264f33305004495a9","hash":"4a2475e8e3922d4b049e04e14719b1f127da058d"}
,"C:\\backend0\\src\\dtos\\respone\\category\\categoryRespone.js": {"path":"C:\\backend0\\src\\dtos\\respone\\category\\categoryRespone.js","statementMap":{"0":{"start":{"line":3,"column":17},"end":{"line":3,"column":64}},"1":{"start":{"line":5,"column":4},"end":{"line":5,"column":22}},"2":{"start":{"line":6,"column":4},"end":{"line":6,"column":26}},"3":{"start":{"line":7,"column":4},"end":{"line":7,"column":28}},"4":{"start":{"line":8,"column":4},"end":{"line":8,"column":36}},"5":{"start":{"line":9,"column":4},"end":{"line":9,"column":36}},"6":{"start":{"line":13,"column":0},"end":{"line":13,"column":33}}},"fnMap":{"0":{"name":"(anonymous_0)","decl":{"start":{"line":2,"column":2},"end":{"line":2,"column":3}},"loc":{"start":{"line":2,"column":24},"end":{"line":10,"column":3}},"line":2}},"branchMap":{"0":{"loc":{"start":{"line":3,"column":17},"end":{"line":3,"column":64}},"type":"cond-expr","locations":[{"start":{"line":3,"column":36},"end":{"line":3,"column":53}},{"start":{"line":3,"column":56},"end":{"line":3,"column":64}}],"line":3}},"s":{"0":2,"1":2,"2":2,"3":2,"4":2,"5":2,"6":1},"f":{"0":2},"b":{"0":[0,2]},"_coverageSchema":"1a1c01bbd47fc00a2c39e90264f33305004495a9","hash":"3869937afde07f0ddcf77f3d1763190d5d06e765"}
,"C:\\backend0\\src\\dtos\\respone\\coupon\\couponRespone.js": {"path":"C:\\backend0\\src\\dtos\\respone\\coupon\\couponRespone.js","statementMap":{"0":{"start":{"line":3,"column":17},"end":{"line":3,"column":58}},"1":{"start":{"line":5,"column":4},"end":{"line":5,"column":22}},"2":{"start":{"line":6,"column":4},"end":{"line":6,"column":26}},"3":{"start":{"line":7,"column":4},"end":{"line":7,"column":44}},"4":{"start":{"line":8,"column":4},"end":{"line":8,"column":46}},"5":{"start":{"line":9,"column":4},"end":{"line":9,"column":48}},"6":{"start":{"line":10,"column":4},"end":{"line":10,"column":38}},"7":{"start":{"line":11,"column":4},"end":{"line":11,"column":34}},"8":{"start":{"line":12,"column":4},"end":{"line":12,"column":34}},"9":{"start":{"line":13,"column":4},"end":{"line":13,"column":44}},"10":{"start":{"line":14,"column":4},"end":{"line":14,"column":30}},"11":{"start":{"line":15,"column":4},"end":{"line":15,"column":36}},"12":{"start":{"line":16,"column":4},"end":{"line":16,"column":36}},"13":{"start":{"line":20,"column":0},"end":{"line":20,"column":31}}},"fnMap":{"0":{"name":"(anonymous_0)","decl":{"start":{"line":2,"column":2},"end":{"line":2,"column":3}},"loc":{"start":{"line":2,"column":22},"end":{"line":17,"column":3}},"line":2}},"branchMap":{"0":{"loc":{"start":{"line":3,"column":17},"end":{"line":3,"column":58}},"type":"cond-expr","locations":[{"start":{"line":3,"column":34},"end":{"line":3,"column":49}},{"start":{"line":3,"column":52},"end":{"line":3,"column":58}}],"line":3}},"s":{"0":2,"1":2,"2":2,"3":2,"4":2,"5":2,"6":2,"7":2,"8":2,"9":2,"10":2,"11":2,"12":2,"13":1},"f":{"0":2},"b":{"0":[0,2]},"_coverageSchema":"1a1c01bbd47fc00a2c39e90264f33305004495a9","hash":"ffa96a3300a837a656ae1736755d6bb00c012da7"}
,"C:\\backend0\\src\\dtos\\respone\\news\\newsRespone.js": {"path":"C:\\backend0\\src\\dtos\\respone\\news\\newsRespone.js","statementMap":{"0":{"start":{"line":3,"column":17},"end":{"line":3,"column":52}},"1":{"start":{"line":5,"column":4},"end":{"line":5,"column":22}},"2":{"start":{"line":6,"column":4},"end":{"line":6,"column":28}},"3":{"start":{"line":7,"column":4},"end":{"line":7,"column":28}},"4":{"start":{"line":8,"column":4},"end":{"line":8,"column":32}},"5":{"start":{"line":9,"column":4},"end":{"line":9,"column":36}},"6":{"start":{"line":10,"column":4},"end":{"line":10,"column":36}},"7":{"start":{"line":14,"column":0},"end":{"line":14,"column":29}}},"fnMap":{"0":{"name":"(anonymous_0)","decl":{"start":{"line":2,"column":2},"end":{"line":2,"column":3}},"loc":{"start":{"line":2,"column":20},"end":{"line":11,"column":3}},"line":2}},"branchMap":{"0":{"loc":{"start":{"line":3,"column":17},"end":{"line":3,"column":52}},"type":"cond-expr","locations":[{"start":{"line":3,"column":32},"end":{"line":3,"column":45}},{"start":{"line":3,"column":48},"end":{"line":3,"column":52}}],"line":3}},"s":{"0":2,"1":2,"2":2,"3":2,"4":2,"5":2,"6":2,"7":1},"f":{"0":2},"b":{"0":[0,2]},"_coverageSchema":"1a1c01bbd47fc00a2c39e90264f33305004495a9","hash":"5f3920a11f98941343973cb2f0d7a62824d9280b"}
,"C:\\backend0\\src\\dtos\\respone\\user\\userRespone.js": {"path":"C:\\backend0\\src\\dtos\\respone\\user\\userRespone.js","statementMap":{"0":{"start":{"line":3,"column":17},"end":{"line":3,"column":52}},"1":{"start":{"line":5,"column":4},"end":{"line":5,"column":22}},"2":{"start":{"line":6,"column":4},"end":{"line":6,"column":28}},"3":{"start":{"line":7,"column":4},"end":{"line":7,"column":26}},"4":{"start":{"line":8,"column":4},"end":{"line":8,"column":26}},"5":{"start":{"line":9,"column":4},"end":{"line":9,"column":30}},"6":{"start":{"line":10,"column":4},"end":{"line":10,"column":30}},"7":{"start":{"line":11,"column":4},"end":{"line":11,"column":28}},"8":{"start":{"line":12,"column":4},"end":{"line":12,"column":36}},"9":{"start":{"line":13,"column":4},"end":{"line":13,"column":36}},"10":{"start":{"line":17,"column":0},"end":{"line":17,"column":29}}},"fnMap":{"0":{"name":"(anonymous_0)","decl":{"start":{"line":2,"column":2},"end":{"line":2,"column":3}},"loc":{"start":{"line":2,"column":20},"end":{"line":14,"column":3}},"line":2}},"branchMap":{"0":{"loc":{"start":{"line":3,"column":17},"end":{"line":3,"column":52}},"type":"cond-expr","locations":[{"start":{"line":3,"column":32},"end":{"line":3,"column":45}},{"start":{"line":3,"column":48},"end":{"line":3,"column":52}}],"line":3}},"s":{"0":10,"1":10,"2":10,"3":10,"4":10,"5":10,"6":10,"7":10,"8":10,"9":10,"10":3},"f":{"0":10},"b":{"0":[0,10]},"_coverageSchema":"1a1c01bbd47fc00a2c39e90264f33305004495a9","hash":"cc995ddc35989f4e169fec52dbc6a4538d8cb6cb"}
,"C:\\backend0\\src\\middlewares\\adminOnly.js": {"path":"C:\\backend0\\src\\middlewares\\adminOnly.js","statementMap":{"0":{"start":{"line":1,"column":17},"end":{"line":1,"column":37}},"1":{"start":{"line":4,"column":2},"end":{"line":6,"column":3}},"2":{"start":{"line":5,"column":4},"end":{"line":5,"column":68}},"3":{"start":{"line":8,"column":15},"end":{"line":10,"column":4}},"4":{"start":{"line":11,"column":2},"end":{"line":13,"column":3}},"5":{"start":{"line":12,"column":4},"end":{"line":12,"column":77}},"6":{"start":{"line":15,"column":2},"end":{"line":15,"column":9}},"7":{"start":{"line":18,"column":0},"end":{"line":18,"column":27}}},"fnMap":{"0":{"name":"adminOnly","decl":{"start":{"line":3,"column":15},"end":{"line":3,"column":24}},"loc":{"start":{"line":3,"column":41},"end":{"line":16,"column":1}},"line":3}},"branchMap":{"0":{"loc":{"start":{"line":4,"column":2},"end":{"line":6,"column":3}},"type":"if","locations":[{"start":{"line":4,"column":2},"end":{"line":6,"column":3}},{"start":{},"end":{}}],"line":4},"1":{"loc":{"start":{"line":11,"column":2},"end":{"line":13,"column":3}},"type":"if","locations":[{"start":{"line":11,"column":2},"end":{"line":13,"column":3}},{"start":{},"end":{}}],"line":11},"2":{"loc":{"start":{"line":11,"column":6},"end":{"line":11,"column":67}},"type":"binary-expr","locations":[{"start":{"line":11,"column":6},"end":{"line":11,"column":11}},{"start":{"line":11,"column":15},"end":{"line":11,"column":40}},{"start":{"line":11,"column":44},"end":{"line":11,"column":67}}],"line":11}},"s":{"0":1,"1":7,"2":1,"3":6,"4":6,"5":4,"6":2,"7":1},"f":{"0":7},"b":{"0":[1,6],"1":[4,2],"2":[6,5,3]},"_coverageSchema":"1a1c01bbd47fc00a2c39e90264f33305004495a9","hash":"bb5f5802d46aebbee88f12463cc6f06a70041c52"}
,"C:\\backend0\\src\\middlewares\\validate.js": {"path":"C:\\backend0\\src\\middlewares\\validate.js","statementMap":{"0":{"start":{"line":1,"column":17},"end":{"line":15,"column":1}},"1":{"start":{"line":2,"column":2},"end":{"line":14,"column":4}},"2":{"start":{"line":3,"column":29},"end":{"line":3,"column":59}},"3":{"start":{"line":5,"column":4},"end":{"line":10,"column":5}},"4":{"start":{"line":6,"column":6},"end":{"line":9,"column":9}},"5":{"start":{"line":12,"column":4},"end":{"line":12,"column":21}},"6":{"start":{"line":13,"column":4},"end":{"line":13,"column":11}},"7":{"start":{"line":17,"column":0},"end":{"line":17,"column":26}}},"fnMap":{"0":{"name":"(anonymous_0)","decl":{"start":{"line":1,"column":17},"end":{"line":1,"column":18}},"loc":{"start":{"line":1,"column":34},"end":{"line":15,"column":1}},"line":1},"1":{"name":"(anonymous_1)","decl":{"start":{"line":2,"column":9},"end":{"line":2,"column":10}},"loc":{"start":{"line":2,"column":29},"end":{"line":14,"column":3}},"line":2}},"branchMap":{"0":{"loc":{"start":{"line":5,"column":4},"end":{"line":10,"column":5}},"type":"if","locations":[{"start":{"line":5,"column":4},"end":{"line":10,"column":5}},{"start":{},"end":{}}],"line":5}},"s":{"0":1,"1":28,"2":28,"3":28,"4":16,"5":12,"6":12,"7":1},"f":{"0":28,"1":28},"b":{"0":[16,12]},"_coverageSchema":"1a1c01bbd47fc00a2c39e90264f33305004495a9","hash":"e60c853f9d9eb2035810a18de40cdf1285669387"}
,"C:\\backend0\\src\\services\\cloudinaryService.js": {"path":"C:\\backend0\\src\\services\\cloudinaryService.js","statementMap":{"0":{"start":{"line":4,"column":4},"end":{"line":4,"column":35}},"1":{"start":{"line":8,"column":20},"end":{"line":23,"column":1}},"2":{"start":{"line":9,"column":2},"end":{"line":9,"column":31}},"3":{"start":{"line":11,"column":17},"end":{"line":14,"column":4}},"4":{"start":{"line":16,"column":2},"end":{"line":22,"column":4}},"5":{"start":{"line":26,"column":20},"end":{"line":37,"column":1}},"6":{"start":{"line":27,"column":2},"end":{"line":27,"column":31}},"7":{"start":{"line":29,"column":2},"end":{"line":31,"column":3}},"8":{"start":{"line":30,"column":4},"end":{"line":30,"column":54}},"9":{"start":{"line":33,"column":2},"end":{"line":36,"column":5}},"10":{"start":{"line":39,"column":0},"end":{"line":39,"column":46}}},"fnMap":{"0":{"name":"(anonymous_0)","decl":{"start":{"line":8,"column":20},"end":{"line":8,"column":21}},"loc":{"start":{"line":8,"column":76},"end":{"line":23,"column":1}},"line":8},"1":{"name":"(anonymous_1)","decl":{"start":{"line":26,"column":20},"end":{"line":26,"column":21}},"loc":{"start":{"line":26,"column":40},"end":{"line":37,"column":1}},"line":26}},"branchMap":{"0":{"loc":{"start":{"line":8,"column":33},"end":{"line":8,"column":71}},"type":"default-arg","locations":[{"start":{"line":8,"column":42},"end":{"line":8,"column":71}}],"line":8},"1":{"loc":{"start":{"line":12,"column":12},"end":{"line":12,"column":36}},"type":"binary-expr","locations":[{"start":{"line":12,"column":12},"end":{"line":12,"column":18}},{"start":{"line":12,"column":22},"end":{"line":12,"column":36}}],"line":12},"2":{"loc":{"start":{"line":29,"column":2},"end":{"line":31,"column":3}},"type":"if","locations":[{"start":{"line":29,"column":2},"end":{"line":31,"column":3}},{"start":{},"end":{}}],"line":29}},"s":{"0":1,"1":1,"2":0,"3":0,"4":0,"5":1,"6":0,"7":0,"8":0,"9":0,"10":1},"f":{"0":0,"1":0},"b":{"0":[0],"1":[0,0],"2":[0,0]},"_coverageSchema":"1a1c01bbd47fc00a2c39e90264f33305004495a9","hash":"219fa1d0d190ab32229d07dd5a4eb146a2a9f087"}
,"C:\\backend0\\tests\\base\\TestBase.js": {"path":"C:\\backend0\\tests\\base\\TestBase.js","statementMap":{"0":{"start":{"line":1,"column":41},"end":{"line":1,"column":68}},"1":{"start":{"line":5,"column":4},"end":{"line":5,"column":25}},"2":{"start":{"line":7,"column":4},"end":{"line":10,"column":6}},"3":{"start":{"line":11,"column":4},"end":{"line":11,"column":62}},"4":{"start":{"line":12,"column":4},"end":{"line":12,"column":41}},"5":{"start":{"line":13,"column":4},"end":{"line":19,"column":8}},"6":{"start":{"line":13,"column":52},"end":{"line":19,"column":5}},"7":{"start":{"line":20,"column":4},"end":{"line":20,"column":54}},"8":{"start":{"line":24,"column":4},"end":{"line":35,"column":6}},"9":{"start":{"line":39,"column":4},"end":{"line":39,"column":33}},"10":{"start":{"line":43,"column":16},"end":{"line":43,"column":18}},"11":{"start":{"line":44,"column":4},"end":{"line":44,"column":48}},"12":{"start":{"line":45,"column":4},"end":{"line":45,"column":46}},"13":{"start":{"line":46,"column":4},"end":{"line":46,"column":15}},"14":{"start":{"line":50,"column":0},"end":{"line":50,"column":26}}},"fnMap":{"0":{"name":"(anonymous_0)","decl":{"start":{"line":4,"column":2},"end":{"line":4,"column":3}},"loc":{"start":{"line":4,"column":10},"end":{"line":21,"column":3}},"line":4},"1":{"name":"(anonymous_1)","decl":{"start":{"line":13,"column":35},"end":{"line":13,"column":36}},"loc":{"start":{"line":13,"column":52},"end":{"line":19,"column":5}},"line":13},"2":{"name":"(anonymous_2)","decl":{"start":{"line":23,"column":2},"end":{"line":23,"column":3}},"loc":{"start":{"line":23,"column":39},"end":{"line":36,"column":3}},"line":23},"3":{"name":"(anonymous_3)","decl":{"start":{"line":38,"column":2},"end":{"line":38,"column":3}},"loc":{"start":{"line":38,"column":52},"end":{"line":40,"column":3}},"line":38},"4":{"name":"(anonymous_4)","decl":{"start":{"line":42,"column":2},"end":{"line":42,"column":3}},"loc":{"start":{"line":42,"column":19},"end":{"line":47,"column":3}},"line":42}},"branchMap":{"0":{"loc":{"start":{"line":23,"column":23},"end":{"line":23,"column":37}},"type":"default-arg","locations":[{"start":{"line":23,"column":35},"end":{"line":23,"column":37}}],"line":23},"1":{"loc":{"start":{"line":38,"column":16},"end":{"line":38,"column":50}},"type":"default-arg","locations":[{"start":{"line":38,"column":23},"end":{"line":38,"column":50}}],"line":38}},"s":{"0":1,"1":21,"2":21,"3":21,"4":21,"5":21,"6":7,"7":21,"8":21,"9":21,"10":21,"11":21,"12":21,"13":21,"14":1},"f":{"0":21,"1":7,"2":21,"3":21,"4":21},"b":{"0":[2],"1":[2]},"_coverageSchema":"1a1c01bbd47fc00a2c39e90264f33305004495a9","hash":"d40e450f10e98e5b811e056038a0a405ca24a480"}
}
