{"C:\\backend0\\src\\config\\cloudinary.js": {"path":"C:\\backend0\\src\\config\\cloudinary.js","statementMap":{"0":{"start":{"line":1,"column":0},"end":{"line":1,"column":27}},"1":{"start":{"line":3,"column":19},"end":{"line":3,"column":43}},"2":{"start":{"line":5,"column":25},"end":{"line":10,"column":1}},"3":{"start":{"line":14,"column":31},"end":{"line":18,"column":1}},"4":{"start":{"line":20,"column":0},"end":{"line":22,"column":1}},"5":{"start":{"line":21,"column":2},"end":{"line":21,"column":38}},"6":{"start":{"line":25,"column":35},"end":{"line":32,"column":1}},"7":{"start":{"line":26,"column":2},"end":{"line":31,"column":3}},"8":{"start":{"line":27,"column":4},"end":{"line":30,"column":6}},"9":{"start":{"line":34,"column":0},"end":{"line":38,"column":2}}},"fnMap":{"0":{"name":"(anonymous_0)","decl":{"start":{"line":25,"column":35},"end":{"line":25,"column":36}},"loc":{"start":{"line":25,"column":41},"end":{"line":32,"column":1}},"line":25}},"branchMap":{"0":{"loc":{"start":{"line":15,"column":2},"end":{"line":17,"column":29}},"type":"binary-expr","locations":[{"start":{"line":15,"column":2},"end":{"line":15,"column":29}},{"start":{"line":16,"column":2},"end":{"line":16,"column":26}},{"start":{"line":17,"column":2},"end":{"line":17,"column":29}}],"line":15},"1":{"loc":{"start":{"line":20,"column":0},"end":{"line":22,"column":1}},"type":"if","locations":[{"start":{"line":20,"column":0},"end":{"line":22,"column":1}},{"start":{},"end":{}}],"line":20},"2":{"loc":{"start":{"line":26,"column":2},"end":{"line":31,"column":3}},"type":"if","locations":[{"start":{"line":26,"column":2},"end":{"line":31,"column":3}},{"start":{},"end":{}}],"line":26}},"s":{"0":1,"1":1,"2":1,"3":1,"4":1,"5":1,"6":1,"7":0,"8":0,"9":1},"f":{"0":0},"b":{"0":[1,1,1],"1":[1,0],"2":[0,0]},"_coverageSchema":"1a1c01bbd47fc00a2c39e90264f33305004495a9","hash":"734f0e31a9fcad7b8a186b8fa1554a3665e6d321"}
,"C:\\backend0\\src\\controllers\\authController.js": {"path":"C:\\backend0\\src\\controllers\\authController.js","statementMap":{"0":{"start":{"line":1,"column":15},"end":{"line":1,"column":34}},"1":{"start":{"line":2,"column":41},"end":{"line":2,"column":61}},"2":{"start":{"line":3,"column":24},"end":{"line":3,"column":64}},"3":{"start":{"line":4,"column":20},"end":{"line":4,"column":63}},"4":{"start":{"line":6,"column":27},"end":{"line":6,"column":28}},"5":{"start":{"line":7,"column":31},"end":{"line":7,"column":45}},"6":{"start":{"line":10,"column":16},"end":{"line":12,"column":18}},"7":{"start":{"line":13,"column":15},"end":{"line":13,"column":49}},"8":{"start":{"line":14,"column":19},"end":{"line":14,"column":50}},"9":{"start":{"line":15,"column":31},"end":{"line":15,"column":74}},"10":{"start":{"line":16,"column":16},"end":{"line":16,"column":51}},"11":{"start":{"line":17,"column":18},"end":{"line":17,"column":55}},"12":{"start":{"line":18,"column":15},"end":{"line":18,"column":49}},"13":{"start":{"line":19,"column":19},"end":{"line":19,"column":57}},"14":{"start":{"line":20,"column":19},"end":{"line":20,"column":57}},"15":{"start":{"line":21,"column":2},"end":{"line":27,"column":3}},"16":{"start":{"line":22,"column":4},"end":{"line":26,"column":9}},"17":{"start":{"line":28,"column":2},"end":{"line":29,"column":78}},"18":{"start":{"line":29,"column":4},"end":{"line":29,"column":78}},"19":{"start":{"line":30,"column":2},"end":{"line":35,"column":9}},"20":{"start":{"line":31,"column":4},"end":{"line":35,"column":9}},"21":{"start":{"line":36,"column":2},"end":{"line":37,"column":75}},"22":{"start":{"line":37,"column":4},"end":{"line":37,"column":75}},"23":{"start":{"line":38,"column":22},"end":{"line":38,"column":51}},"24":{"start":{"line":40,"column":2},"end":{"line":62,"column":3}},"25":{"start":{"line":41,"column":4},"end":{"line":44,"column":6}},"26":{"start":{"line":45,"column":4},"end":{"line":57,"column":6}},"27":{"start":{"line":58,"column":4},"end":{"line":58,"column":31}},"28":{"start":{"line":60,"column":4},"end":{"line":60,"column":33}},"29":{"start":{"line":61,"column":4},"end":{"line":61,"column":16}},"30":{"start":{"line":63,"column":2},"end":{"line":63,"column":31}},"31":{"start":{"line":64,"column":2},"end":{"line":66,"column":75}},"32":{"start":{"line":70,"column":15},"end":{"line":70,"column":54}},"33":{"start":{"line":71,"column":2},"end":{"line":71,"column":77}},"34":{"start":{"line":71,"column":13},"end":{"line":71,"column":77}},"35":{"start":{"line":72,"column":15},"end":{"line":72,"column":49}},"36":{"start":{"line":73,"column":16},"end":{"line":73,"column":51}},"37":{"start":{"line":74,"column":2},"end":{"line":75,"column":79}},"38":{"start":{"line":75,"column":4},"end":{"line":75,"column":79}},"39":{"start":{"line":76,"column":18},"end":{"line":76,"column":33}},"40":{"start":{"line":77,"column":2},"end":{"line":87,"column":3}},"41":{"start":{"line":78,"column":4},"end":{"line":81,"column":71}},"42":{"start":{"line":79,"column":6},"end":{"line":81,"column":71}},"43":{"start":{"line":82,"column":21},"end":{"line":85,"column":5}},"44":{"start":{"line":86,"column":4},"end":{"line":86,"column":34}},"45":{"start":{"line":88,"column":2},"end":{"line":88,"column":29}},"46":{"start":{"line":89,"column":2},"end":{"line":92,"column":5}},"47":{"start":{"line":96,"column":15},"end":{"line":102,"column":4}},"48":{"start":{"line":103,"column":2},"end":{"line":103,"column":21}},"49":{"start":{"line":107,"column":17},"end":{"line":114,"column":3}},"50":{"start":{"line":115,"column":15},"end":{"line":117,"column":3}},"51":{"start":{"line":116,"column":26},"end":{"line":116,"column":71}},"52":{"start":{"line":118,"column":2},"end":{"line":123,"column":3}},"53":{"start":{"line":119,"column":17},"end":{"line":121,"column":6}},"54":{"start":{"line":122,"column":4},"end":{"line":122,"column":50}},"55":{"start":{"line":124,"column":2},"end":{"line":130,"column":9}},"56":{"start":{"line":125,"column":4},"end":{"line":130,"column":9}},"57":{"start":{"line":131,"column":16},"end":{"line":133,"column":4}},"58":{"start":{"line":134,"column":18},"end":{"line":138,"column":4}},"59":{"start":{"line":139,"column":2},"end":{"line":148,"column":6}},"60":{"start":{"line":140,"column":4},"end":{"line":148,"column":6}},"61":{"start":{"line":149,"column":2},"end":{"line":149,"column":71}},"62":{"start":{"line":153,"column":18},"end":{"line":155,"column":4}},"63":{"start":{"line":156,"column":2},"end":{"line":157,"column":72}},"64":{"start":{"line":157,"column":4},"end":{"line":157,"column":72}},"65":{"start":{"line":158,"column":2},"end":{"line":158,"column":26}},"66":{"start":{"line":159,"column":2},"end":{"line":159,"column":43}},"67":{"start":{"line":163,"column":16},"end":{"line":165,"column":18}},"68":{"start":{"line":166,"column":15},"end":{"line":166,"column":55}},"69":{"start":{"line":167,"column":2},"end":{"line":169,"column":3}},"70":{"start":{"line":168,"column":4},"end":{"line":168,"column":80}},"71":{"start":{"line":171,"column":2},"end":{"line":172,"column":70}},"72":{"start":{"line":172,"column":4},"end":{"line":172,"column":70}},"73":{"start":{"line":174,"column":14},"end":{"line":174,"column":24}},"74":{"start":{"line":175,"column":2},"end":{"line":184,"column":3}},"75":{"start":{"line":176,"column":30},"end":{"line":178,"column":5}},"76":{"start":{"line":179,"column":4},"end":{"line":179,"column":54}},"77":{"start":{"line":180,"column":4},"end":{"line":183,"column":7}},"78":{"start":{"line":186,"column":2},"end":{"line":188,"column":3}},"79":{"start":{"line":187,"column":4},"end":{"line":187,"column":72}},"80":{"start":{"line":190,"column":26},"end":{"line":193,"column":3}},"81":{"start":{"line":194,"column":2},"end":{"line":211,"column":3}},"82":{"start":{"line":195,"column":32},"end":{"line":195,"column":75}},"83":{"start":{"line":196,"column":4},"end":{"line":207,"column":5}},"84":{"start":{"line":197,"column":26},"end":{"line":197,"column":71}},"85":{"start":{"line":198,"column":6},"end":{"line":201,"column":9}},"86":{"start":{"line":202,"column":6},"end":{"line":202,"column":68}},"87":{"start":{"line":203,"column":6},"end":{"line":206,"column":9}},"88":{"start":{"line":209,"column":4},"end":{"line":209,"column":70}},"89":{"start":{"line":210,"column":4},"end":{"line":210,"column":80}},"90":{"start":{"line":213,"column":2},"end":{"line":215,"column":3}},"91":{"start":{"line":214,"column":4},"end":{"line":214,"column":72}},"92":{"start":{"line":217,"column":2},"end":{"line":217,"column":31}},"93":{"start":{"line":218,"column":2},"end":{"line":221,"column":5}},"94":{"start":{"line":225,"column":2},"end":{"line":226,"column":58}},"95":{"start":{"line":226,"column":4},"end":{"line":226,"column":58}},"96":{"start":{"line":227,"column":15},"end":{"line":227,"column":54}},"97":{"start":{"line":228,"column":2},"end":{"line":231,"column":6}},"98":{"start":{"line":229,"column":4},"end":{"line":231,"column":6}},"99":{"start":{"line":230,"column":6},"end":{"line":230,"column":52}},"100":{"start":{"line":232,"column":2},"end":{"line":232,"column":65}},"101":{"start":{"line":236,"column":2},"end":{"line":240,"column":5}},"102":{"start":{"line":237,"column":4},"end":{"line":237,"column":34}},"103":{"start":{"line":237,"column":15},"end":{"line":237,"column":34}},"104":{"start":{"line":238,"column":4},"end":{"line":238,"column":36}},"105":{"start":{"line":239,"column":4},"end":{"line":239,"column":43}},"106":{"start":{"line":243,"column":0},"end":{"line":252,"column":2}}},"fnMap":{"0":{"name":"register","decl":{"start":{"line":9,"column":15},"end":{"line":9,"column":23}},"loc":{"start":{"line":9,"column":34},"end":{"line":67,"column":1}},"line":9},"1":{"name":"profile","decl":{"start":{"line":69,"column":15},"end":{"line":69,"column":22}},"loc":{"start":{"line":69,"column":33},"end":{"line":93,"column":1}},"line":69},"2":{"name":"addresses","decl":{"start":{"line":95,"column":15},"end":{"line":95,"column":24}},"loc":{"start":{"line":95,"column":35},"end":{"line":104,"column":1}},"line":95},"3":{"name":"addAddress","decl":{"start":{"line":106,"column":15},"end":{"line":106,"column":25}},"loc":{"start":{"line":106,"column":36},"end":{"line":150,"column":1}},"line":106},"4":{"name":"(anonymous_4)","decl":{"start":{"line":116,"column":15},"end":{"line":116,"column":16}},"loc":{"start":{"line":116,"column":26},"end":{"line":116,"column":71}},"line":116},"5":{"name":"deleteAddress","decl":{"start":{"line":152,"column":15},"end":{"line":152,"column":28}},"loc":{"start":{"line":152,"column":39},"end":{"line":160,"column":1}},"line":152},"6":{"name":"login","decl":{"start":{"line":162,"column":15},"end":{"line":162,"column":20}},"loc":{"start":{"line":162,"column":31},"end":{"line":222,"column":1}},"line":162},"7":{"name":"me","decl":{"start":{"line":224,"column":15},"end":{"line":224,"column":17}},"loc":{"start":{"line":224,"column":28},"end":{"line":233,"column":1}},"line":224},"8":{"name":"(anonymous_8)","decl":{"start":{"line":229,"column":31},"end":{"line":229,"column":32}},"loc":{"start":{"line":230,"column":6},"end":{"line":230,"column":52}},"line":230},"9":{"name":"logout","decl":{"start":{"line":235,"column":9},"end":{"line":235,"column":15}},"loc":{"start":{"line":235,"column":32},"end":{"line":241,"column":1}},"line":235},"10":{"name":"(anonymous_10)","decl":{"start":{"line":236,"column":22},"end":{"line":236,"column":23}},"loc":{"start":{"line":236,"column":33},"end":{"line":240,"column":3}},"line":236}},"branchMap":{"0":{"loc":{"start":{"line":10,"column":23},"end":{"line":10,"column":43}},"type":"binary-expr","locations":[{"start":{"line":10,"column":23},"end":{"line":10,"column":37}},{"start":{"line":10,"column":41},"end":{"line":10,"column":43}}],"line":10},"1":{"loc":{"start":{"line":13,"column":22},"end":{"line":13,"column":41}},"type":"binary-expr","locations":[{"start":{"line":13,"column":22},"end":{"line":13,"column":35}},{"start":{"line":13,"column":39},"end":{"line":13,"column":41}}],"line":13},"2":{"loc":{"start":{"line":14,"column":26},"end":{"line":14,"column":49}},"type":"binary-expr","locations":[{"start":{"line":14,"column":26},"end":{"line":14,"column":43}},{"start":{"line":14,"column":47},"end":{"line":14,"column":49}}],"line":14},"3":{"loc":{"start":{"line":15,"column":38},"end":{"line":15,"column":73}},"type":"binary-expr","locations":[{"start":{"line":15,"column":38},"end":{"line":15,"column":67}},{"start":{"line":15,"column":71},"end":{"line":15,"column":73}}],"line":15},"4":{"loc":{"start":{"line":16,"column":23},"end":{"line":16,"column":43}},"type":"binary-expr","locations":[{"start":{"line":16,"column":23},"end":{"line":16,"column":37}},{"start":{"line":16,"column":41},"end":{"line":16,"column":43}}],"line":16},"5":{"loc":{"start":{"line":17,"column":25},"end":{"line":17,"column":47}},"type":"binary-expr","locations":[{"start":{"line":17,"column":25},"end":{"line":17,"column":41}},{"start":{"line":17,"column":45},"end":{"line":17,"column":47}}],"line":17},"6":{"loc":{"start":{"line":18,"column":22},"end":{"line":18,"column":41}},"type":"binary-expr","locations":[{"start":{"line":18,"column":22},"end":{"line":18,"column":35}},{"start":{"line":18,"column":39},"end":{"line":18,"column":41}}],"line":18},"7":{"loc":{"start":{"line":19,"column":26},"end":{"line":19,"column":49}},"type":"binary-expr","locations":[{"start":{"line":19,"column":26},"end":{"line":19,"column":43}},{"start":{"line":19,"column":47},"end":{"line":19,"column":49}}],"line":19},"8":{"loc":{"start":{"line":20,"column":26},"end":{"line":20,"column":49}},"type":"binary-expr","locations":[{"start":{"line":20,"column":26},"end":{"line":20,"column":43}},{"start":{"line":20,"column":47},"end":{"line":20,"column":49}}],"line":20},"9":{"loc":{"start":{"line":21,"column":2},"end":{"line":27,"column":3}},"type":"if","locations":[{"start":{"line":21,"column":2},"end":{"line":27,"column":3}},{"start":{},"end":{}}],"line":21},"10":{"loc":{"start":{"line":21,"column":6},"end":{"line":21,"column":77}},"type":"binary-expr","locations":[{"start":{"line":21,"column":6},"end":{"line":21,"column":11}},{"start":{"line":21,"column":15},"end":{"line":21,"column":21}},{"start":{"line":21,"column":25},"end":{"line":21,"column":54}},{"start":{"line":21,"column":58},"end":{"line":21,"column":77}}],"line":21},"11":{"loc":{"start":{"line":28,"column":2},"end":{"line":29,"column":78}},"type":"if","locations":[{"start":{"line":28,"column":2},"end":{"line":29,"column":78}},{"start":{},"end":{}}],"line":28},"12":{"loc":{"start":{"line":30,"column":2},"end":{"line":35,"column":9}},"type":"if","locations":[{"start":{"line":30,"column":2},"end":{"line":35,"column":9}},{"start":{},"end":{}}],"line":30},"13":{"loc":{"start":{"line":30,"column":6},"end":{"line":30,"column":37}},"type":"binary-expr","locations":[{"start":{"line":30,"column":6},"end":{"line":30,"column":12}},{"start":{"line":30,"column":16},"end":{"line":30,"column":24}},{"start":{"line":30,"column":28},"end":{"line":30,"column":37}}],"line":30},"14":{"loc":{"start":{"line":36,"column":2},"end":{"line":37,"column":75}},"type":"if","locations":[{"start":{"line":36,"column":2},"end":{"line":37,"column":75}},{"start":{},"end":{}}],"line":36},"15":{"loc":{"start":{"line":71,"column":2},"end":{"line":71,"column":77}},"type":"if","locations":[{"start":{"line":71,"column":2},"end":{"line":71,"column":77}},{"start":{},"end":{}}],"line":71},"16":{"loc":{"start":{"line":72,"column":22},"end":{"line":72,"column":41}},"type":"binary-expr","locations":[{"start":{"line":72,"column":22},"end":{"line":72,"column":35}},{"start":{"line":72,"column":39},"end":{"line":72,"column":41}}],"line":72},"17":{"loc":{"start":{"line":73,"column":23},"end":{"line":73,"column":43}},"type":"binary-expr","locations":[{"start":{"line":73,"column":23},"end":{"line":73,"column":37}},{"start":{"line":73,"column":41},"end":{"line":73,"column":43}}],"line":73},"18":{"loc":{"start":{"line":74,"column":2},"end":{"line":75,"column":79}},"type":"if","locations":[{"start":{"line":74,"column":2},"end":{"line":75,"column":79}},{"start":{},"end":{}}],"line":74},"19":{"loc":{"start":{"line":77,"column":2},"end":{"line":87,"column":3}},"type":"if","locations":[{"start":{"line":77,"column":2},"end":{"line":87,"column":3}},{"start":{},"end":{}}],"line":77},"20":{"loc":{"start":{"line":78,"column":4},"end":{"line":81,"column":71}},"type":"if","locations":[{"start":{"line":78,"column":4},"end":{"line":81,"column":71}},{"start":{},"end":{}}],"line":78},"21":{"loc":{"start":{"line":84,"column":9},"end":{"line":84,"column":56}},"type":"binary-expr","locations":[{"start":{"line":84,"column":9},"end":{"line":84,"column":38}},{"start":{"line":84,"column":42},"end":{"line":84,"column":56}}],"line":84},"22":{"loc":{"start":{"line":116,"column":41},"end":{"line":116,"column":62}},"type":"binary-expr","locations":[{"start":{"line":116,"column":41},"end":{"line":116,"column":56}},{"start":{"line":116,"column":60},"end":{"line":116,"column":62}}],"line":116},"23":{"loc":{"start":{"line":118,"column":2},"end":{"line":123,"column":3}},"type":"if","locations":[{"start":{"line":118,"column":2},"end":{"line":123,"column":3}},{"start":{},"end":{}}],"line":118},"24":{"loc":{"start":{"line":122,"column":24},"end":{"line":122,"column":41}},"type":"binary-expr","locations":[{"start":{"line":122,"column":24},"end":{"line":122,"column":35}},{"start":{"line":122,"column":39},"end":{"line":122,"column":41}}],"line":122},"25":{"loc":{"start":{"line":124,"column":2},"end":{"line":130,"column":9}},"type":"if","locations":[{"start":{"line":124,"column":2},"end":{"line":130,"column":9}},{"start":{},"end":{}}],"line":124},"26":{"loc":{"start":{"line":124,"column":6},"end":{"line":124,"column":75}},"type":"binary-expr","locations":[{"start":{"line":124,"column":6},"end":{"line":124,"column":25}},{"start":{"line":124,"column":29},"end":{"line":124,"column":40}},{"start":{"line":124,"column":44},"end":{"line":124,"column":57}},{"start":{"line":124,"column":61},"end":{"line":124,"column":75}}],"line":124},"27":{"loc":{"start":{"line":137,"column":16},"end":{"line":137,"column":59}},"type":"binary-expr","locations":[{"start":{"line":137,"column":16},"end":{"line":137,"column":27}},{"start":{"line":137,"column":31},"end":{"line":137,"column":59}}],"line":137},"28":{"loc":{"start":{"line":139,"column":2},"end":{"line":148,"column":6}},"type":"if","locations":[{"start":{"line":139,"column":2},"end":{"line":148,"column":6}},{"start":{},"end":{}}],"line":139},"29":{"loc":{"start":{"line":156,"column":2},"end":{"line":157,"column":72}},"type":"if","locations":[{"start":{"line":156,"column":2},"end":{"line":157,"column":72}},{"start":{},"end":{}}],"line":156},"30":{"loc":{"start":{"line":163,"column":23},"end":{"line":163,"column":43}},"type":"binary-expr","locations":[{"start":{"line":163,"column":23},"end":{"line":163,"column":37}},{"start":{"line":163,"column":41},"end":{"line":163,"column":43}}],"line":163},"31":{"loc":{"start":{"line":167,"column":2},"end":{"line":169,"column":3}},"type":"if","locations":[{"start":{"line":167,"column":2},"end":{"line":169,"column":3}},{"start":{},"end":{}}],"line":167},"32":{"loc":{"start":{"line":171,"column":2},"end":{"line":172,"column":70}},"type":"if","locations":[{"start":{"line":171,"column":2},"end":{"line":172,"column":70}},{"start":{},"end":{}}],"line":171},"33":{"loc":{"start":{"line":175,"column":2},"end":{"line":184,"column":3}},"type":"if","locations":[{"start":{"line":175,"column":2},"end":{"line":184,"column":3}},{"start":{},"end":{}}],"line":175},"34":{"loc":{"start":{"line":175,"column":6},"end":{"line":175,"column":60}},"type":"binary-expr","locations":[{"start":{"line":175,"column":6},"end":{"line":175,"column":23}},{"start":{"line":175,"column":27},"end":{"line":175,"column":60}}],"line":175},"35":{"loc":{"start":{"line":186,"column":2},"end":{"line":188,"column":3}},"type":"if","locations":[{"start":{"line":186,"column":2},"end":{"line":188,"column":3}},{"start":{},"end":{}}],"line":186},"36":{"loc":{"start":{"line":191,"column":11},"end":{"line":191,"column":34}},"type":"binary-expr","locations":[{"start":{"line":191,"column":11},"end":{"line":191,"column":28}},{"start":{"line":191,"column":32},"end":{"line":191,"column":34}}],"line":191},"37":{"loc":{"start":{"line":194,"column":2},"end":{"line":211,"column":3}},"type":"if","locations":[{"start":{"line":194,"column":2},"end":{"line":211,"column":3}},{"start":{},"end":{}}],"line":194},"38":{"loc":{"start":{"line":195,"column":39},"end":{"line":195,"column":70}},"type":"binary-expr","locations":[{"start":{"line":195,"column":39},"end":{"line":195,"column":65}},{"start":{"line":195,"column":69},"end":{"line":195,"column":70}}],"line":195},"39":{"loc":{"start":{"line":196,"column":4},"end":{"line":207,"column":5}},"type":"if","locations":[{"start":{"line":196,"column":4},"end":{"line":207,"column":5}},{"start":{},"end":{}}],"line":196},"40":{"loc":{"start":{"line":213,"column":2},"end":{"line":215,"column":3}},"type":"if","locations":[{"start":{"line":213,"column":2},"end":{"line":215,"column":3}},{"start":{},"end":{}}],"line":213},"41":{"loc":{"start":{"line":213,"column":6},"end":{"line":213,"column":53}},"type":"binary-expr","locations":[{"start":{"line":213,"column":6},"end":{"line":213,"column":32}},{"start":{"line":213,"column":36},"end":{"line":213,"column":53}}],"line":213},"42":{"loc":{"start":{"line":225,"column":2},"end":{"line":226,"column":58}},"type":"if","locations":[{"start":{"line":225,"column":2},"end":{"line":226,"column":58}},{"start":{},"end":{}}],"line":225},"43":{"loc":{"start":{"line":228,"column":2},"end":{"line":231,"column":6}},"type":"if","locations":[{"start":{"line":228,"column":2},"end":{"line":231,"column":6}},{"start":{},"end":{}}],"line":228},"44":{"loc":{"start":{"line":228,"column":6},"end":{"line":228,"column":40}},"type":"binary-expr","locations":[{"start":{"line":228,"column":6},"end":{"line":228,"column":11}},{"start":{"line":228,"column":15},"end":{"line":228,"column":40}}],"line":228},"45":{"loc":{"start":{"line":237,"column":4},"end":{"line":237,"column":34}},"type":"if","locations":[{"start":{"line":237,"column":4},"end":{"line":237,"column":34}},{"start":{},"end":{}}],"line":237}},"s":{"0":3,"1":3,"2":3,"3":3,"4":3,"5":3,"6":21,"7":21,"8":21,"9":21,"10":21,"11":21,"12":21,"13":21,"14":21,"15":21,"16":8,"17":13,"18":2,"19":11,"20":3,"21":8,"22":1,"23":7,"24":7,"25":7,"26":7,"27":6,"28":1,"29":1,"30":6,"31":6,"32":3,"33":3,"34":0,"35":3,"36":3,"37":3,"38":1,"39":2,"40":2,"41":2,"42":1,"43":1,"44":1,"45":1,"46":1,"47":1,"48":1,"49":1,"50":1,"51":6,"52":1,"53":1,"54":1,"55":1,"56":0,"57":1,"58":1,"59":1,"60":1,"61":1,"62":1,"63":1,"64":1,"65":0,"66":0,"67":8,"68":8,"69":8,"70":2,"71":6,"72":1,"73":5,"74":5,"75":1,"76":1,"77":1,"78":4,"79":1,"80":4,"81":4,"82":2,"83":2,"84":1,"85":1,"86":1,"87":1,"88":1,"89":1,"90":2,"91":1,"92":2,"93":2,"94":1,"95":0,"96":1,"97":1,"98":1,"99":1,"100":0,"101":2,"102":2,"103":1,"104":1,"105":1,"106":3},"f":{"0":21,"1":3,"2":1,"3":1,"4":6,"5":1,"6":8,"7":1,"8":1,"9":2,"10":2},"b":{"0":[21,1],"1":[21,1],"2":[21,1],"3":[21,1],"4":[21,1],"5":[21,1],"6":[21,1],"7":[21,1],"8":[21,1],"9":[8,13],"10":[21,19,18,15],"11":[2,11],"12":[3,8],"13":[11,10,9],"14":[1,7],"15":[0,3],"16":[3,0],"17":[3,1],"18":[1,2],"19":[2,0],"20":[1,1],"21":[1,1],"22":[6,3],"23":[1,0],"24":[1,0],"25":[0,1],"26":[1,1,1,1],"27":[1,0],"28":[1,0],"29":[1,0],"30":[8,1],"31":[2,6],"32":[1,5],"33":[1,4],"34":[5,2],"35":[1,3],"36":[4,0],"37":[2,2],"38":[2,0],"39":[1,1],"40":[1,1],"41":[2,1],"42":[0,1],"43":[1,0],"44":[1,1],"45":[1,1]},"_coverageSchema":"1a1c01bbd47fc00a2c39e90264f33305004495a9","hash":"2bfee68bb1792632553141ec719cc28e221fd3e1"}
,"C:\\backend0\\src\\controllers\\bannerController.js": {"path":"C:\\backend0\\src\\controllers\\bannerController.js","statementMap":{"0":{"start":{"line":1,"column":11},"end":{"line":1,"column":31}},"1":{"start":{"line":2,"column":24},"end":{"line":2,"column":73}},"2":{"start":{"line":3,"column":24},"end":{"line":3,"column":73}},"3":{"start":{"line":4,"column":22},"end":{"line":4,"column":69}},"4":{"start":{"line":7,"column":18},"end":{"line":7,"column":161}},"5":{"start":{"line":9,"column":2},"end":{"line":12,"column":5}},"6":{"start":{"line":11,"column":34},"end":{"line":11,"column":59}},"7":{"start":{"line":16,"column":17},"end":{"line":16,"column":27}},"8":{"start":{"line":17,"column":17},"end":{"line":17,"column":202}},"9":{"start":{"line":19,"column":2},"end":{"line":23,"column":3}},"10":{"start":{"line":20,"column":4},"end":{"line":22,"column":7}},"11":{"start":{"line":25,"column":2},"end":{"line":28,"column":5}},"12":{"start":{"line":32,"column":21},"end":{"line":32,"column":50}},"13":{"start":{"line":33,"column":17},"end":{"line":33,"column":51}},"14":{"start":{"line":35,"column":2},"end":{"line":38,"column":5}},"15":{"start":{"line":42,"column":17},"end":{"line":42,"column":27}},"16":{"start":{"line":43,"column":17},"end":{"line":43,"column":45}},"17":{"start":{"line":45,"column":2},"end":{"line":49,"column":3}},"18":{"start":{"line":46,"column":4},"end":{"line":48,"column":7}},"19":{"start":{"line":51,"column":21},"end":{"line":51,"column":50}},"20":{"start":{"line":52,"column":2},"end":{"line":52,"column":34}},"21":{"start":{"line":54,"column":2},"end":{"line":57,"column":5}},"22":{"start":{"line":61,"column":17},"end":{"line":61,"column":27}},"23":{"start":{"line":62,"column":17},"end":{"line":62,"column":45}},"24":{"start":{"line":64,"column":2},"end":{"line":68,"column":3}},"25":{"start":{"line":65,"column":4},"end":{"line":67,"column":7}},"26":{"start":{"line":70,"column":2},"end":{"line":70,"column":25}},"27":{"start":{"line":72,"column":2},"end":{"line":74,"column":5}},"28":{"start":{"line":77,"column":0},"end":{"line":83,"column":2}}},"fnMap":{"0":{"name":"getBanners","decl":{"start":{"line":6,"column":15},"end":{"line":6,"column":25}},"loc":{"start":{"line":6,"column":36},"end":{"line":13,"column":1}},"line":6},"1":{"name":"(anonymous_1)","decl":{"start":{"line":11,"column":22},"end":{"line":11,"column":23}},"loc":{"start":{"line":11,"column":34},"end":{"line":11,"column":59}},"line":11},"2":{"name":"getBannersBYID","decl":{"start":{"line":15,"column":15},"end":{"line":15,"column":29}},"loc":{"start":{"line":15,"column":40},"end":{"line":29,"column":1}},"line":15},"3":{"name":"insertBanners","decl":{"start":{"line":31,"column":15},"end":{"line":31,"column":28}},"loc":{"start":{"line":31,"column":39},"end":{"line":39,"column":1}},"line":31},"4":{"name":"updateBanners","decl":{"start":{"line":41,"column":15},"end":{"line":41,"column":28}},"loc":{"start":{"line":41,"column":39},"end":{"line":58,"column":1}},"line":41},"5":{"name":"deleteBanners","decl":{"start":{"line":60,"column":15},"end":{"line":60,"column":28}},"loc":{"start":{"line":60,"column":39},"end":{"line":75,"column":1}},"line":60}},"branchMap":{"0":{"loc":{"start":{"line":19,"column":2},"end":{"line":23,"column":3}},"type":"if","locations":[{"start":{"line":19,"column":2},"end":{"line":23,"column":3}},{"start":{},"end":{}}],"line":19},"1":{"loc":{"start":{"line":45,"column":2},"end":{"line":49,"column":3}},"type":"if","locations":[{"start":{"line":45,"column":2},"end":{"line":49,"column":3}},{"start":{},"end":{}}],"line":45},"2":{"loc":{"start":{"line":64,"column":2},"end":{"line":68,"column":3}},"type":"if","locations":[{"start":{"line":64,"column":2},"end":{"line":68,"column":3}},{"start":{},"end":{}}],"line":64}},"s":{"0":1,"1":1,"2":1,"3":1,"4":0,"5":0,"6":0,"7":0,"8":0,"9":0,"10":0,"11":0,"12":1,"13":1,"14":1,"15":2,"16":2,"17":2,"18":1,"19":1,"20":1,"21":1,"22":2,"23":2,"24":2,"25":1,"26":1,"27":1,"28":1},"f":{"0":0,"1":0,"2":0,"3":1,"4":2,"5":2},"b":{"0":[0,0],"1":[1,1],"2":[1,1]},"_coverageSchema":"1a1c01bbd47fc00a2c39e90264f33305004495a9","hash":"1ff6b47bfe5e4d48655ae115bef26e752ad5cccc"}
,"C:\\backend0\\src\\controllers\\brandController.js": {"path":"C:\\backend0\\src\\controllers\\brandController.js","statementMap":{"0":{"start":{"line":1,"column":11},"end":{"line":1,"column":31}},"1":{"start":{"line":2,"column":23},"end":{"line":2,"column":70}},"2":{"start":{"line":3,"column":23},"end":{"line":3,"column":70}},"3":{"start":{"line":4,"column":21},"end":{"line":4,"column":66}},"4":{"start":{"line":7,"column":17},"end":{"line":7,"column":141}},"5":{"start":{"line":9,"column":2},"end":{"line":12,"column":5}},"6":{"start":{"line":11,"column":32},"end":{"line":11,"column":55}},"7":{"start":{"line":16,"column":17},"end":{"line":16,"column":27}},"8":{"start":{"line":17,"column":16},"end":{"line":17,"column":161}},"9":{"start":{"line":19,"column":2},"end":{"line":23,"column":3}},"10":{"start":{"line":20,"column":4},"end":{"line":22,"column":7}},"11":{"start":{"line":25,"column":2},"end":{"line":28,"column":5}},"12":{"start":{"line":32,"column":20},"end":{"line":32,"column":48}},"13":{"start":{"line":33,"column":16},"end":{"line":33,"column":48}},"14":{"start":{"line":35,"column":2},"end":{"line":38,"column":5}},"15":{"start":{"line":42,"column":17},"end":{"line":42,"column":27}},"16":{"start":{"line":43,"column":16},"end":{"line":43,"column":43}},"17":{"start":{"line":45,"column":2},"end":{"line":49,"column":3}},"18":{"start":{"line":46,"column":4},"end":{"line":48,"column":7}},"19":{"start":{"line":51,"column":20},"end":{"line":51,"column":48}},"20":{"start":{"line":52,"column":2},"end":{"line":52,"column":32}},"21":{"start":{"line":54,"column":2},"end":{"line":57,"column":5}},"22":{"start":{"line":61,"column":17},"end":{"line":61,"column":27}},"23":{"start":{"line":62,"column":16},"end":{"line":62,"column":43}},"24":{"start":{"line":64,"column":2},"end":{"line":68,"column":3}},"25":{"start":{"line":65,"column":4},"end":{"line":67,"column":7}},"26":{"start":{"line":70,"column":2},"end":{"line":70,"column":24}},"27":{"start":{"line":72,"column":2},"end":{"line":74,"column":5}},"28":{"start":{"line":77,"column":0},"end":{"line":83,"column":2}}},"fnMap":{"0":{"name":"getBrands","decl":{"start":{"line":6,"column":15},"end":{"line":6,"column":24}},"loc":{"start":{"line":6,"column":35},"end":{"line":13,"column":1}},"line":6},"1":{"name":"(anonymous_1)","decl":{"start":{"line":11,"column":21},"end":{"line":11,"column":22}},"loc":{"start":{"line":11,"column":32},"end":{"line":11,"column":55}},"line":11},"2":{"name":"getBrandsBYID","decl":{"start":{"line":15,"column":15},"end":{"line":15,"column":28}},"loc":{"start":{"line":15,"column":39},"end":{"line":29,"column":1}},"line":15},"3":{"name":"insertBrands","decl":{"start":{"line":31,"column":15},"end":{"line":31,"column":27}},"loc":{"start":{"line":31,"column":38},"end":{"line":39,"column":1}},"line":31},"4":{"name":"updateBrands","decl":{"start":{"line":41,"column":15},"end":{"line":41,"column":27}},"loc":{"start":{"line":41,"column":38},"end":{"line":58,"column":1}},"line":41},"5":{"name":"deleteBrands","decl":{"start":{"line":60,"column":15},"end":{"line":60,"column":27}},"loc":{"start":{"line":60,"column":38},"end":{"line":75,"column":1}},"line":60}},"branchMap":{"0":{"loc":{"start":{"line":19,"column":2},"end":{"line":23,"column":3}},"type":"if","locations":[{"start":{"line":19,"column":2},"end":{"line":23,"column":3}},{"start":{},"end":{}}],"line":19},"1":{"loc":{"start":{"line":45,"column":2},"end":{"line":49,"column":3}},"type":"if","locations":[{"start":{"line":45,"column":2},"end":{"line":49,"column":3}},{"start":{},"end":{}}],"line":45},"2":{"loc":{"start":{"line":64,"column":2},"end":{"line":68,"column":3}},"type":"if","locations":[{"start":{"line":64,"column":2},"end":{"line":68,"column":3}},{"start":{},"end":{}}],"line":64}},"s":{"0":1,"1":1,"2":1,"3":1,"4":0,"5":0,"6":0,"7":0,"8":0,"9":0,"10":0,"11":0,"12":1,"13":1,"14":1,"15":2,"16":2,"17":2,"18":1,"19":1,"20":1,"21":1,"22":2,"23":2,"24":2,"25":1,"26":1,"27":1,"28":1},"f":{"0":0,"1":0,"2":0,"3":1,"4":2,"5":2},"b":{"0":[0,0],"1":[1,1],"2":[1,1]},"_coverageSchema":"1a1c01bbd47fc00a2c39e90264f33305004495a9","hash":"0d5aee850f977e54787112b875349df2e6849dfd"}
,"C:\\backend0\\src\\controllers\\categoryController.js": {"path":"C:\\backend0\\src\\controllers\\categoryController.js","statementMap":{"0":{"start":{"line":1,"column":11},"end":{"line":1,"column":31}},"1":{"start":{"line":2,"column":26},"end":{"line":2,"column":79}},"2":{"start":{"line":3,"column":26},"end":{"line":3,"column":79}},"3":{"start":{"line":4,"column":24},"end":{"line":4,"column":75}},"4":{"start":{"line":7,"column":21},"end":{"line":7,"column":48}},"5":{"start":{"line":9,"column":2},"end":{"line":12,"column":5}},"6":{"start":{"line":11,"column":39},"end":{"line":11,"column":68}},"7":{"start":{"line":16,"column":17},"end":{"line":16,"column":27}},"8":{"start":{"line":17,"column":19},"end":{"line":17,"column":49}},"9":{"start":{"line":19,"column":2},"end":{"line":23,"column":3}},"10":{"start":{"line":20,"column":4},"end":{"line":22,"column":7}},"11":{"start":{"line":25,"column":2},"end":{"line":28,"column":5}},"12":{"start":{"line":32,"column":23},"end":{"line":32,"column":54}},"13":{"start":{"line":33,"column":19},"end":{"line":33,"column":57}},"14":{"start":{"line":35,"column":2},"end":{"line":38,"column":5}},"15":{"start":{"line":42,"column":17},"end":{"line":42,"column":27}},"16":{"start":{"line":43,"column":19},"end":{"line":43,"column":49}},"17":{"start":{"line":45,"column":2},"end":{"line":49,"column":3}},"18":{"start":{"line":46,"column":4},"end":{"line":48,"column":7}},"19":{"start":{"line":51,"column":23},"end":{"line":51,"column":54}},"20":{"start":{"line":52,"column":2},"end":{"line":52,"column":38}},"21":{"start":{"line":54,"column":2},"end":{"line":57,"column":5}},"22":{"start":{"line":61,"column":17},"end":{"line":61,"column":27}},"23":{"start":{"line":62,"column":19},"end":{"line":62,"column":49}},"24":{"start":{"line":64,"column":2},"end":{"line":68,"column":3}},"25":{"start":{"line":65,"column":4},"end":{"line":67,"column":7}},"26":{"start":{"line":70,"column":2},"end":{"line":70,"column":27}},"27":{"start":{"line":72,"column":2},"end":{"line":74,"column":5}},"28":{"start":{"line":77,"column":0},"end":{"line":83,"column":2}}},"fnMap":{"0":{"name":"getCategories","decl":{"start":{"line":6,"column":15},"end":{"line":6,"column":28}},"loc":{"start":{"line":6,"column":39},"end":{"line":13,"column":1}},"line":6},"1":{"name":"(anonymous_1)","decl":{"start":{"line":11,"column":25},"end":{"line":11,"column":26}},"loc":{"start":{"line":11,"column":39},"end":{"line":11,"column":68}},"line":11},"2":{"name":"getCategoriesBYID","decl":{"start":{"line":15,"column":15},"end":{"line":15,"column":32}},"loc":{"start":{"line":15,"column":43},"end":{"line":29,"column":1}},"line":15},"3":{"name":"insertCategories","decl":{"start":{"line":31,"column":15},"end":{"line":31,"column":31}},"loc":{"start":{"line":31,"column":42},"end":{"line":39,"column":1}},"line":31},"4":{"name":"updateCategories","decl":{"start":{"line":41,"column":15},"end":{"line":41,"column":31}},"loc":{"start":{"line":41,"column":42},"end":{"line":58,"column":1}},"line":41},"5":{"name":"deleteCategories","decl":{"start":{"line":60,"column":15},"end":{"line":60,"column":31}},"loc":{"start":{"line":60,"column":42},"end":{"line":75,"column":1}},"line":60}},"branchMap":{"0":{"loc":{"start":{"line":19,"column":2},"end":{"line":23,"column":3}},"type":"if","locations":[{"start":{"line":19,"column":2},"end":{"line":23,"column":3}},{"start":{},"end":{}}],"line":19},"1":{"loc":{"start":{"line":45,"column":2},"end":{"line":49,"column":3}},"type":"if","locations":[{"start":{"line":45,"column":2},"end":{"line":49,"column":3}},{"start":{},"end":{}}],"line":45},"2":{"loc":{"start":{"line":64,"column":2},"end":{"line":68,"column":3}},"type":"if","locations":[{"start":{"line":64,"column":2},"end":{"line":68,"column":3}},{"start":{},"end":{}}],"line":64}},"s":{"0":1,"1":1,"2":1,"3":1,"4":0,"5":0,"6":0,"7":0,"8":0,"9":0,"10":0,"11":0,"12":1,"13":1,"14":1,"15":2,"16":2,"17":2,"18":1,"19":1,"20":1,"21":1,"22":2,"23":2,"24":2,"25":1,"26":1,"27":1,"28":1},"f":{"0":0,"1":0,"2":0,"3":1,"4":2,"5":2},"b":{"0":[0,0],"1":[1,1],"2":[1,1]},"_coverageSchema":"1a1c01bbd47fc00a2c39e90264f33305004495a9","hash":"8ac51a3d58190d72d73e190ec6747dccf28397dd"}
,"C:\\backend0\\src\\controllers\\chatController.js": {"path":"C:\\backend0\\src\\controllers\\chatController.js","statementMap":{"0":{"start":{"line":1,"column":11},"end":{"line":1,"column":31}},"1":{"start":{"line":2,"column":25},"end":{"line":2,"column":61}},"2":{"start":{"line":3,"column":16},"end":{"line":3,"column":55}},"3":{"start":{"line":4,"column":20},"end":{"line":4,"column":63}},"4":{"start":{"line":5,"column":26},"end":{"line":5,"column":61}},"5":{"start":{"line":7,"column":18},"end":{"line":8,"column":67}},"6":{"start":{"line":7,"column":29},"end":{"line":8,"column":67}},"7":{"start":{"line":9,"column":14},"end":{"line":9,"column":74}},"8":{"start":{"line":9,"column":25},"end":{"line":9,"column":74}},"9":{"start":{"line":10,"column":26},"end":{"line":17,"column":1}},"10":{"start":{"line":20,"column":51},"end":{"line":34,"column":4}},"11":{"start":{"line":36,"column":2},"end":{"line":63,"column":4}},"12":{"start":{"line":40,"column":19},"end":{"line":40,"column":45}},"13":{"start":{"line":41,"column":6},"end":{"line":61,"column":8}},"14":{"start":{"line":52,"column":61},"end":{"line":60,"column":9}},"15":{"start":{"line":68,"column":19},"end":{"line":68,"column":37}},"16":{"start":{"line":69,"column":19},"end":{"line":69,"column":52}},"17":{"start":{"line":71,"column":2},"end":{"line":79,"column":3}},"18":{"start":{"line":72,"column":22},"end":{"line":72,"column":47}},"19":{"start":{"line":73,"column":19},"end":{"line":73,"column":47}},"20":{"start":{"line":74,"column":4},"end":{"line":74,"column":65}},"21":{"start":{"line":74,"column":17},"end":{"line":74,"column":65}},"22":{"start":{"line":75,"column":4},"end":{"line":77,"column":5}},"23":{"start":{"line":76,"column":6},"end":{"line":76,"column":132}},"24":{"start":{"line":78,"column":4},"end":{"line":78,"column":189}},"25":{"start":{"line":81,"column":2},"end":{"line":83,"column":3}},"26":{"start":{"line":82,"column":4},"end":{"line":82,"column":184}},"27":{"start":{"line":84,"column":2},"end":{"line":86,"column":3}},"28":{"start":{"line":85,"column":4},"end":{"line":85,"column":108}},"29":{"start":{"line":87,"column":2},"end":{"line":90,"column":3}},"30":{"start":{"line":88,"column":24},"end":{"line":88,"column":86}},"31":{"start":{"line":88,"column":62},"end":{"line":88,"column":74}},"32":{"start":{"line":89,"column":4},"end":{"line":89,"column":177}},"33":{"start":{"line":91,"column":2},"end":{"line":91,"column":102}},"34":{"start":{"line":91,"column":24},"end":{"line":91,"column":102}},"35":{"start":{"line":92,"column":2},"end":{"line":94,"column":15}},"36":{"start":{"line":93,"column":4},"end":{"line":93,"column":129}},"37":{"start":{"line":98,"column":19},"end":{"line":98,"column":37}},"38":{"start":{"line":99,"column":20},"end":{"line":99,"column":78}},"39":{"start":{"line":99,"column":49},"end":{"line":99,"column":77}},"40":{"start":{"line":100,"column":18},"end":{"line":101,"column":64}},"41":{"start":{"line":100,"column":48},"end":{"line":101,"column":63}},"42":{"start":{"line":101,"column":20},"end":{"line":101,"column":62}},"43":{"start":{"line":102,"column":26},"end":{"line":103,"column":48}},"44":{"start":{"line":103,"column":22},"end":{"line":103,"column":47}},"45":{"start":{"line":104,"column":2},"end":{"line":104,"column":83}},"46":{"start":{"line":107,"column":26},"end":{"line":111,"column":58}},"47":{"start":{"line":107,"column":39},"end":{"line":111,"column":58}},"48":{"start":{"line":111,"column":21},"end":{"line":111,"column":57}},"49":{"start":{"line":114,"column":15},"end":{"line":114,"column":36}},"50":{"start":{"line":115,"column":18},"end":{"line":115,"column":30}},"51":{"start":{"line":118,"column":2},"end":{"line":136,"column":3}},"52":{"start":{"line":119,"column":4},"end":{"line":135,"column":5}},"53":{"start":{"line":120,"column":21},"end":{"line":120,"column":53}},"54":{"start":{"line":121,"column":21},"end":{"line":121,"column":122}},"55":{"start":{"line":122,"column":6},"end":{"line":122,"column":82}},"56":{"start":{"line":124,"column":6},"end":{"line":124,"column":76}},"57":{"start":{"line":125,"column":6},"end":{"line":130,"column":7}},"58":{"start":{"line":126,"column":8},"end":{"line":129,"column":13}},"59":{"start":{"line":131,"column":6},"end":{"line":134,"column":11}},"60":{"start":{"line":139,"column":18},"end":{"line":139,"column":40}},"61":{"start":{"line":140,"column":19},"end":{"line":142,"column":86}},"62":{"start":{"line":141,"column":22},"end":{"line":141,"column":93}},"63":{"start":{"line":142,"column":20},"end":{"line":142,"column":84}},"64":{"start":{"line":143,"column":2},"end":{"line":143,"column":62}},"65":{"start":{"line":145,"column":43},"end":{"line":155,"column":4}},"66":{"start":{"line":156,"column":18},"end":{"line":156,"column":73}},"67":{"start":{"line":156,"column":44},"end":{"line":156,"column":72}},"68":{"start":{"line":157,"column":28},"end":{"line":169,"column":55}},"69":{"start":{"line":173,"column":2},"end":{"line":193,"column":3}},"70":{"start":{"line":174,"column":19},"end":{"line":184,"column":6}},"71":{"start":{"line":185,"column":4},"end":{"line":185,"column":27}},"72":{"start":{"line":186,"column":16},"end":{"line":186,"column":54}},"73":{"start":{"line":187,"column":4},"end":{"line":187,"column":124}},"74":{"start":{"line":187,"column":51},"end":{"line":187,"column":110}},"75":{"start":{"line":188,"column":4},"end":{"line":188,"column":86}},"76":{"start":{"line":188,"column":34},"end":{"line":188,"column":86}},"77":{"start":{"line":190,"column":4},"end":{"line":190,"column":73}},"78":{"start":{"line":191,"column":4},"end":{"line":191,"column":56}},"79":{"start":{"line":192,"column":4},"end":{"line":192,"column":56}},"80":{"start":{"line":194,"column":2},"end":{"line":194,"column":71}},"81":{"start":{"line":197,"column":0},"end":{"line":197,"column":91}}},"fnMap":{"0":{"name":"(anonymous_0)","decl":{"start":{"line":7,"column":18},"end":{"line":7,"column":19}},"loc":{"start":{"line":7,"column":29},"end":{"line":8,"column":67}},"line":7},"1":{"name":"(anonymous_1)","decl":{"start":{"line":9,"column":14},"end":{"line":9,"column":15}},"loc":{"start":{"line":9,"column":25},"end":{"line":9,"column":74}},"line":9},"2":{"name":"getOrderContext","decl":{"start":{"line":19,"column":15},"end":{"line":19,"column":30}},"loc":{"start":{"line":19,"column":39},"end":{"line":64,"column":1}},"line":19},"3":{"name":"(anonymous_3)","decl":{"start":{"line":39,"column":29},"end":{"line":39,"column":30}},"loc":{"start":{"line":39,"column":40},"end":{"line":62,"column":5}},"line":39},"4":{"name":"(anonymous_4)","decl":{"start":{"line":52,"column":48},"end":{"line":52,"column":49}},"loc":{"start":{"line":52,"column":61},"end":{"line":60,"column":9}},"line":52},"5":{"name":"localReply","decl":{"start":{"line":67,"column":9},"end":{"line":67,"column":19}},"loc":{"start":{"line":67,"column":60},"end":{"line":95,"column":1}},"line":67},"6":{"name":"(anonymous_6)","decl":{"start":{"line":72,"column":10},"end":{"line":72,"column":11}},"loc":{"start":{"line":72,"column":22},"end":{"line":72,"column":47}},"line":72},"7":{"name":"(anonymous_7)","decl":{"start":{"line":88,"column":49},"end":{"line":88,"column":50}},"loc":{"start":{"line":88,"column":62},"end":{"line":88,"column":74}},"line":88},"8":{"name":"(anonymous_8)","decl":{"start":{"line":92,"column":59},"end":{"line":92,"column":60}},"loc":{"start":{"line":93,"column":4},"end":{"line":93,"column":129}},"line":93},"9":{"name":"selectProducts","decl":{"start":{"line":97,"column":9},"end":{"line":97,"column":23}},"loc":{"start":{"line":97,"column":43},"end":{"line":105,"column":1}},"line":97},"10":{"name":"(anonymous_10)","decl":{"start":{"line":99,"column":36},"end":{"line":99,"column":37}},"loc":{"start":{"line":99,"column":49},"end":{"line":99,"column":77}},"line":99},"11":{"name":"(anonymous_11)","decl":{"start":{"line":100,"column":35},"end":{"line":100,"column":36}},"loc":{"start":{"line":100,"column":48},"end":{"line":101,"column":63}},"line":100},"12":{"name":"(anonymous_12)","decl":{"start":{"line":101,"column":10},"end":{"line":101,"column":11}},"loc":{"start":{"line":101,"column":20},"end":{"line":101,"column":62}},"line":101},"13":{"name":"(anonymous_13)","decl":{"start":{"line":103,"column":10},"end":{"line":103,"column":11}},"loc":{"start":{"line":103,"column":22},"end":{"line":103,"column":47}},"line":103},"14":{"name":"(anonymous_14)","decl":{"start":{"line":107,"column":26},"end":{"line":107,"column":27}},"loc":{"start":{"line":107,"column":39},"end":{"line":111,"column":58}},"line":107},"15":{"name":"(anonymous_15)","decl":{"start":{"line":111,"column":8},"end":{"line":111,"column":9}},"loc":{"start":{"line":111,"column":21},"end":{"line":111,"column":57}},"line":111},"16":{"name":"reply","decl":{"start":{"line":113,"column":15},"end":{"line":113,"column":20}},"loc":{"start":{"line":113,"column":31},"end":{"line":195,"column":1}},"line":113},"17":{"name":"(anonymous_17)","decl":{"start":{"line":141,"column":12},"end":{"line":141,"column":13}},"loc":{"start":{"line":141,"column":22},"end":{"line":141,"column":93}},"line":141},"18":{"name":"(anonymous_18)","decl":{"start":{"line":142,"column":9},"end":{"line":142,"column":10}},"loc":{"start":{"line":142,"column":20},"end":{"line":142,"column":84}},"line":142},"19":{"name":"(anonymous_19)","decl":{"start":{"line":156,"column":31},"end":{"line":156,"column":32}},"loc":{"start":{"line":156,"column":44},"end":{"line":156,"column":72}},"line":156},"20":{"name":"(anonymous_20)","decl":{"start":{"line":187,"column":38},"end":{"line":187,"column":39}},"loc":{"start":{"line":187,"column":51},"end":{"line":187,"column":110}},"line":187}},"branchMap":{"0":{"loc":{"start":{"line":7,"column":36},"end":{"line":7,"column":47}},"type":"binary-expr","locations":[{"start":{"line":7,"column":36},"end":{"line":7,"column":41}},{"start":{"line":7,"column":45},"end":{"line":7,"column":47}}],"line":7},"1":{"loc":{"start":{"line":9,"column":35},"end":{"line":9,"column":45}},"type":"binary-expr","locations":[{"start":{"line":9,"column":35},"end":{"line":9,"column":40}},{"start":{"line":9,"column":44},"end":{"line":9,"column":45}}],"line":9},"2":{"loc":{"start":{"line":37,"column":32},"end":{"line":37,"column":51}},"type":"binary-expr","locations":[{"start":{"line":37,"column":32},"end":{"line":37,"column":46}},{"start":{"line":37,"column":50},"end":{"line":37,"column":51}}],"line":37},"3":{"loc":{"start":{"line":38,"column":27},"end":{"line":38,"column":46}},"type":"binary-expr","locations":[{"start":{"line":38,"column":27},"end":{"line":38,"column":41}},{"start":{"line":38,"column":45},"end":{"line":38,"column":46}}],"line":38},"4":{"loc":{"start":{"line":44,"column":21},"end":{"line":44,"column":79}},"type":"binary-expr","locations":[{"start":{"line":44,"column":21},"end":{"line":44,"column":59}},{"start":{"line":44,"column":63},"end":{"line":44,"column":79}}],"line":44},"5":{"loc":{"start":{"line":46,"column":25},"end":{"line":46,"column":43}},"type":"binary-expr","locations":[{"start":{"line":46,"column":25},"end":{"line":46,"column":38}},{"start":{"line":46,"column":42},"end":{"line":46,"column":43}}],"line":46},"6":{"loc":{"start":{"line":47,"column":28},"end":{"line":47,"column":50}},"type":"binary-expr","locations":[{"start":{"line":47,"column":28},"end":{"line":47,"column":45}},{"start":{"line":47,"column":49},"end":{"line":47,"column":50}}],"line":47},"7":{"loc":{"start":{"line":48,"column":25},"end":{"line":48,"column":43}},"type":"binary-expr","locations":[{"start":{"line":48,"column":25},"end":{"line":48,"column":38}},{"start":{"line":48,"column":42},"end":{"line":48,"column":43}}],"line":48},"8":{"loc":{"start":{"line":49,"column":22},"end":{"line":49,"column":37}},"type":"binary-expr","locations":[{"start":{"line":49,"column":22},"end":{"line":49,"column":32}},{"start":{"line":49,"column":36},"end":{"line":49,"column":37}}],"line":49},"9":{"loc":{"start":{"line":50,"column":22},"end":{"line":50,"column":58}},"type":"binary-expr","locations":[{"start":{"line":50,"column":22},"end":{"line":50,"column":50}},{"start":{"line":50,"column":54},"end":{"line":50,"column":58}}],"line":50},"10":{"loc":{"start":{"line":51,"column":23},"end":{"line":51,"column":51}},"type":"binary-expr","locations":[{"start":{"line":51,"column":23},"end":{"line":51,"column":43}},{"start":{"line":51,"column":47},"end":{"line":51,"column":51}}],"line":51},"11":{"loc":{"start":{"line":52,"column":19},"end":{"line":52,"column":42}},"type":"binary-expr","locations":[{"start":{"line":52,"column":19},"end":{"line":52,"column":36}},{"start":{"line":52,"column":40},"end":{"line":52,"column":42}}],"line":52},"12":{"loc":{"start":{"line":56,"column":24},"end":{"line":56,"column":41}},"type":"binary-expr","locations":[{"start":{"line":56,"column":24},"end":{"line":56,"column":36}},{"start":{"line":56,"column":40},"end":{"line":56,"column":41}}],"line":56},"13":{"loc":{"start":{"line":67,"column":39},"end":{"line":67,"column":58}},"type":"default-arg","locations":[{"start":{"line":67,"column":54},"end":{"line":67,"column":58}}],"line":67},"14":{"loc":{"start":{"line":71,"column":2},"end":{"line":79,"column":3}},"type":"if","locations":[{"start":{"line":71,"column":2},"end":{"line":79,"column":3}},{"start":{},"end":{}}],"line":71},"15":{"loc":{"start":{"line":71,"column":6},"end":{"line":72,"column":48}},"type":"binary-expr","locations":[{"start":{"line":71,"column":6},"end":{"line":71,"column":18}},{"start":{"line":71,"column":22},"end":{"line":72,"column":48}}],"line":71},"16":{"loc":{"start":{"line":74,"column":4},"end":{"line":74,"column":65}},"type":"if","locations":[{"start":{"line":74,"column":4},"end":{"line":74,"column":65}},{"start":{},"end":{}}],"line":74},"17":{"loc":{"start":{"line":75,"column":4},"end":{"line":77,"column":5}},"type":"if","locations":[{"start":{"line":75,"column":4},"end":{"line":77,"column":5}},{"start":{},"end":{}}],"line":75},"18":{"loc":{"start":{"line":75,"column":8},"end":{"line":75,"column":108}},"type":"binary-expr","locations":[{"start":{"line":75,"column":8},"end":{"line":75,"column":43}},{"start":{"line":75,"column":47},"end":{"line":75,"column":77}},{"start":{"line":75,"column":81},"end":{"line":75,"column":108}}],"line":75},"19":{"loc":{"start":{"line":78,"column":121},"end":{"line":78,"column":185}},"type":"cond-expr","locations":[{"start":{"line":78,"column":143},"end":{"line":78,"column":180}},{"start":{"line":78,"column":183},"end":{"line":78,"column":185}}],"line":78},"20":{"loc":{"start":{"line":81,"column":2},"end":{"line":83,"column":3}},"type":"if","locations":[{"start":{"line":81,"column":2},"end":{"line":83,"column":3}},{"start":{},"end":{}}],"line":81},"21":{"loc":{"start":{"line":81,"column":6},"end":{"line":81,"column":68}},"type":"binary-expr","locations":[{"start":{"line":81,"column":6},"end":{"line":81,"column":35}},{"start":{"line":81,"column":39},"end":{"line":81,"column":68}}],"line":81},"22":{"loc":{"start":{"line":84,"column":2},"end":{"line":86,"column":3}},"type":"if","locations":[{"start":{"line":84,"column":2},"end":{"line":86,"column":3}},{"start":{},"end":{}}],"line":84},"23":{"loc":{"start":{"line":84,"column":6},"end":{"line":84,"column":70}},"type":"binary-expr","locations":[{"start":{"line":84,"column":6},"end":{"line":84,"column":35}},{"start":{"line":84,"column":39},"end":{"line":84,"column":70}}],"line":84},"24":{"loc":{"start":{"line":87,"column":2},"end":{"line":90,"column":3}},"type":"if","locations":[{"start":{"line":87,"column":2},"end":{"line":90,"column":3}},{"start":{},"end":{}}],"line":87},"25":{"loc":{"start":{"line":87,"column":6},"end":{"line":87,"column":88}},"type":"binary-expr","locations":[{"start":{"line":87,"column":6},"end":{"line":87,"column":30}},{"start":{"line":87,"column":34},"end":{"line":87,"column":60}},{"start":{"line":87,"column":64},"end":{"line":87,"column":88}}],"line":87},"26":{"loc":{"start":{"line":89,"column":132},"end":{"line":89,"column":173}},"type":"binary-expr","locations":[{"start":{"line":89,"column":132},"end":{"line":89,"column":143}},{"start":{"line":89,"column":147},"end":{"line":89,"column":173}}],"line":89},"27":{"loc":{"start":{"line":91,"column":2},"end":{"line":91,"column":102}},"type":"if","locations":[{"start":{"line":91,"column":2},"end":{"line":91,"column":102}},{"start":{},"end":{}}],"line":91},"28":{"loc":{"start":{"line":93,"column":75},"end":{"line":93,"column":101}},"type":"binary-expr","locations":[{"start":{"line":93,"column":75},"end":{"line":93,"column":87}},{"start":{"line":93,"column":91},"end":{"line":93,"column":101}}],"line":93},"29":{"loc":{"start":{"line":101,"column":20},"end":{"line":101,"column":62}},"type":"binary-expr","locations":[{"start":{"line":101,"column":20},"end":{"line":101,"column":35}},{"start":{"line":101,"column":39},"end":{"line":101,"column":62}}],"line":101},"30":{"loc":{"start":{"line":104,"column":10},"end":{"line":104,"column":69}},"type":"cond-expr","locations":[{"start":{"line":104,"column":27},"end":{"line":104,"column":34}},{"start":{"line":104,"column":37},"end":{"line":104,"column":69}}],"line":104},"31":{"loc":{"start":{"line":104,"column":37},"end":{"line":104,"column":69}},"type":"cond-expr","locations":[{"start":{"line":104,"column":55},"end":{"line":104,"column":64}},{"start":{"line":104,"column":67},"end":{"line":104,"column":69}}],"line":104},"32":{"loc":{"start":{"line":118,"column":2},"end":{"line":136,"column":3}},"type":"if","locations":[{"start":{"line":118,"column":2},"end":{"line":136,"column":3}},{"start":{},"end":{}}],"line":118},"33":{"loc":{"start":{"line":125,"column":6},"end":{"line":130,"column":7}},"type":"if","locations":[{"start":{"line":125,"column":6},"end":{"line":130,"column":7}},{"start":{},"end":{}}],"line":125},"34":{"loc":{"start":{"line":141,"column":22},"end":{"line":141,"column":93}},"type":"binary-expr","locations":[{"start":{"line":141,"column":22},"end":{"line":141,"column":60}},{"start":{"line":141,"column":64},"end":{"line":141,"column":93}}],"line":141},"35":{"loc":{"start":{"line":187,"column":51},"end":{"line":187,"column":110}},"type":"binary-expr","locations":[{"start":{"line":187,"column":51},"end":{"line":187,"column":78}},{"start":{"line":187,"column":82},"end":{"line":187,"column":110}}],"line":187},"36":{"loc":{"start":{"line":188,"column":4},"end":{"line":188,"column":86}},"type":"if","locations":[{"start":{"line":188,"column":4},"end":{"line":188,"column":86}},{"start":{},"end":{}}],"line":188}},"s":{"0":1,"1":1,"2":1,"3":1,"4":1,"5":1,"6":4,"7":1,"8":2,"9":1,"10":1,"11":1,"12":0,"13":0,"14":0,"15":2,"16":2,"17":2,"18":5,"19":2,"20":2,"21":0,"22":2,"23":1,"24":1,"25":0,"26":0,"27":0,"28":0,"29":0,"30":0,"31":0,"32":0,"33":0,"34":0,"35":0,"36":0,"37":2,"38":2,"39":0,"40":2,"41":0,"42":0,"43":2,"44":8,"45":2,"46":1,"47":0,"48":0,"49":0,"50":0,"51":0,"52":0,"53":0,"54":0,"55":0,"56":0,"57":0,"58":0,"59":0,"60":0,"61":0,"62":0,"63":0,"64":0,"65":0,"66":0,"67":0,"68":0,"69":0,"70":0,"71":0,"72":0,"73":0,"74":0,"75":0,"76":0,"77":0,"78":0,"79":0,"80":0,"81":1},"f":{"0":4,"1":2,"2":1,"3":0,"4":0,"5":2,"6":5,"7":0,"8":0,"9":2,"10":0,"11":0,"12":0,"13":8,"14":0,"15":0,"16":0,"17":0,"18":0,"19":0,"20":0},"b":{"0":[4,0],"1":[2,0],"2":[1,0],"3":[1,0],"4":[0,0],"5":[0,0],"6":[0,0],"7":[0,0],"8":[0,0],"9":[0,0],"10":[0,0],"11":[0,0],"12":[0,0],"13":[0],"14":[2,0],"15":[2,2],"16":[0,2],"17":[1,1],"18":[2,1,1],"19":[1,0],"20":[0,0],"21":[0,0],"22":[0,0],"23":[0,0],"24":[0,0],"25":[0,0,0],"26":[0,0],"27":[0,0],"28":[0,0],"29":[0,0],"30":[0,2],"31":[0,2],"32":[0,0],"33":[0,0],"34":[0,0],"35":[0,0],"36":[0,0]},"_coverageSchema":"1a1c01bbd47fc00a2c39e90264f33305004495a9","hash":"c84607d010c44d1380e253f5164a9868477bbcfd"}
,"C:\\backend0\\src\\controllers\\couponController.js": {"path":"C:\\backend0\\src\\controllers\\couponController.js","statementMap":{"0":{"start":{"line":1,"column":11},"end":{"line":1,"column":31}},"1":{"start":{"line":2,"column":24},"end":{"line":2,"column":73}},"2":{"start":{"line":3,"column":24},"end":{"line":3,"column":73}},"3":{"start":{"line":4,"column":22},"end":{"line":4,"column":69}},"4":{"start":{"line":7,"column":18},"end":{"line":7,"column":43}},"5":{"start":{"line":9,"column":2},"end":{"line":12,"column":5}},"6":{"start":{"line":11,"column":34},"end":{"line":11,"column":59}},"7":{"start":{"line":16,"column":17},"end":{"line":16,"column":27}},"8":{"start":{"line":17,"column":17},"end":{"line":17,"column":45}},"9":{"start":{"line":19,"column":2},"end":{"line":23,"column":3}},"10":{"start":{"line":20,"column":4},"end":{"line":22,"column":7}},"11":{"start":{"line":25,"column":2},"end":{"line":28,"column":5}},"12":{"start":{"line":32,"column":21},"end":{"line":32,"column":50}},"13":{"start":{"line":33,"column":17},"end":{"line":33,"column":51}},"14":{"start":{"line":35,"column":2},"end":{"line":38,"column":5}},"15":{"start":{"line":42,"column":17},"end":{"line":42,"column":27}},"16":{"start":{"line":43,"column":17},"end":{"line":43,"column":45}},"17":{"start":{"line":45,"column":2},"end":{"line":49,"column":3}},"18":{"start":{"line":46,"column":4},"end":{"line":48,"column":7}},"19":{"start":{"line":51,"column":21},"end":{"line":51,"column":50}},"20":{"start":{"line":52,"column":2},"end":{"line":52,"column":34}},"21":{"start":{"line":54,"column":2},"end":{"line":57,"column":5}},"22":{"start":{"line":61,"column":17},"end":{"line":61,"column":27}},"23":{"start":{"line":62,"column":17},"end":{"line":62,"column":45}},"24":{"start":{"line":64,"column":2},"end":{"line":68,"column":3}},"25":{"start":{"line":65,"column":4},"end":{"line":67,"column":7}},"26":{"start":{"line":70,"column":2},"end":{"line":70,"column":25}},"27":{"start":{"line":72,"column":2},"end":{"line":74,"column":5}},"28":{"start":{"line":77,"column":0},"end":{"line":83,"column":2}}},"fnMap":{"0":{"name":"getCoupons","decl":{"start":{"line":6,"column":15},"end":{"line":6,"column":25}},"loc":{"start":{"line":6,"column":36},"end":{"line":13,"column":1}},"line":6},"1":{"name":"(anonymous_1)","decl":{"start":{"line":11,"column":22},"end":{"line":11,"column":23}},"loc":{"start":{"line":11,"column":34},"end":{"line":11,"column":59}},"line":11},"2":{"name":"getCouponsBYID","decl":{"start":{"line":15,"column":15},"end":{"line":15,"column":29}},"loc":{"start":{"line":15,"column":40},"end":{"line":29,"column":1}},"line":15},"3":{"name":"insertCoupons","decl":{"start":{"line":31,"column":15},"end":{"line":31,"column":28}},"loc":{"start":{"line":31,"column":39},"end":{"line":39,"column":1}},"line":31},"4":{"name":"updateCoupons","decl":{"start":{"line":41,"column":15},"end":{"line":41,"column":28}},"loc":{"start":{"line":41,"column":39},"end":{"line":58,"column":1}},"line":41},"5":{"name":"deleteCoupons","decl":{"start":{"line":60,"column":15},"end":{"line":60,"column":28}},"loc":{"start":{"line":60,"column":39},"end":{"line":75,"column":1}},"line":60}},"branchMap":{"0":{"loc":{"start":{"line":19,"column":2},"end":{"line":23,"column":3}},"type":"if","locations":[{"start":{"line":19,"column":2},"end":{"line":23,"column":3}},{"start":{},"end":{}}],"line":19},"1":{"loc":{"start":{"line":45,"column":2},"end":{"line":49,"column":3}},"type":"if","locations":[{"start":{"line":45,"column":2},"end":{"line":49,"column":3}},{"start":{},"end":{}}],"line":45},"2":{"loc":{"start":{"line":64,"column":2},"end":{"line":68,"column":3}},"type":"if","locations":[{"start":{"line":64,"column":2},"end":{"line":68,"column":3}},{"start":{},"end":{}}],"line":64}},"s":{"0":1,"1":1,"2":1,"3":1,"4":0,"5":0,"6":0,"7":0,"8":0,"9":0,"10":0,"11":0,"12":1,"13":1,"14":1,"15":2,"16":2,"17":2,"18":1,"19":1,"20":1,"21":1,"22":2,"23":2,"24":2,"25":1,"26":1,"27":1,"28":1},"f":{"0":0,"1":0,"2":0,"3":1,"4":2,"5":2},"b":{"0":[0,0],"1":[1,1],"2":[1,1]},"_coverageSchema":"1a1c01bbd47fc00a2c39e90264f33305004495a9","hash":"d7bd9064209e8deb1dda6ad82f1574f63702a4d7"}
,"C:\\backend0\\src\\controllers\\feedbackController.js": {"path":"C:\\backend0\\src\\controllers\\feedbackController.js","statementMap":{"0":{"start":{"line":1,"column":21},"end":{"line":1,"column":45}},"1":{"start":{"line":2,"column":11},"end":{"line":2,"column":31}},"2":{"start":{"line":3,"column":24},"end":{"line":3,"column":75}},"3":{"start":{"line":5,"column":20},"end":{"line":5,"column":76}},"4":{"start":{"line":6,"column":18},"end":{"line":9,"column":9}},"5":{"start":{"line":6,"column":29},"end":{"line":9,"column":9}},"6":{"start":{"line":12,"column":18},"end":{"line":15,"column":4}},"7":{"start":{"line":16,"column":2},"end":{"line":16,"column":85}},"8":{"start":{"line":16,"column":16},"end":{"line":16,"column":85}},"9":{"start":{"line":18,"column":19},"end":{"line":22,"column":4}},"10":{"start":{"line":23,"column":2},"end":{"line":23,"column":72}},"11":{"start":{"line":23,"column":42},"end":{"line":23,"column":67}},"12":{"start":{"line":27,"column":18},"end":{"line":30,"column":4}},"13":{"start":{"line":31,"column":2},"end":{"line":31,"column":85}},"14":{"start":{"line":31,"column":16},"end":{"line":31,"column":85}},"15":{"start":{"line":33,"column":19},"end":{"line":38,"column":4}},"16":{"start":{"line":39,"column":2},"end":{"line":39,"column":52}},"17":{"start":{"line":40,"column":2},"end":{"line":43,"column":5}},"18":{"start":{"line":47,"column":19},"end":{"line":53,"column":4}},"19":{"start":{"line":54,"column":2},"end":{"line":54,"column":95}},"20":{"start":{"line":54,"column":17},"end":{"line":54,"column":95}},"21":{"start":{"line":56,"column":18},"end":{"line":56,"column":33}},"22":{"start":{"line":57,"column":2},"end":{"line":57,"column":82}},"23":{"start":{"line":57,"column":37},"end":{"line":57,"column":82}},"24":{"start":{"line":58,"column":2},"end":{"line":58,"column":33}},"25":{"start":{"line":59,"column":2},"end":{"line":59,"column":52}},"26":{"start":{"line":60,"column":2},"end":{"line":63,"column":5}},"27":{"start":{"line":67,"column":19},"end":{"line":69,"column":4}},"28":{"start":{"line":70,"column":2},"end":{"line":70,"column":87}},"29":{"start":{"line":70,"column":17},"end":{"line":70,"column":87}},"30":{"start":{"line":72,"column":15},"end":{"line":72,"column":89}},"31":{"start":{"line":73,"column":23},"end":{"line":73,"column":78}},"32":{"start":{"line":74,"column":2},"end":{"line":76,"column":3}},"33":{"start":{"line":75,"column":4},"end":{"line":75,"column":86}},"34":{"start":{"line":78,"column":2},"end":{"line":78,"column":27}},"35":{"start":{"line":79,"column":2},"end":{"line":79,"column":45}},"36":{"start":{"line":82,"column":0},"end":{"line":82,"column":81}}},"fnMap":{"0":{"name":"(anonymous_0)","decl":{"start":{"line":6,"column":18},"end":{"line":6,"column":19}},"loc":{"start":{"line":6,"column":29},"end":{"line":9,"column":9}},"line":6},"1":{"name":"getFeedback","decl":{"start":{"line":11,"column":15},"end":{"line":11,"column":26}},"loc":{"start":{"line":11,"column":37},"end":{"line":24,"column":1}},"line":11},"2":{"name":"(anonymous_2)","decl":{"start":{"line":23,"column":32},"end":{"line":23,"column":33}},"loc":{"start":{"line":23,"column":42},"end":{"line":23,"column":67}},"line":23},"3":{"name":"createFeedback","decl":{"start":{"line":26,"column":15},"end":{"line":26,"column":29}},"loc":{"start":{"line":26,"column":40},"end":{"line":44,"column":1}},"line":26},"4":{"name":"updateFeedback","decl":{"start":{"line":46,"column":15},"end":{"line":46,"column":29}},"loc":{"start":{"line":46,"column":40},"end":{"line":64,"column":1}},"line":46},"5":{"name":"deleteFeedback","decl":{"start":{"line":66,"column":15},"end":{"line":66,"column":29}},"loc":{"start":{"line":66,"column":40},"end":{"line":80,"column":1}},"line":66}},"branchMap":{"0":{"loc":{"start":{"line":16,"column":2},"end":{"line":16,"column":85}},"type":"if","locations":[{"start":{"line":16,"column":2},"end":{"line":16,"column":85}},{"start":{},"end":{}}],"line":16},"1":{"loc":{"start":{"line":31,"column":2},"end":{"line":31,"column":85}},"type":"if","locations":[{"start":{"line":31,"column":2},"end":{"line":31,"column":85}},{"start":{},"end":{}}],"line":31},"2":{"loc":{"start":{"line":54,"column":2},"end":{"line":54,"column":95}},"type":"if","locations":[{"start":{"line":54,"column":2},"end":{"line":54,"column":95}},{"start":{},"end":{}}],"line":54},"3":{"loc":{"start":{"line":57,"column":2},"end":{"line":57,"column":82}},"type":"if","locations":[{"start":{"line":57,"column":2},"end":{"line":57,"column":82}},{"start":{},"end":{}}],"line":57},"4":{"loc":{"start":{"line":70,"column":2},"end":{"line":70,"column":87}},"type":"if","locations":[{"start":{"line":70,"column":2},"end":{"line":70,"column":87}},{"start":{},"end":{}}],"line":70},"5":{"loc":{"start":{"line":74,"column":2},"end":{"line":76,"column":3}},"type":"if","locations":[{"start":{"line":74,"column":2},"end":{"line":76,"column":3}},{"start":{},"end":{}}],"line":74},"6":{"loc":{"start":{"line":74,"column":6},"end":{"line":74,"column":47}},"type":"binary-expr","locations":[{"start":{"line":74,"column":6},"end":{"line":74,"column":19}},{"start":{"line":74,"column":23},"end":{"line":74,"column":47}}],"line":74}},"s":{"0":1,"1":1,"2":1,"3":1,"4":1,"5":1,"6":0,"7":0,"8":0,"9":0,"10":0,"11":0,"12":1,"13":1,"14":0,"15":1,"16":1,"17":1,"18":1,"19":1,"20":1,"21":0,"22":0,"23":0,"24":0,"25":0,"26":0,"27":3,"28":3,"29":0,"30":3,"31":3,"32":3,"33":1,"34":2,"35":2,"36":1},"f":{"0":1,"1":0,"2":0,"3":1,"4":1,"5":3},"b":{"0":[0,0],"1":[0,1],"2":[1,0],"3":[0,0],"4":[0,3],"5":[1,2],"6":[3,2]},"_coverageSchema":"1a1c01bbd47fc00a2c39e90264f33305004495a9","hash":"a87ccf5911fa9ba7435718ddb7e02a5c15bf45fe"}
,"C:\\backend0\\src\\controllers\\newsController.js": {"path":"C:\\backend0\\src\\controllers\\newsController.js","statementMap":{"0":{"start":{"line":1,"column":11},"end":{"line":1,"column":31}},"1":{"start":{"line":2,"column":22},"end":{"line":2,"column":67}},"2":{"start":{"line":3,"column":22},"end":{"line":3,"column":67}},"3":{"start":{"line":4,"column":20},"end":{"line":4,"column":63}},"4":{"start":{"line":5,"column":25},"end":{"line":5,"column":60}},"5":{"start":{"line":8,"column":15},"end":{"line":8,"column":38}},"6":{"start":{"line":10,"column":2},"end":{"line":13,"column":5}},"7":{"start":{"line":12,"column":29},"end":{"line":12,"column":50}},"8":{"start":{"line":17,"column":17},"end":{"line":17,"column":27}},"9":{"start":{"line":18,"column":15},"end":{"line":18,"column":41}},"10":{"start":{"line":20,"column":2},"end":{"line":24,"column":3}},"11":{"start":{"line":21,"column":4},"end":{"line":23,"column":7}},"12":{"start":{"line":27,"column":2},"end":{"line":27,"column":48}},"13":{"start":{"line":29,"column":2},"end":{"line":32,"column":5}},"14":{"start":{"line":36,"column":19},"end":{"line":36,"column":46}},"15":{"start":{"line":37,"column":15},"end":{"line":37,"column":45}},"16":{"start":{"line":39,"column":2},"end":{"line":42,"column":5}},"17":{"start":{"line":46,"column":17},"end":{"line":46,"column":27}},"18":{"start":{"line":47,"column":15},"end":{"line":47,"column":41}},"19":{"start":{"line":49,"column":2},"end":{"line":53,"column":3}},"20":{"start":{"line":50,"column":4},"end":{"line":52,"column":7}},"21":{"start":{"line":55,"column":19},"end":{"line":55,"column":46}},"22":{"start":{"line":56,"column":2},"end":{"line":56,"column":30}},"23":{"start":{"line":58,"column":2},"end":{"line":61,"column":5}},"24":{"start":{"line":65,"column":17},"end":{"line":65,"column":27}},"25":{"start":{"line":66,"column":15},"end":{"line":66,"column":41}},"26":{"start":{"line":68,"column":2},"end":{"line":72,"column":3}},"27":{"start":{"line":69,"column":4},"end":{"line":71,"column":7}},"28":{"start":{"line":74,"column":2},"end":{"line":74,"column":23}},"29":{"start":{"line":76,"column":2},"end":{"line":78,"column":5}},"30":{"start":{"line":81,"column":0},"end":{"line":87,"column":2}}},"fnMap":{"0":{"name":"getNews","decl":{"start":{"line":7,"column":15},"end":{"line":7,"column":22}},"loc":{"start":{"line":7,"column":33},"end":{"line":14,"column":1}},"line":7},"1":{"name":"(anonymous_1)","decl":{"start":{"line":12,"column":19},"end":{"line":12,"column":20}},"loc":{"start":{"line":12,"column":29},"end":{"line":12,"column":50}},"line":12},"2":{"name":"getNewsBYID","decl":{"start":{"line":16,"column":15},"end":{"line":16,"column":26}},"loc":{"start":{"line":16,"column":37},"end":{"line":33,"column":1}},"line":16},"3":{"name":"insertNews","decl":{"start":{"line":35,"column":15},"end":{"line":35,"column":25}},"loc":{"start":{"line":35,"column":36},"end":{"line":43,"column":1}},"line":35},"4":{"name":"updateNews","decl":{"start":{"line":45,"column":15},"end":{"line":45,"column":25}},"loc":{"start":{"line":45,"column":36},"end":{"line":62,"column":1}},"line":45},"5":{"name":"deleteNews","decl":{"start":{"line":64,"column":15},"end":{"line":64,"column":25}},"loc":{"start":{"line":64,"column":36},"end":{"line":79,"column":1}},"line":64}},"branchMap":{"0":{"loc":{"start":{"line":20,"column":2},"end":{"line":24,"column":3}},"type":"if","locations":[{"start":{"line":20,"column":2},"end":{"line":24,"column":3}},{"start":{},"end":{}}],"line":20},"1":{"loc":{"start":{"line":49,"column":2},"end":{"line":53,"column":3}},"type":"if","locations":[{"start":{"line":49,"column":2},"end":{"line":53,"column":3}},{"start":{},"end":{}}],"line":49},"2":{"loc":{"start":{"line":68,"column":2},"end":{"line":72,"column":3}},"type":"if","locations":[{"start":{"line":68,"column":2},"end":{"line":72,"column":3}},{"start":{},"end":{}}],"line":68}},"s":{"0":1,"1":1,"2":1,"3":1,"4":1,"5":0,"6":0,"7":0,"8":0,"9":0,"10":0,"11":0,"12":0,"13":0,"14":1,"15":1,"16":1,"17":2,"18":2,"19":2,"20":1,"21":1,"22":1,"23":1,"24":2,"25":2,"26":2,"27":1,"28":1,"29":1,"30":1},"f":{"0":0,"1":0,"2":0,"3":1,"4":2,"5":2},"b":{"0":[0,0],"1":[1,1],"2":[1,1]},"_coverageSchema":"1a1c01bbd47fc00a2c39e90264f33305004495a9","hash":"2eda84fbf951812c16b60bb4fbf931ec974f5871"}
,"C:\\backend0\\src\\controllers\\orderController.js": {"path":"C:\\backend0\\src\\controllers\\orderController.js","statementMap":{"0":{"start":{"line":1,"column":11},"end":{"line":1,"column":31}},"1":{"start":{"line":2,"column":23},"end":{"line":2,"column":60}},"2":{"start":{"line":4,"column":16},"end":{"line":9,"column":1}},"3":{"start":{"line":12,"column":17},"end":{"line":17,"column":4}},"4":{"start":{"line":18,"column":2},"end":{"line":18,"column":29}},"5":{"start":{"line":22,"column":16},"end":{"line":25,"column":4}},"6":{"start":{"line":26,"column":2},"end":{"line":26,"column":83}},"7":{"start":{"line":26,"column":14},"end":{"line":26,"column":83}},"8":{"start":{"line":27,"column":2},"end":{"line":27,"column":28}},"9":{"start":{"line":31,"column":16},"end":{"line":33,"column":4}},"10":{"start":{"line":34,"column":2},"end":{"line":34,"column":83}},"11":{"start":{"line":34,"column":14},"end":{"line":34,"column":83}},"12":{"start":{"line":35,"column":2},"end":{"line":37,"column":3}},"13":{"start":{"line":36,"column":4},"end":{"line":36,"column":90}},"14":{"start":{"line":38,"column":2},"end":{"line":47,"column":5}},"15":{"start":{"line":39,"column":4},"end":{"line":39,"column":56}},"16":{"start":{"line":40,"column":4},"end":{"line":46,"column":7}},"17":{"start":{"line":48,"column":2},"end":{"line":48,"column":44}},"18":{"start":{"line":51,"column":0},"end":{"line":51,"column":42}}},"fnMap":{"0":{"name":"list","decl":{"start":{"line":11,"column":15},"end":{"line":11,"column":19}},"loc":{"start":{"line":11,"column":30},"end":{"line":19,"column":1}},"line":11},"1":{"name":"detail","decl":{"start":{"line":21,"column":15},"end":{"line":21,"column":21}},"loc":{"start":{"line":21,"column":32},"end":{"line":28,"column":1}},"line":21},"2":{"name":"cancel","decl":{"start":{"line":30,"column":15},"end":{"line":30,"column":21}},"loc":{"start":{"line":30,"column":32},"end":{"line":49,"column":1}},"line":30},"3":{"name":"(anonymous_3)","decl":{"start":{"line":38,"column":33},"end":{"line":38,"column":34}},"loc":{"start":{"line":38,"column":56},"end":{"line":47,"column":3}},"line":38}},"branchMap":{"0":{"loc":{"start":{"line":26,"column":2},"end":{"line":26,"column":83}},"type":"if","locations":[{"start":{"line":26,"column":2},"end":{"line":26,"column":83}},{"start":{},"end":{}}],"line":26},"1":{"loc":{"start":{"line":34,"column":2},"end":{"line":34,"column":83}},"type":"if","locations":[{"start":{"line":34,"column":2},"end":{"line":34,"column":83}},{"start":{},"end":{}}],"line":34},"2":{"loc":{"start":{"line":35,"column":2},"end":{"line":37,"column":3}},"type":"if","locations":[{"start":{"line":35,"column":2},"end":{"line":37,"column":3}},{"start":{},"end":{}}],"line":35},"3":{"loc":{"start":{"line":44,"column":23},"end":{"line":44,"column":66}},"type":"binary-expr","locations":[{"start":{"line":44,"column":23},"end":{"line":44,"column":38}},{"start":{"line":44,"column":42},"end":{"line":44,"column":66}}],"line":44}},"s":{"0":1,"1":1,"2":1,"3":1,"4":1,"5":1,"6":1,"7":1,"8":0,"9":7,"10":7,"11":0,"12":7,"13":4,"14":3,"15":3,"16":3,"17":3,"18":1},"f":{"0":1,"1":1,"2":7,"3":3},"b":{"0":[1,0],"1":[0,7],"2":[4,3],"3":[3,0]},"_coverageSchema":"1a1c01bbd47fc00a2c39e90264f33305004495a9","hash":"eaa7b2fabe6e15ae5b5843d3ebd6711bfe10efa5"}
,"C:\\backend0\\src\\controllers\\paymentController.js": {"path":"C:\\backend0\\src\\controllers\\paymentController.js","statementMap":{"0":{"start":{"line":1,"column":11},"end":{"line":1,"column":31}},"1":{"start":{"line":2,"column":23},"end":{"line":2,"column":60}},"2":{"start":{"line":4,"column":19},"end":{"line":6,"column":38}},"3":{"start":{"line":8,"column":24},"end":{"line":12,"column":1}},"4":{"start":{"line":9,"column":15},"end":{"line":9,"column":62}},"5":{"start":{"line":10,"column":2},"end":{"line":10,"column":95}},"6":{"start":{"line":10,"column":43},"end":{"line":10,"column":95}},"7":{"start":{"line":11,"column":2},"end":{"line":11,"column":14}},"8":{"start":{"line":15,"column":19},"end":{"line":15,"column":47}},"9":{"start":{"line":16,"column":17},"end":{"line":16,"column":49}},"10":{"start":{"line":17,"column":2},"end":{"line":21,"column":3}},"11":{"start":{"line":18,"column":18},"end":{"line":18,"column":108}},"12":{"start":{"line":19,"column":4},"end":{"line":19,"column":23}},"13":{"start":{"line":20,"column":4},"end":{"line":20,"column":16}},"14":{"start":{"line":23,"column":24},"end":{"line":30,"column":4}},"15":{"start":{"line":31,"column":20},"end":{"line":31,"column":46}},"16":{"start":{"line":32,"column":2},"end":{"line":32,"column":101}},"17":{"start":{"line":32,"column":25},"end":{"line":32,"column":101}},"18":{"start":{"line":34,"column":19},"end":{"line":41,"column":4}},"19":{"start":{"line":42,"column":15},"end":{"line":42,"column":36}},"20":{"start":{"line":43,"column":2},"end":{"line":47,"column":3}},"21":{"start":{"line":44,"column":18},"end":{"line":44,"column":106}},"22":{"start":{"line":45,"column":4},"end":{"line":45,"column":23}},"23":{"start":{"line":46,"column":4},"end":{"line":46,"column":16}},"24":{"start":{"line":48,"column":2},"end":{"line":48,"column":14}},"25":{"start":{"line":52,"column":2},"end":{"line":57,"column":5}},"26":{"start":{"line":61,"column":16},"end":{"line":61,"column":67}},"27":{"start":{"line":62,"column":20},"end":{"line":62,"column":46}},"28":{"start":{"line":63,"column":2},"end":{"line":63,"column":86}},"29":{"start":{"line":63,"column":21},"end":{"line":63,"column":86}},"30":{"start":{"line":65,"column":21},"end":{"line":65,"column":30}},"31":{"start":{"line":66,"column":26},"end":{"line":66,"column":35}},"32":{"start":{"line":67,"column":2},"end":{"line":76,"column":3}},"33":{"start":{"line":68,"column":20},"end":{"line":68,"column":57}},"34":{"start":{"line":69,"column":15},"end":{"line":69,"column":55}},"35":{"start":{"line":70,"column":21},"end":{"line":70,"column":42}},"36":{"start":{"line":71,"column":4},"end":{"line":73,"column":5}},"37":{"start":{"line":72,"column":6},"end":{"line":72,"column":87}},"38":{"start":{"line":74,"column":19},"end":{"line":74,"column":57}},"39":{"start":{"line":75,"column":4},"end":{"line":75,"column":53}},"40":{"start":{"line":78,"column":47},"end":{"line":84,"column":4}},"41":{"start":{"line":85,"column":2},"end":{"line":85,"column":100}},"42":{"start":{"line":85,"column":16},"end":{"line":85,"column":100}},"43":{"start":{"line":86,"column":2},"end":{"line":86,"column":114}},"44":{"start":{"line":86,"column":43},"end":{"line":86,"column":114}},"45":{"start":{"line":88,"column":17},"end":{"line":88,"column":18}},"46":{"start":{"line":89,"column":18},"end":{"line":99,"column":4}},"47":{"start":{"line":90,"column":21},"end":{"line":90,"column":47}},"48":{"start":{"line":91,"column":4},"end":{"line":95,"column":5}},"49":{"start":{"line":92,"column":20},"end":{"line":92,"column":77}},"50":{"start":{"line":93,"column":6},"end":{"line":93,"column":25}},"51":{"start":{"line":94,"column":6},"end":{"line":94,"column":18}},"52":{"start":{"line":96,"column":18},"end":{"line":96,"column":39}},"53":{"start":{"line":97,"column":4},"end":{"line":97,"column":33}},"54":{"start":{"line":98,"column":4},"end":{"line":98,"column":40}},"55":{"start":{"line":101,"column":21},"end":{"line":101,"column":87}},"56":{"start":{"line":101,"column":60},"end":{"line":101,"column":85}},"57":{"start":{"line":102,"column":2},"end":{"line":133,"column":3}},"58":{"start":{"line":103,"column":18},"end":{"line":103,"column":41}},"59":{"start":{"line":104,"column":4},"end":{"line":104,"column":100}},"60":{"start":{"line":104,"column":16},"end":{"line":104,"column":100}},"61":{"start":{"line":105,"column":4},"end":{"line":107,"column":5}},"62":{"start":{"line":106,"column":6},"end":{"line":106,"column":119}},"63":{"start":{"line":108,"column":4},"end":{"line":110,"column":5}},"64":{"start":{"line":109,"column":6},"end":{"line":109,"column":106}},"65":{"start":{"line":111,"column":4},"end":{"line":111,"column":49}},"66":{"start":{"line":112,"column":20},"end":{"line":112,"column":21}},"67":{"start":{"line":113,"column":4},"end":{"line":132,"column":7}},"68":{"start":{"line":114,"column":23},"end":{"line":114,"column":52}},"69":{"start":{"line":115,"column":6},"end":{"line":119,"column":7}},"70":{"start":{"line":116,"column":22},"end":{"line":116,"column":85}},"71":{"start":{"line":117,"column":8},"end":{"line":117,"column":27}},"72":{"start":{"line":118,"column":8},"end":{"line":118,"column":20}},"73":{"start":{"line":120,"column":24},"end":{"line":122,"column":95}},"74":{"start":{"line":123,"column":6},"end":{"line":123,"column":29}},"75":{"start":{"line":124,"column":6},"end":{"line":131,"column":9}},"76":{"start":{"line":135,"column":22},"end":{"line":137,"column":65}},"77":{"start":{"line":138,"column":16},"end":{"line":138,"column":38}},"78":{"start":{"line":139,"column":22},"end":{"line":139,"column":54}},"79":{"start":{"line":142,"column":2},"end":{"line":184,"column":3}},"80":{"start":{"line":143,"column":4},"end":{"line":151,"column":24}},"81":{"start":{"line":152,"column":4},"end":{"line":162,"column":26}},"82":{"start":{"line":152,"column":118},"end":{"line":162,"column":5}},"83":{"start":{"line":163,"column":4},"end":{"line":173,"column":24}},"84":{"start":{"line":174,"column":4},"end":{"line":179,"column":24}},"85":{"start":{"line":180,"column":4},"end":{"line":180,"column":31}},"86":{"start":{"line":182,"column":4},"end":{"line":182,"column":33}},"87":{"start":{"line":183,"column":4},"end":{"line":183,"column":16}},"88":{"start":{"line":186,"column":2},"end":{"line":209,"column":3}},"89":{"start":{"line":187,"column":22},"end":{"line":187,"column":60}},"90":{"start":{"line":188,"column":24},"end":{"line":200,"column":6}},"91":{"start":{"line":201,"column":4},"end":{"line":204,"column":7}},"92":{"start":{"line":205,"column":4},"end":{"line":205,"column":56}},"93":{"start":{"line":207,"column":4},"end":{"line":207,"column":100}},"94":{"start":{"line":208,"column":4},"end":{"line":208,"column":16}},"95":{"start":{"line":213,"column":24},"end":{"line":213,"column":51}},"96":{"start":{"line":214,"column":18},"end":{"line":217,"column":4}},"97":{"start":{
[...]
,"C:\\backend0\\src\\services\\recipeSearch.js": {"path":"C:\\backend0\\src\\services\\recipeSearch.js","statementMap":{"0":{"start":{"line":1,"column":13},"end":{"line":1,"column":28}},"1":{"start":{"line":2,"column":18},"end":{"line":2,"column":42}},"2":{"start":{"line":3,"column":11},"end":{"line":3,"column":31}},"3":{"start":{"line":4,"column":36},"end":{"line":4,"column":62}},"4":{"start":{"line":6,"column":32},"end":{"line":8,"column":2}},"5":{"start":{"line":10,"column":18},"end":{"line":11,"column":67}},"6":{"start":{"line":10,"column":29},"end":{"line":11,"column":67}},"7":{"start":{"line":14,"column":25},"end":{"line":15,"column":77}},"8":{"start":{"line":15,"column":22},"end":{"line":15,"column":76}},"9":{"start":{"line":16,"column":2},"end":{"line":16,"column":42}},"10":{"start":{"line":16,"column":30},"end":{"line":16,"column":42}},"11":{"start":{"line":17,"column":25},"end":{"line":17,"column":46}},"12":{"start":{"line":18,"column":2},"end":{"line":18,"column":70}},"13":{"start":{"line":18,"column":39},"end":{"line":18,"column":68}},"14":{"start":{"line":22,"column":15},"end":{"line":22,"column":31}},"15":{"start":{"line":23,"column":23},"end":{"line":23,"column":46}},"16":{"start":{"line":24,"column":19},"end":{"line":24,"column":69}},"17":{"start":{"line":25,"column":2},"end":{"line":27,"column":3}},"18":{"start":{"line":26,"column":4},"end":{"line":26,"column":105}},"19":{"start":{"line":28,"column":22},"end":{"line":57,"column":3}},"20":{"start":{"line":59,"column":18},"end":{"line":59,"column":27}},"21":{"start":{"line":60,"column":22},"end":{"line":64,"column":4}},"22":{"start":{"line":61,"column":20},"end":{"line":61,"column":131}},"23":{"start":{"line":61,"column":44},"end":{"line":61,"column":130}},"24":{"start":{"line":61,"column":93},"end":{"line":61,"column":129}},"25":{"start":{"line":62,"column":4},"end":{"line":62,"column":41}},"26":{"start":{"line":62,"column":17},"end":{"line":62,"column":41}},"27":{"start":{"line":63,"column":4},"end":{"line":63,"column":60}},"28":{"start":{"line":65,"column":15},"end":{"line":65,"column":80}},"29":{"start":{"line":65,"column":49},"end":{"line":65,"column":78}},"30":{"start":{"line":66,"column":26},"end":{"line":69,"column":20}},"31":{"start":{"line":67,"column":20},"end":{"line":67,"column":58}},"32":{"start":{"line":68,"column":4},"end":{"line":68,"column":112}},"33":{"start":{"line":70,"column":2},"end":{"line":79,"column":4}},"34":{"start":{"line":76,"column":53},"end":{"line":76,"column":68}},"35":{"start":{"line":76,"column":84},"end":{"line":76,"column":93}},"36":{"start":{"line":82,"column":21},"end":{"line":94,"column":1}},"37":{"start":{"line":97,"column":2},"end":{"line":106,"column":5}},"38":{"start":{"line":98,"column":19},"end":{"line":98,"column":81}},"39":{"start":{"line":99,"column":18},"end":{"line":99,"column":127}},"40":{"start":{"line":100,"column":17},"end":{"line":100,"column":19}},"41":{"start":{"line":100,"column":29},"end":{"line":100,"column":31}},"42":{"start":{"line":101,"column":4},"end":{"line":101,"column":61}},"43":{"start":{"line":101,"column":41},"end":{"line":101,"column":57}},"44":{"start":{"line":102,"column":4},"end":{"line":102,"column":60}},"45":{"start":{"line":102,"column":41},"end":{"line":102,"column":56}},"46":{"start":{"line":103,"column":4},"end":{"line":103,"column":30}},"47":{"start":{"line":104,"column":4},"end":{"line":104,"column":173}},"48":{"start":{"line":104,"column":32},"end":{"line":104,"column":171}},"49":{"start":{"line":105,"column":4},"end":{"line":105,"column":44}},"50":{"start":{"line":110,"column":19},"end":{"line":110,"column":21}},"51":{"start":{"line":111,"column":2},"end":{"line":116,"column":3}},"52":{"start":{"line":112,"column":19},"end":{"line":112,"column":41}},"53":{"start":{"line":113,"column":4},"end":{"line":113,"column":42}},"54":{"start":{"line":115,"column":4},"end":{"line":115,"column":98}},"55":{"start":{"line":117,"column":19},"end":{"line":121,"column":4}},"56":{"start":{"line":122,"column":24},"end":{"line":122,"column":73}},"57":{"start":{"line":122,"column":47},"end":{"line":122,"column":72}},"58":{"start":{"line":123,"column":16},"end":{"line":123,"column":108}},"59":{"start":{"line":124,"column":17},"end":{"line":130,"column":381}},"60":{"start":{"line":128,"column":120},"end":{"line":128,"column":182}},"61":{"start":{"line":129,"column":66},"end":{"line":129,"column":144}},"62":{"start":{"line":132,"column":2},"end":{"line":137,"column":3}},"63":{"start":{"line":133,"column":4},"end":{"line":133,"column":54}},"64":{"start":{"line":135,"column":4},"end":{"line":135,"column":96}},"65":{"start":{"line":136,"column":4},"end":{"line":136,"column":45}},"66":{"start":{"line":138,"column":2},"end":{"line":140,"column":3}},"67":{"start":{"line":139,"column":4},"end":{"line":139,"column":105}},"68":{"start":{"line":141,"column":15},"end":{"line":141,"column":85}},"69":{"start":{"line":141,"column":54},"end":{"line":141,"column":83}},"70":{"start":{"line":142,"column":2},"end":{"line":145,"column":21}},"71":{"start":{"line":143,"column":20},"end":{"line":143,"column":58}},"72":{"start":{"line":144,"column":4},"end":{"line":144,"column":112}},"73":{"start":{"line":146,"column":24},"end":{"line":146,"column":118}},"74":{"start":{"line":147,"column":2},"end":{"line":148,"column":112}},"75":{"start":{"line":148,"column":40},"end":{"line":148,"column":90}},"76":{"start":{"line":149,"column":2},"end":{"line":149,"column":16}},"77":{"start":{"line":152,"column":0},"end":{"line":152,"column":66}}},"fnMap":{"0":{"name":"(anonymous_0)","decl":{"start":{"line":10,"column":18},"end":{"line":10,"column":19}},"loc":{"start":{"line":10,"column":29},"end":{"line":11,"column":67}},"line":10},"1":{"name":"isRecipeRelevant","decl":{"start":{"line":13,"column":9},"end":{"line":13,"column":25}},"loc":{"start":{"line":13,"column":45},"end":{"line":19,"column":1}},"line":13},"2":{"name":"(anonymous_2)","decl":{"start":{"line":15,"column":12},"end":{"line":15,"column":13}},"loc":{"start":{"line":15,"column":22},"end":{"line":15,"column":76}},"line":15},"3":{"name":"(anonymous_3)","decl":{"start":{"line":18,"column":29},"end":{"line":18,"column":30}},"loc":{"start":{"line":18,"column":39},"end":{"line":18,"column":68}},"line":18},"4":{"name":"localRecipe","decl":{"start":{"line":21,"column":9},"end":{"line":21,"column":20}},"loc":{"start":{"line":21,"column":38},"end":{"line":80,"column":1}},"line":21},"5":{"name":"(anonymous_5)","decl":{"start":{"line":60,"column":50},"end":{"line":60,"column":51}},"loc":{"start":{"line":60,"column":79},"end":{"line":64,"column":3}},"line":60},"6":{"name":"(anonymous_6)","decl":{"start":{"line":61,"column":34},"end":{"line":61,"column":35}},"loc":{"start":{"line":61,"column":44},"end":{"line":61,"column":130}},"line":61},"7":{"name":"(anonymous_7)","decl":{"start":{"line":61,"column":82},"end":{"line":61,"column":83}},"loc":{"start":{"line":61,"column":93},"end":{"line":61,"column":129}},"line":61},"8":{"name":"(anonymous_8)","decl":{"start":{"line":65,"column":36},"end":{"line":65,"column":37}},"loc":{"start":{"line":65,"column":49},"end":{"line":65,"column":78}},"line":65},"9":{"name":"(anonymous_9)","decl":{"start":{"line":66,"column":42},"end":{"line":66,"column":43}},"loc":{"start":{"line":66,"column":58},"end":{"line":69,"column":3}},"line":66},"10":{"name":"(anonymous_10)","decl":{"start":{"line":76,"column":43},"end":{"line":76,"column":44}},"loc":{"start":{"line":76,"column":53},"end":{"line":76,"column":68}},"line":76},"11":{"name":"(anonymous_11)","decl":{"start":{"line":76,"column":74},"end":{"line":76,"column":75}},"loc":{"start":{"line":76,"column":84},"end":{"line":76,"column":93}},"line":76},"12":{"name":"queryFaiss","decl":{"start":{"line":96,"column":9},"end":{"line":96,"column":19}},"loc":{"start":{"line":96,"column":39},"end":{"line":107,"column":1}},"line":96},"13":{"name":"(anonymous_13)","decl":{"start":{"line":97,"column":21},"end":{"line":97,"column":22}},"loc":{"start":{"line":97,"column":42},"end":{"line":106,"column":3}},"line":97},"14":{"name":"(anonymous_14)","decl":{"start":{"line":101,"column":28},"end":{"line":101,"column":29}},"loc":{"start":{"line":101,"column":39},"end":{"line":101,"column":59}},"line":101},"15":{"name":"(anonymous_15)","decl":{"start":{"line":102,"column":28},"end":{"line":102,"column":29}},"loc":{"start":{"line":102,"column":39},"end":{"line":102,"column":58}},"line":102},"16":{"name":"(anonymous_16)","decl":{"start":{"line":104,"column":22},"end":{"line":104,"column":23}},"loc":{"start":{"line":104,"column":32},"end":{"line":104,"column":171}},"line":104},"17":{"name":"suggestRecipe","decl":{"start":{"line":109,"column":15},"end":{"line":109,"column":28}},"loc":{"start":{"line":109,"column":50},"end":{"line":150,"column":1}},"line":109},"18":{"name":"(anonymous_18)","decl":{"start":{"line":122,"column":37},"end":{"line":122,"column":38}},"loc":{"start":{"line":122,"column":47},"end":{"line":122,"column":72}},"line":122},"19":{"name":"(anonymous_19)","decl":{"start":{"line":128,"column":112},"end":{"line":128,"column":113}},"loc":{"start":{"line":128,"column":120},"end":{"line":128,"column":182}},"line":128},"20":{"name":"(anonymous_20)","decl":{"start":{"line":129,"column":58},"end":{"line":129,"column":59}},"loc":{"start":{"line":129,"column":66},"end":{"line":129,"column":144}},"line":129},"21":{"name":"(anonymous_21)","decl":{"start":{"line":141,"column":41},"end":{"line":141,"column":42}},"loc":{"start":{"line":141,"column":54},"end":{"line":141,"column":83}},"line":141},"22":{"name":"(anonymous_22)","decl":{"start":{"line":142,"column":43},"end":{"line":142,"column":44}},"loc":{"start":{"line":142,"column":59},"end":{"line":145,"column":3}},"line":142},"23":{"name":"(anonymous_23)","decl":{"start":{"line":148,"column":27},"end":{"line":148,"column":28}},"loc":{"start":{"line":148,"column":40},"end":{"line":148,"column":90}},"line":148}},"branchMap":{"0":{"loc":{"start":{"line":10,"column":36},"end":{"line":10,"column":47}},"type":"binary-expr","locations":[{"start":{"line":10,"column":36},"end":{"line":10,"column":41}},{"start":{"line":10,"column":45},"end":{"line":10,"column":47}}],"line":10},"1":{"loc":{"start":{"line":15,"column":22},"end":{"line":15,"column":76}},"type":"binary-expr","locations":[{"start":{"line":15,"column":22},"end":{"line":15,"column":38}},{"start":{"line":15,"column":42},"end":{"line":15,"column":76}}],"line":15},"2":{"loc":{"start":{"line":16,"column":2},"end":{"line":16,"column":42}},"type":"if","locations":[{"start":{"line":16,"column":2},"end":{"line":16,"column":42}},{"start":{},"end":{}}],"line":16},"3":{"loc":{"start":{"line":24,"column":19},"end":{"line":24,"column":69}},"type":"binary-expr","locations":[{"start":{"line":24,"column":19},"end":{"line":24,"column":42}},{"start":{"line":24,"column":46},"end":{"line":24,"column":69}}],"line":24},"4":{"loc":{"start":{"line":25,"column":2},"end":{"line":27,"column":3}},"type":"if","locations":[{"start":{"line":25,"column":2},"end":{"line":27,"column":3}},{"start":{},"end":{}}],"line":25},"5":{"loc":{"start":{"line":25,"column":6},"end":{"line":25,"column":32}},"type":"binary-expr","locations":[{"start":{"line":25,"column":6},"end":{"line":25,"column":15}},{"start":{"line":25,"column":19},"end":{"line":25,"column":32}}],"line":25},"6":{"loc":{"start":{"line":28,"column":22},"end":{"line":57,"column":3}},"type":"cond-expr","locations":[{"start":{"line":28,"column":33},"end":{"line":42,"column":3}},{"start":{"line":42,"column":6},"end":{"line":57,"column":3}}],"line":28},"7":{"loc":{"start":{"line":61,"column":44},"end":{"line":61,"column":130}},"type":"binary-expr","locations":[{"start":{"line":61,"column":44},"end":{"line":61,"column":65}},{"start":{"line":61,"column":69},"end":{"line":61,"column":130}}],"line":61},"8":{"loc":{"start":{"line":62,"column":4},"end":{"line":62,"column":41}},"type":"if","locations":[{"start":{"line":62,"column":4},"end":{"line":62,"column":41}},{"start":{},"end":{}}],"line":62},"9":{"loc":{"start":{"line":63,"column":38},"end":{"line":63,"column":57}},"type":"binary-expr","locations":[{"start":{"line":63,"column":38},"end":{"line":63,"column":49}},{"start":{"line":63,"column":53},"end":{"line":63,"column":57}}],"line":63},"10":{"loc":{"start":{"line":68,"column":11},"end":{"line":68,"column":111}},"type":"cond-expr","locations":[{"start":{"line":68,"column":21},"end":{"line":68,"column":104}},{"start":{"line":68,"column":107},"end":{"line":68,"column":111}}],"line":68},"11":{"loc":{"start":{"line":96,"column":28},"end":{"line":96,"column":37}},"type":"default-arg","locations":[{"start":{"line":96,"column":36},"end":{"line":96,"column":37}}],"line":96},"12":{"loc":{"start":{"line":99,"column":24},"end":{"line":99,"column":58}},"type":"binary-expr","locations":[{"start":{"line":99,"column":24},"end":{"line":99,"column":46}},{"start":{"line":99,"column":50},"end":{"line":99,"column":58}}],"line":99},"13":{"loc":{"start":{"line":104,"column":32},"end":{"line":104,"column":171}},"type":"cond-expr","locations":[{"start":{"line":104,"column":45},"end":{"line":104,"column":80}},{"start":{"line":104,"column":83},"end":{"line":104,"column":171}}],"line":104},"14":{"loc":{"start":{"line":104,"column":64},"end":{"line":104,"column":78}},"type":"binary-expr","locations":[{"start":{"line":104,"column":64},"end":{"line":104,"column":70}},{"start":{"line":104,"column":74},"end":{"line":104,"column":78}}],"line":104},"15":{"loc":{"start":{"line":104,"column":114},"end":{"line":104,"column":151}},"type":"binary-expr","locations":[{"start":{"line":104,"column":114},"end":{"line":104,"column":119}},{"start":{"line":104,"column":123},"end":{"line":104,"column":151}}],"line":104},"16":{"loc":{"start":{"line":109,"column":36},"end":{"line":109,"column":48}},"type":"default-arg","locations":[{"start":{"line":109,"column":46},"end":{"line":109,"column":48}}],"line":109},"17":{"loc":{"start":{"line":138,"column":2},"end":{"line":140,"column":3}},"type":"if","locations":[{"start":{"line":138,"column":2},"end":{"line":140,"column":3}},{"start":{},"end":{}}],"line":138},"18":{"loc":{"start":{"line":144,"column":11},"end":{"line":144,"column":111}},"type":"cond-expr","locations":[{"start":{"line":144,"column":21},"end":{"line":144,"column":104}},{"start":{"line":144,"column":107},"end":{"line":144,"column":111}}],"line":144},"19":{"loc":{"start":{"line":147,"column":17},"end":{"line":148,"column":111}},"type":"binary-expr","locations":[{"start":{"line":147,"column":17},"end":{"line":147,"column":37}},{"start":{"line":148,"column":7},"end":{"line":148,"column":105}},{"start":{"line":148,"column":109},"end":{"line":148,"column":111}}],"line":147},"20":{"loc":{"start":{"line":148,"column":40},"end":{"line":148,"column":90}},"type":"binary-expr","locations":[{"start":{"line":148,"column":40},"end":{"line":148,"column":53}},{"start":{"line":148,"column":57},"end":{"line":148,"column":90}}],"line":148}},"s":{"0":1,"1":1,"2":1,"3":1,"4":1,"5":1,"6":5,"7":2,"8":10,"9":2,"10":0,"11":2,"12":2,"13":3,"14":1,"15":1,"16":1,"17":1,"18":1,"19":0,"20":0,"21":0,"22":0,"23":0,"24":0,"25":0,"26":0,"27":0,"28":0,"29":0,"30":0,"31":0,"32":0,"33":0,"34":0,"35":0,"36":1,"37":0,"38":0,"39":0,"40":0,"41":0,"42":0,"43":0,"44":0,"45":0,"46":0,"47":0,"48":0,"49":0,"50":0,"51":0,"52":0,"53":0,"54":0,"55":0,"56":0,"57":0,"58":0,"59":0,"60":0,"61":0,"62":0,"63":0,"64":0,"65":0,"66":0,"67":0,"68":0,"69":0,"70":0,"71":0,"72":0,"73":0,"74":0,"75":0,"76":0,"77":1},"f":{"0":5,"1":2,"2":10,"3":3,"4":1,"5":0,"6":0,"7":0,"8":0,"9":0,"10":0,"11":0,"12":0,"13":0,"14":0,"15":0,"16":0,"17":0,"18":0,"19":0,"20":0,"21":0,"22":0,"23":0},"b":{"0":[5,0],"1":[10,10],"2":[0,2],"3":[1,1],"4":[1,0],"5":[1,1],"6":[0,0],"7":[0,0],"8":[0,0],"9":[0,0],"10":[0,0],"11":[0],"12":[0,0],"13":[0,0],"14":[0,0],"15":[0,0],"16":[0],"17":[0,0],"18":[0,0],"19":[0,0,0],"20":[0,0]},"_coverageSchema":"1a1c01bbd47fc00a2c39e90264f33305004495a9","hash":"c729b0f1b8091172270052e0c1e50b32d03a540f"}
,"C:\\backend0\\tests\\base\\TestBase.js": {"path":"C:\\backend0\\tests\\base\\TestBase.js","statementMap":{"0":{"start":{"line":1,"column":41},"end":{"line":1,"column":68}},"1":{"start":{"line":5,"column":4},"end":{"line":5,"column":25}},"2":{"start":{"line":7,"column":4},"end":{"line":10,"column":6}},"3":{"start":{"line":11,"column":4},"end":{"line":11,"column":62}},"4":{"start":{"line":12,"column":4},"end":{"line":12,"column":41}},"5":{"start":{"line":13,"column":4},"end":{"line":19,"column":8}},"6":{"start":{"line":13,"column":52},"end":{"line":19,"column":5}},"7":{"start":{"line":20,"column":4},"end":{"line":20,"column":54}},"8":{"start":{"line":24,"column":4},"end":{"line":35,"column":6}},"9":{"start":{"line":39,"column":4},"end":{"line":39,"column":33}},"10":{"start":{"line":43,"column":16},"end":{"line":43,"column":18}},"11":{"start":{"line":44,"column":4},"end":{"line":44,"column":48}},"12":{"start":{"line":45,"column":4},"end":{"line":45,"column":46}},"13":{"start":{"line":46,"column":4},"end":{"line":46,"column":15}},"14":{"start":{"line":50,"column":0},"end":{"line":50,"column":26}}},"fnMap":{"0":{"name":"(anonymous_0)","decl":{"start":{"line":4,"column":2},"end":{"line":4,"column":3}},"loc":{"start":{"line":4,"column":10},"end":{"line":21,"column":3}},"line":4},"1":{"name":"(anonymous_1)","decl":{"start":{"line":13,"column":35},"end":{"line":13,"column":36}},"loc":{"start":{"line":13,"column":52},"end":{"line":19,"column":5}},"line":13},"2":{"name":"(anonymous_2)","decl":{"start":{"line":23,"column":2},"end":{"line":23,"column":3}},"loc":{"start":{"line":23,"column":39},"end":{"line":36,"column":3}},"line":23},"3":{"name":"(anonymous_3)","decl":{"start":{"line":38,"column":2},"end":{"line":38,"column":3}},"loc":{"start":{"line":38,"column":52},"end":{"line":40,"column":3}},"line":38},"4":{"name":"(anonymous_4)","decl":{"start":{"line":42,"column":2},"end":{"line":42,"column":3}},"loc":{"start":{"line":42,"column":19},"end":{"line":47,"column":3}},"line":42}},"branchMap":{"0":{"loc":{"start":{"line":23,"column":23},"end":{"line":23,"column":37}},"type":"default-arg","locations":[{"start":{"line":23,"column":35},"end":{"line":23,"column":37}}],"line":23},"1":{"loc":{"start":{"line":38,"column":16},"end":{"line":38,"column":50}},"type":"default-arg","locations":[{"start":{"line":38,"column":23},"end":{"line":38,"column":50}}],"line":38}},"s":{"0":1,"1":21,"2":21,"3":21,"4":21,"5":21,"6":7,"7":21,"8":21,"9":21,"10":21,"11":21,"12":21,"13":21,"14":1},"f":{"0":21,"1":7,"2":21,"3":21,"4":21},"b":{"0":[2],"1":[2]},"_coverageSchema":"1a1c01bbd47fc00a2c39e90264f33305004495a9","hash":"d40e450f10e98e5b811e056038a0a405ca24a480"}
}
