TN:
SF:src\config\cloudinary.js
FN:25,(anonymous_0)
FNF:1
FNH:0
FNDA:0,(anonymous_0)
DA:1,1
DA:3,1
DA:5,1
DA:14,1
DA:20,1
DA:21,1
DA:25,1
DA:26,0
DA:27,0
DA:34,1
LF:10
LH:8
BRDA:15,0,0,1
BRDA:15,0,1,1
BRDA:15,0,2,1
BRDA:20,1,0,1
BRDA:20,1,1,0
BRDA:26,2,0,0
BRDA:26,2,1,0
BRF:7
BRH:4
end_of_record
TN:
SF:src\controllers\authController.js
FN:9,register
FN:69,profile
FN:95,addresses
FN:106,addAddress
FN:116,(anonymous_4)
FN:152,deleteAddress
FN:162,login
FN:224,me
FN:229,(anonymous_8)
FN:235,logout
FN:236,(anonymous_10)
FNF:11
FNH:2
FNDA:21,register
FNDA:0,profile
FNDA:0,addresses
FNDA:0,addAddress
FNDA:0,(anonymous_4)
FNDA:0,deleteAddress
FNDA:8,login
FNDA:0,me
FNDA:0,(anonymous_8)
FNDA:0,logout
FNDA:0,(anonymous_10)
DA:1,2
DA:2,2
DA:3,2
DA:4,2
DA:6,2
DA:7,2
DA:10,21
DA:13,21
DA:14,21
DA:15,21
DA:16,21
DA:17,21
DA:18,21
DA:19,21
DA:20,21
DA:21,21
DA:22,8
DA:28,13
DA:29,2
DA:30,11
DA:31,3
DA:36,8
DA:37,1
DA:38,7
DA:40,7
DA:41,7
DA:45,7
DA:58,6
DA:60,1
DA:61,1
DA:63,6
DA:64,6
DA:70,0
DA:71,0
DA:72,0
DA:73,0
DA:74,0
DA:75,0
DA:76,0
DA:77,0
DA:78,0
DA:79,0
DA:82,0
DA:86,0
DA:88,0
DA:89,0
DA:96,0
DA:103,0
DA:107,0
DA:115,0
DA:116,0
DA:118,0
DA:119,0
DA:122,0
DA:124,0
DA:125,0
DA:131,0
DA:134,0
DA:139,0
DA:140,0
DA:149,0
DA:153,0
DA:156,0
DA:157,0
DA:158,0
DA:159,0
DA:163,8
DA:166,8
DA:167,8
DA:168,2
DA:171,6
DA:172,1
DA:174,5
DA:175,5
DA:176,1
DA:179,1
DA:180,1
DA:186,4
DA:187,1
DA:190,4
DA:194,4
DA:195,2
DA:196,2
DA:197,1
DA:198,1
DA:202,1
DA:203,1
DA:209,1
DA:210,1
DA:213,2
DA:214,1
DA:217,2
DA:218,2
DA:225,0
DA:226,0
DA:227,0
DA:228,0
DA:229,0
DA:230,0
DA:232,0
DA:236,0
DA:237,0
DA:238,0
DA:239,0
DA:243,2
LF:105
LH:60
BRDA:10,0,0,21
BRDA:10,0,1,1
BRDA:13,1,0,21
BRDA:13,1,1,1
BRDA:14,2,0,21
BRDA:14,2,1,1
BRDA:15,3,0,21
BRDA:15,3,1,1
BRDA:16,4,0,21
BRDA:16,4,1,1
BRDA:17,5,0,21
BRDA:17,5,1,1
BRDA:18,6,0,21
BRDA:18,6,1,1
BRDA:19,7,0,21
BRDA:19,7,1,1
BRDA:20,8,0,21
BRDA:20,8,1,1
BRDA:21,9,0,8
BRDA:21,9,1,13
BRDA:21,10,0,21
BRDA:21,10,1,19
BRDA:21,10,2,18
BRDA:21,10,3,15
BRDA:28,11,0,2
BRDA:28,11,1,11
BRDA:30,12,0,3
BRDA:30,12,1,8
BRDA:30,13,0,11
BRDA:30,13,1,10
BRDA:30,13,2,9
BRDA:36,14,0,1
BRDA:36,14,1,7
BRDA:71,15,0,0
BRDA:71,15,1,0
BRDA:72,16,0,0
BRDA:72,16,1,0
BRDA:73,17,0,0
BRDA:73,17,1,0
BRDA:74,18,0,0
BRDA:74,18,1,0
BRDA:77,19,0,0
BRDA:77,19,1,0
BRDA:78,20,0,0
BRDA:78,20,1,0
BRDA:84,21,0,0
BRDA:84,21,1,0
BRDA:116,22,0,0
BRDA:116,22,1,0
BRDA:118,23,0,0
BRDA:118,23,1,0
BRDA:122,24,0,0
BRDA:122,24,1,0
BRDA:124,25,0,0
BRDA:124,25,1,0
BRDA:124,26,0,0
BRDA:124,26,1,0
BRDA:124,26,2,0
BRDA:124,26,3,0
BRDA:137,27,0,0
BRDA:137,27,1,0
BRDA:139,28,0,0
BRDA:139,28,1,0
BRDA:156,29,0,0
BRDA:156,29,1,0
BRDA:163,30,0,8
BRDA:163,30,1,1
BRDA:167,31,0,2
BRDA:167,31,1,6
BRDA:171,32,0,1
BRDA:171,32,1,5
BRDA:175,33,0,1
BRDA:175,33,1,4
BRDA:175,34,0,5
BRDA:175,34,1,2
BRDA:186,35,0,1
BRDA:186,35,1,3
BRDA:191,36,0,4
BRDA:191,36,1,0
BRDA:194,37,0,2
BRDA:194,37,1,2
BRDA:195,38,0,2
BRDA:195,38,1,0
BRDA:196,39,0,1
BRDA:196,39,1,1
BRDA:213,40,0,1
BRDA:213,40,1,1
BRDA:213,41,0,2
BRDA:213,41,1,1
BRDA:225,42,0,0
BRDA:225,42,1,0
BRDA:228,43,0,0
BRDA:228,43,1,0
BRDA:228,44,0,0
BRDA:228,44,1,0
BRDA:237,45,0,0
BRDA:237,45,1,0
BRF:97
BRH:55
end_of_record
TN:
SF:src\controllers\bannerController.js
FN:6,getBanners
FN:11,(anonymous_1)
FN:15,getBannersBYID
FN:31,insertBanners
FN:41,updateBanners
FN:60,deleteBanners
FNF:6
FNH:3
FNDA:0,getBanners
FNDA:0,(anonymous_1)
FNDA:0,getBannersBYID
FNDA:1,insertBanners
FNDA:2,updateBanners
FNDA:2,deleteBanners
DA:1,1
DA:2,1
DA:3,1
DA:4,1
DA:7,0
DA:9,0
DA:11,0
DA:16,0
DA:17,0
DA:19,0
DA:20,0
DA:25,0
DA:32,1
DA:33,1
DA:35,1
DA:42,2
DA:43,2
DA:45,2
DA:46,1
DA:51,1
DA:52,1
DA:54,1
DA:61,2
DA:62,2
DA:64,2
DA:65,1
DA:70,1
DA:72,1
DA:77,1
LF:29
LH:21
BRDA:19,0,0,0
BRDA:19,0,1,0
BRDA:45,1,0,1
BRDA:45,1,1,1
BRDA:64,2,0,1
BRDA:64,2,1,1
BRF:6
BRH:4
end_of_record
TN:
SF:src\controllers\brandController.js
FN:6,getBrands
FN:11,(anonymous_1)
FN:15,getBrandsBYID
FN:31,insertBrands
FN:41,updateBrands
FN:60,deleteBrands
FNF:6
FNH:3
FNDA:0,getBrands
FNDA:0,(anonymous_1)
FNDA:0,getBrandsBYID
FNDA:1,insertBrands
FNDA:2,updateBrands
FNDA:2,deleteBrands
DA:1,1
DA:2,1
DA:3,1
DA:4,1
DA:7,0
DA:9,0
DA:11,0
DA:16,0
DA:17,0
DA:19,0
DA:20,0
DA:25,0
DA:32,1
DA:33,1
DA:35,1
DA:42,2
DA:43,2
DA:45,2
DA:46,1
DA:51,1
DA:52,1
DA:54,1
DA:61,2
DA:62,2
DA:64,2
DA:65,1
DA:70,1
DA:72,1
DA:77,1
LF:29
LH:21
BRDA:19,0,0,0
BRDA:19,0,1,0
BRDA:45,1,0,1
BRDA:45,1,1,1
BRDA:64,2,0,1
BRDA:64,2,1,1
BRF:6
BRH:4
end_of_record
TN:
SF:src\controllers\categoryController.js
FN:6,getCategories
FN:11,(anonymous_1)
FN:15,getCategoriesBYID
FN:31,insertCategories
FN:41,updateCategories
FN:60,deleteCategories
FNF:6
FNH:3
FNDA:0,getCategories
FNDA:0,(anonymous_1)
FNDA:0,getCategoriesBYID
FNDA:1,insertCategories
FNDA:2,updateCategories
FNDA:2,deleteCategories
DA:1,1
DA:2,1
DA:3,1
DA:4,1
DA:7,0
DA:9,0
DA:11,0
DA:16,0
DA:17,0
DA:19,0
DA:20,0
DA:25,0
DA:32,1
DA:33,1
DA:35,1
DA:42,2
DA:43,2
DA:45,2
DA:46,1
DA:51,1
DA:52,1
DA:54,1
DA:61,2
DA:62,2
DA:64,2
DA:65,1
DA:70,1
DA:72,1
DA:77,1
LF:29
LH:21
BRDA:19,0,0,0
BRDA:19,0,1,0
BRDA:45,1,0,1
BRDA:45,1,1,1
BRDA:64,2,0,1
BRDA:64,2,1,1
BRF:6
BRH:4
end_of_record
TN:
SF:src\controllers\couponController.js
FN:6,getCoupons
FN:11,(anonymous_1)
FN:15,getCouponsBYID
FN:31,insertCoupons
FN:41,updateCoupons
FN:60,deleteCoupons
FNF:6
FNH:3
FNDA:0,getCoupons
FNDA:0,(anonymous_1)
FNDA:0,getCouponsBYID
FNDA:1,insertCoupons
FNDA:2,updateCoupons
FNDA:2,deleteCoupons
DA:1,1
DA:2,1
DA:3,1
DA:4,1
DA:7,0
DA:9,0
DA:11,0
DA:16,0
DA:17,0
DA:19,0
DA:20,0
DA:25,0
DA:32,1
DA:33,1
DA:35,1
DA:42,2
DA:43,2
DA:45,2
DA:46,1
DA:51,1
DA:52,1
DA:54,1
DA:61,2
DA:62,2
DA:64,2
DA:65,1
DA:70,1
DA:72,1
DA:77,1
LF:29
LH:21
BRDA:19,0,0,0
BRDA:19,0,1,0
BRDA:45,1,0,1
BRDA:45,1,1,1
BRDA:64,2,0,1
BRDA:64,2,1,1
BRF:6
BRH:4
end_of_record
TN:
SF:src\controllers\newsController.js
FN:7,getNews
FN:12,(anonymous_1)
FN:16,getNewsBYID
FN:35,insertNews
FN:45,updateNews
FN:64,deleteNews
FNF:6
FNH:3
FNDA:0,getNews
FNDA:0,(anonymous_1)
FNDA:0,getNewsBYID
FNDA:1,insertNews
FNDA:2,updateNews
FNDA:2,deleteNews
DA:1,1
DA:2,1
DA:3,1
DA:4,1
DA:5,1
DA:8,0
DA:10,0
DA:12,0
DA:17,0
DA:18,0
DA:20,0
DA:21,0
DA:27,0
DA:29,0
DA:36,1
DA:37,1
DA:39,1
DA:46,2
DA:47,2
DA:49,2
DA:50,1
DA:55,1
DA:56,1
DA:58,1
DA:65,2
DA:66,2
DA:68,2
DA:69,1
DA:74,1
DA:76,1
DA:81,1
LF:31
LH:22
BRDA:20,0,0,0
BRDA:20,0,1,0
BRDA:49,1,0,1
BRDA:49,1,1,1
BRDA:68,2,0,1
BRDA:68,2,1,1
BRF:6
BRH:4
end_of_record
TN:
SF:src\controllers\paymentController.js
FN:8,(anonymous_0)
FN:14,paypalRequest
FN:51,getConfig
FN:59,createOrder
FN:82,(anonymous_4)
FN:107,(anonymous_5)
FN:164,captureOrder
FN:185,(anonymous_7)
FNF:8
FNH:5
FNDA:4,(anonymous_0)
FNDA:4,paypalRequest
FNDA:0,getConfig
FNDA:11,createOrder
FNDA:5,(anonymous_4)
FNDA:4,(anonymous_5)
FNDA:0,captureOrder
FNDA:0,(anonymous_7)
DA:1,1
DA:2,1
DA:4,1
DA:8,1
DA:9,4
DA:10,4
DA:11,4
DA:15,4
DA:16,4
DA:17,4
DA:18,0
DA:19,0
DA:20,0
DA:23,4
DA:31,4
DA:32,4
DA:34,4
DA:42,4
DA:43,4
DA:44,0
DA:45,0
DA:46,0
DA:48,4
DA:52,0
DA:60,11
DA:61,11
DA:62,11
DA:64,10
DA:65,10
DA:66,10
DA:67,10
DA:68,10
DA:69,4
DA:71,6
DA:74,6
DA:78,6
DA:79,5
DA:81,5
DA:82,5
DA:83,5
DA:84,5
DA:85,1
DA:86,1
DA:87,1
DA:89,4
DA:90,4
DA:91,4
DA:94,4
DA:97,4
DA:98,4
DA:107,4
DA:115,4
DA:126,4
DA:132,4
DA:134,0
DA:135,0
DA:138,4
DA:139,4
DA:140,4
DA:153,4
DA:157,4
DA:159,0
DA:160,0
DA:165,0
DA:166,0
DA:170,0
DA:171,0
DA:173,0
DA:177,0
DA:178,0
DA:179,0
DA:181,0
DA:182,0
DA:185,0
DA:186,0
DA:187,0
DA:192,0
DA:200,0
DA:203,1
LF:79
LH:53
BRDA:4,0,0,0
BRDA:4,0,1,1
BRDA:9,1,0,4
BRDA:9,1,1,4
BRDA:10,2,0,0
BRDA:10,2,1,4
BRDA:10,3,0,4
BRDA:10,3,1,4
BRDA:14,4,0,0
BRDA:17,5,0,0
BRDA:17,5,1,4
BRDA:17,6,0,4
BRDA:17,6,1,4
BRDA:32,7,0,0
BRDA:32,7,1,4
BRDA:32,8,0,0
BRDA:32,8,1,0
BRDA:39,9,0,4
BRDA:39,9,1,0
BRDA:43,10,0,0
BRDA:43,10,1,4
BRDA:44,11,0,0
BRDA:44,11,1,0
BRDA:44,11,2,0
BRDA:53,12,0,0
BRDA:53,12,1,0
BRDA:54,13,0,0
BRDA:54,13,1,0
BRDA:60,14,0,11
BRDA:60,14,1,0
BRDA:62,15,0,1
BRDA:62,15,1,10
BRDA:68,16,0,4
BRDA:68,16,1,6
BRDA:68,17,0,10
BRDA:68,17,1,10
BRDA:68,17,2,8
BRDA:68,17,3,7
BRDA:71,18,0,6
BRDA:71,18,1,6
BRDA:78,19,0,1
BRDA:78,19,1,5
BRDA:79,20,0,0
BRDA:79,20,1,5
BRDA:84,21,0,1
BRDA:84,21,1,4
BRDA:165,22,0,0
BRDA:165,22,1,0
BRDA:170,23,0,0
BRDA:170,23,1,0
BRDA:171,24,0,0
BRDA:171,24,1,0
BRDA:179,25,0,0
BRDA:179,25,1,0
BRDA:179,26,0,0
BRDA:179,26,1,0
BRDA:179,26,2,0
BRDA:179,26,3,0
BRF:58
BRH:28
end_of_record
TN:
SF:src\controllers\userController.js
FN:6,getUsers
FN:11,(anonymous_1)
FN:15,getUsersBYID
FN:31,insertUsers
FN:41,updateUsers
FN:60,deleteUsers
FNF:6
FNH:3
FNDA:0,getUsers
FNDA:0,(anonymous_1)
FNDA:0,getUsersBYID
FNDA:1,insertUsers
FNDA:2,updateUsers
FNDA:2,deleteUsers
DA:1,1
DA:2,1
DA:3,1
DA:4,1
DA:7,0
DA:9,0
DA:11,0
DA:16,0
DA:17,0
DA:19,0
DA:20,0
DA:25,0
DA:32,1
DA:33,1
DA:35,1
DA:42,2
DA:43,2
DA:45,2
DA:46,1
DA:51,1
DA:52,1
DA:54,1
DA:61,2
DA:62,2
DA:64,2
DA:65,1
DA:70,1
DA:72,1
DA:77,1
LF:29
LH:21
BRDA:19,0,0,0
BRDA:19,0,1,0
BRDA:45,1,0,1
BRDA:45,1,1,1
BRDA:64,2,0,1
BRDA:64,2,1,1
BRF:6
BRH:4
end_of_record
TN:
SF:src\dtos\request\banner\insertBannerReq.js
FN:4,(anonymous_0)
FN:11,(anonymous_1)
FNF:2
FNH:1
FNDA:1,(anonymous_0)
FNDA:0,(anonymous_1)
DA:1,1
DA:5,1
DA:6,1
DA:7,1
DA:8,1
DA:12,0
DA:19,0
DA:23,1
LF:8
LH:6
BRF:0
BRH:0
end_of_record
TN:
SF:src\dtos\request\banner\updateBannerReq.js
FN:4,(anonymous_0)
FN:11,(anonymous_1)
FNF:2
FNH:1
FNDA:1,(anonymous_0)
FNDA:0,(anonymous_1)
DA:1,1
DA:5,1
DA:6,1
DA:7,1
DA:8,1
DA:12,0
DA:19,0
DA:23,1
LF:8
LH:6
BRF:0
BRH:0
end_of_record
TN:
SF:src\dtos\request\brand\insertBrandReq.js
FN:4,(anonymous_0)
FN:9,(anonymous_1)
FNF:2
FNH:1
FNDA:1,(anonymous_0)
FNDA:0,(anonymous_1)
DA:1,1
DA:5,1
DA:6,1
DA:10,0
DA:15,0
DA:19,1
LF:6
LH:4
BRF:0
BRH:0
end_of_record
TN:
SF:src\dtos\request\brand\updateBrandReq.js
FN:4,(anonymous_0)
FN:9,(anonymous_1)
FNF:2
FNH:1
FNDA:1,(anonymous_0)
FNDA:0,(anonymous_1)
DA:1,1
DA:5,1
DA:6,1
DA:10,0
DA:15,0
DA:19,1
LF:6
LH:4
BRF:0
BRH:0
end_of_record
TN:
SF:src\dtos\request\category\insertCategoryReq.js
FN:4,(anonymous_0)
FN:9,(anonymous_1)
FNF:2
FNH:2
FNDA:1,(anonymous_0)
FNDA:3,(anonymous_1)
DA:1,2
DA:5,1
DA:6,1
DA:10,3
DA:15,3
DA:19,2
LF:6
LH:6
BRF:0
BRH:0
end_of_record
TN:
SF:src\dtos\request\category\updateCategoryReq.js
FN:4,(anonymous_0)
FN:9,(anonymous_1)
FNF:2
FNH:2
FNDA:1,(anonymous_0)
FNDA:1,(anonymous_1)
DA:1,2
DA:5,1
DA:6,1
DA:10,1
DA:15,1
DA:19,2
LF:6
LH:6
BRF:0
BRH:0
end_of_record
TN:
SF:src\dtos\request\coupon\insertCouponReq.js
FN:4,(anonymous_0)
FN:16,(anonymous_1)
FNF:2
FNH:2
FNDA:1,(anonymous_0)
FNDA:9,(anonymous_1)
DA:1,2
DA:5,1
DA:6,1
DA:7,1
DA:8,1
DA:9,1
DA:10,1
DA:11,1
DA:12,1
DA:13,1
DA:17,9
DA:29,9
DA:33,2
LF:13
LH:13
BRF:0
BRH:0
end_of_record
TN:
SF:src\dtos\request\coupon\updateCouponReq.js
FN:4,(anonymous_0)
FN:16,(anonymous_1)
FNF:2
FNH:2
FNDA:1,(anonymous_0)
FNDA:1,(anonymous_1)
DA:1,2
DA:5,1
DA:6,1
DA:7,1
DA:8,1
DA:9,1
DA:10,1
DA:11,1
DA:12,1
DA:13,1
DA:17,1
DA:29,1
DA:33,2
LF:13
LH:13
BRF:0
BRH:0
end_of_record
TN:
SF:src\dtos\request\news\insertNewsReq.js
FN:4,(anonymous_0)
FN:10,(anonymous_1)
FNF:2
FNH:1
FNDA:1,(anonymous_0)
FNDA:0,(anonymous_1)
DA:1,1
DA:5,1
DA:6,1
DA:7,1
DA:11,0
DA:17,0
DA:21,1
LF:7
LH:5
BRF:0
BRH:0
end_of_record
TN:
SF:src\dtos\request\news\updateNewsReq.js
FN:4,(anonymous_0)
FN:10,(anonymous_1)
FNF:2
FNH:1
FNDA:1,(anonymous_0)
FNDA:0,(anonymous_1)
DA:1,1
DA:5,1
DA:6,1
DA:7,1
DA:11,0
DA:17,0
DA:21,1
LF:7
LH:5
BRF:0
BRH:0
end_of_record
TN:
SF:src\dtos\request\user\insertUserReq.js
FN:4,(anonymous_0)
FN:14,(anonymous_1)
FNF:2
FNH:2
FNDA:1,(anonymous_0)
FNDA:12,(anonymous_1)
DA:1,2
DA:5,1
DA:6,1
DA:7,1
DA:8,1
DA:9,1
DA:10,1
DA:11,1
DA:15,12
DA:25,12
DA:29,2
LF:11
LH:11
BRF:0
BRH:0
end_of_record
TN:
SF:src\dtos\request\user\updateUserReq.js
FN:4,(anonymous_0)
FN:14,(anonymous_1)
FNF:2
FNH:2
FNDA:1,(anonymous_0)
FNDA:2,(anonymous_1)
DA:1,2
DA:5,1
DA:6,1
DA:7,1
DA:8,1
DA:9,1
DA:10,1
DA:11,1
DA:15,2
DA:25,2
DA:29,2
LF:11
LH:11
BRF:0
BRH:0
end_of_record
TN:
SF:src\dtos\respone\banner\bannerRespone.js
FN:2,(anonymous_0)
FNF:1
FNH:1
FNDA:2,(anonymous_0)
DA:3,2
DA:5,2
DA:6,2
DA:7,2
DA:8,2
DA:9,2
DA:10,2
DA:11,2
DA:12,2
DA:13,0
DA:18,1
LF:11
LH:10
BRDA:3,0,0,0
BRDA:3,0,1,2
BRDA:12,1,0,0
BRDA:12,1,1,2
BRF:4
BRH:2
end_of_record
TN:
SF:src\dtos\respone\brand\brandRespone.js
FN:2,(anonymous_0)
FNF:1
FNH:1
FNDA:2,(anonymous_0)
DA:3,2
DA:5,2
DA:6,2
DA:7,2
DA:8,2
DA:9,2
DA:10,2
DA:11,0
DA:16,1
LF:9
LH:8
BRDA:3,0,0,0
BRDA:3,0,1,2
BRDA:10,1,0,0
BRDA:10,1,1,2
BRF:4
BRH:2
end_of_record
TN:
SF:src\dtos\respone\category\categoryRespone.js
FN:2,(anonymous_0)
FNF:1
FNH:1
FNDA:2,(anonymous_0)
DA:3,2
DA:5,2
DA:6,2
DA:7,2
DA:8,2
DA:9,2
DA:13,1
LF:7
LH:7
BRDA:3,0,0,0
BRDA:3,0,1,2
BRF:2
BRH:1
end_of_record
TN:
SF:src\dtos\respone\coupon\couponRespone.js
FN:2,(anonymous_0)
FNF:1
FNH:1
FNDA:2,(anonymous_0)
DA:3,2
DA:5,2
DA:6,2
DA:7,2
DA:8,2
DA:9,2
DA:10,2
DA:11,2
DA:12,2
DA:13,2
DA:14,2
DA:15,2
DA:16,2
DA:20,1
LF:14
LH:14
BRDA:3,0,0,0
BRDA:3,0,1,2
BRF:2
BRH:1
end_of_record
TN:
SF:src\dtos\respone\news\newsRespone.js
FN:2,(anonymous_0)
FNF:1
FNH:1
FNDA:2,(anonymous_0)
DA:3,2
DA:5,2
DA:6,2
DA:7,2
DA:8,2
DA:9,2
DA:10,2
DA:14,1
LF:8
LH:8
BRDA:3,0,0,0
BRDA:3,0,1,2
BRF:2
BRH:1
end_of_record
TN:
SF:src\dtos\respone\user\userRespone.js
FN:2,(anonymous_0)
FNF:1
FNH:1
FNDA:10,(anonymous_0)
DA:3,10
DA:5,10
DA:6,10
DA:7,10
DA:8,10
DA:9,10
DA:10,10
DA:11,10
DA:12,10
DA:13,10
DA:17,3
LF:11
LH:11
BRDA:3,0,0,0
BRDA:3,0,1,10
BRF:2
BRH:1
end_of_record
TN:
SF:src\middlewares\adminOnly.js
FN:3,adminOnly
FNF:1
FNH:1
FNDA:7,adminOnly
DA:1,1
DA:4,7
DA:5,1
DA:8,6
DA:11,6
DA:12,4
DA:15,2
DA:18,1
LF:8
LH:8
BRDA:4,0,0,1
BRDA:4,0,1,6
BRDA:11,1,0,4
BRDA:11,1,1,2
BRDA:11,2,0,6
BRDA:11,2,1,5
BRDA:11,2,2,3
BRF:7
BRH:7
end_of_record
TN:
SF:src\middlewares\validate.js
FN:1,(anonymous_0)
FN:2,(anonymous_1)
FNF:2
FNH:2
FNDA:28,(anonymous_0)
FNDA:28,(anonymous_1)
DA:1,1
DA:2,28
DA:3,28
DA:5,28
DA:6,16
DA:12,12
DA:13,12
DA:17,1
LF:8
LH:8
BRDA:5,0,0,16
BRDA:5,0,1,12
BRF:2
BRH:2
end_of_record
TN:
SF:src\services\cloudinaryService.js
FN:8,(anonymous_0)
FN:26,(anonymous_1)
FNF:2
FNH:0
FNDA:0,(anonymous_0)
FNDA:0,(anonymous_1)
DA:4,1
DA:8,1
DA:9,0
DA:11,0
DA:16,0
DA:26,1
DA:27,0
DA:29,0
DA:30,0
DA:33,0
DA:39,1
LF:11
LH:4
BRDA:8,0,0,0
BRDA:12,1,0,0
BRDA:12,1,1,0
BRDA:29,2,0,0
BRDA:29,2,1,0
BRF:5
BRH:0
end_of_record
TN:
SF:tests\base\TestBase.js
FN:4,(anonymous_0)
FN:13,(anonymous_1)
FN:23,(anonymous_2)
FN:38,(anonymous_3)
FN:42,(anonymous_4)
FNF:5
FNH:5
FNDA:21,(anonymous_0)
FNDA:7,(anonymous_1)
FNDA:21,(anonymous_2)
FNDA:21,(anonymous_3)
FNDA:21,(anonymous_4)
DA:1,1
DA:5,21
DA:7,21
DA:11,21
DA:12,21
DA:13,21
DA:20,21
DA:24,21
DA:39,21
DA:43,21
DA:44,21
DA:45,21
DA:46,21
DA:50,1
LF:14
LH:14
BRDA:23,0,0,2
BRDA:38,1,0,2
BRF:2
BRH:2
end_of_record
