TN:
SF:src\config\cloudinary.js
FN:25,(anonymous_0)
FNF:1
FNH:0
FNDA:0,(anonymous_0)
DA:1,1
DA:3,1
DA:5,1
DA:14,1
DA:20,1
DA:21,1
DA:25,1
DA:26,0
DA:27,0
DA:34,1
LF:10
LH:8
BRDA:15,0,0,1
BRDA:15,0,1,1
BRDA:15,0,2,1
BRDA:20,1,0,1
BRDA:20,1,1,0
BRDA:26,2,0,0
BRDA:26,2,1,0
BRF:7
BRH:4
end_of_record
TN:
SF:src\controllers\authController.js
FN:9,register
FN:69,profile
FN:95,addresses
FN:106,addAddress
FN:116,(anonymous_4)
FN:152,deleteAddress
FN:162,login
FN:224,me
FN:229,(anonymous_8)
FN:235,logout
FN:236,(anonymous_10)
FNF:11
FNH:11
FNDA:21,register
FNDA:3,profile
FNDA:1,addresses
FNDA:1,addAddress
FNDA:6,(anonymous_4)
FNDA:1,deleteAddress
FNDA:8,login
FNDA:1,me
FNDA:1,(anonymous_8)
FNDA:2,logout
FNDA:2,(anonymous_10)
DA:1,3
DA:2,3
DA:3,3
DA:4,3
DA:6,3
DA:7,3
DA:10,21
DA:13,21
DA:14,21
DA:15,21
DA:16,21
DA:17,21
DA:18,21
DA:19,21
DA:20,21
DA:21,21
DA:22,8
DA:28,13
DA:29,2
DA:30,11
DA:31,3
DA:36,8
DA:37,1
DA:38,7
DA:40,7
DA:41,7
DA:45,7
DA:58,6
DA:60,1
DA:61,1
DA:63,6
DA:64,6
DA:70,3
DA:71,3
DA:72,3
DA:73,3
DA:74,3
DA:75,1
DA:76,2
DA:77,2
DA:78,2
DA:79,1
DA:82,1
DA:86,1
DA:88,1
DA:89,1
DA:96,1
DA:103,1
DA:107,1
DA:115,1
DA:116,6
DA:118,1
DA:119,1
DA:122,1
DA:124,1
DA:125,0
DA:131,1
DA:134,1
DA:139,1
DA:140,1
DA:149,1
DA:153,1
DA:156,1
DA:157,1
DA:158,0
DA:159,0
DA:163,8
DA:166,8
DA:167,8
DA:168,2
DA:171,6
DA:172,1
DA:174,5
DA:175,5
DA:176,1
DA:179,1
DA:180,1
DA:186,4
DA:187,1
DA:190,4
DA:194,4
DA:195,2
DA:196,2
DA:197,1
DA:198,1
DA:202,1
DA:203,1
DA:209,1
DA:210,1
DA:213,2
DA:214,1
DA:217,2
DA:218,2
DA:225,1
DA:226,0
DA:227,1
DA:228,1
DA:229,1
DA:230,1
DA:232,0
DA:236,2
DA:237,2
DA:238,1
DA:239,1
DA:243,3
LF:105
LH:100
BRDA:10,0,0,21
BRDA:10,0,1,1
BRDA:13,1,0,21
BRDA:13,1,1,1
BRDA:14,2,0,21
BRDA:14,2,1,1
BRDA:15,3,0,21
BRDA:15,3,1,1
BRDA:16,4,0,21
BRDA:16,4,1,1
BRDA:17,5,0,21
BRDA:17,5,1,1
BRDA:18,6,0,21
BRDA:18,6,1,1
BRDA:19,7,0,21
BRDA:19,7,1,1
BRDA:20,8,0,21
BRDA:20,8,1,1
BRDA:21,9,0,8
BRDA:21,9,1,13
BRDA:21,10,0,21
BRDA:21,10,1,19
BRDA:21,10,2,18
BRDA:21,10,3,15
BRDA:28,11,0,2
BRDA:28,11,1,11
BRDA:30,12,0,3
BRDA:30,12,1,8
BRDA:30,13,0,11
BRDA:30,13,1,10
BRDA:30,13,2,9
BRDA:36,14,0,1
BRDA:36,14,1,7
BRDA:71,15,0,0
BRDA:71,15,1,3
BRDA:72,16,0,3
BRDA:72,16,1,0
BRDA:73,17,0,3
BRDA:73,17,1,1
BRDA:74,18,0,1
BRDA:74,18,1,2
BRDA:77,19,0,2
BRDA:77,19,1,0
BRDA:78,20,0,1
BRDA:78,20,1,1
BRDA:84,21,0,1
BRDA:84,21,1,1
BRDA:116,22,0,6
BRDA:116,22,1,3
BRDA:118,23,0,1
BRDA:118,23,1,0
BRDA:122,24,0,1
BRDA:122,24,1,0
BRDA:124,25,0,0
BRDA:124,25,1,1
BRDA:124,26,0,1
BRDA:124,26,1,1
BRDA:124,26,2,1
BRDA:124,26,3,1
BRDA:137,27,0,1
BRDA:137,27,1,0
BRDA:139,28,0,1
BRDA:139,28,1,0
BRDA:156,29,0,1
BRDA:156,29,1,0
BRDA:163,30,0,8
BRDA:163,30,1,1
BRDA:167,31,0,2
BRDA:167,31,1,6
BRDA:171,32,0,1
BRDA:171,32,1,5
BRDA:175,33,0,1
BRDA:175,33,1,4
BRDA:175,34,0,5
BRDA:175,34,1,2
BRDA:186,35,0,1
BRDA:186,35,1,3
BRDA:191,36,0,4
BRDA:191,36,1,0
BRDA:194,37,0,2
BRDA:194,37,1,2
BRDA:195,38,0,2
BRDA:195,38,1,0
BRDA:196,39,0,1
BRDA:196,39,1,1
BRDA:213,40,0,1
BRDA:213,40,1,1
BRDA:213,41,0,2
BRDA:213,41,1,1
BRDA:225,42,0,0
BRDA:225,42,1,1
BRDA:228,43,0,1
BRDA:228,43,1,0
BRDA:228,44,0,1
BRDA:228,44,1,1
BRDA:237,45,0,1
BRDA:237,45,1,1
BRF:97
BRH:84
end_of_record
TN:
SF:src\controllers\bannerController.js
FN:6,getBanners
FN:11,(anonymous_1)
FN:15,getBannersBYID
FN:31,insertBanners
FN:41,updateBanners
FN:60,deleteBanners
FNF:6
FNH:3
FNDA:0,getBanners
FNDA:0,(anonymous_1)
FNDA:0,getBannersBYID
FNDA:1,insertBanners
FNDA:2,updateBanners
FNDA:2,deleteBanners
DA:1,1
DA:2,1
DA:3,1
DA:4,1
DA:7,0
DA:9,0
DA:11,0
DA:16,0
DA:17,0
DA:19,0
DA:20,0
DA:25,0
DA:32,1
DA:33,1
DA:35,1
DA:42,2
DA:43,2
DA:45,2
DA:46,1
DA:51,1
DA:52,1
DA:54,1
DA:61,2
DA:62,2
DA:64,2
DA:65,1
DA:70,1
DA:72,1
DA:77,1
LF:29
LH:21
BRDA:19,0,0,0
BRDA:19,0,1,0
BRDA:45,1,0,1
BRDA:45,1,1,1
BRDA:64,2,0,1
BRDA:64,2,1,1
BRF:6
BRH:4
end_of_record
TN:
SF:src\controllers\brandController.js
FN:6,getBrands
FN:11,(anonymous_1)
FN:15,getBrandsBYID
FN:31,insertBrands
FN:41,updateBrands
FN:60,deleteBrands
FNF:6
FNH:3
FNDA:0,getBrands
FNDA:0,(anonymous_1)
FNDA:0,getBrandsBYID
FNDA:1,insertBrands
FNDA:2,updateBrands
FNDA:2,deleteBrands
DA:1,1
DA:2,1
DA:3,1
DA:4,1
DA:7,0
DA:9,0
DA:11,0
DA:16,0
DA:17,0
DA:19,0
DA:20,0
DA:25,0
DA:32,1
DA:33,1
DA:35,1
DA:42,2
DA:43,2
DA:45,2
DA:46,1
DA:51,1
DA:52,1
DA:54,1
DA:61,2
DA:62,2
DA:64,2
DA:65,1
DA:70,1
DA:72,1
DA:77,1
LF:29
LH:21
BRDA:19,0,0,0
BRDA:19,0,1,0
BRDA:45,1,0,1
BRDA:45,1,1,1
BRDA:64,2,0,1
BRDA:64,2,1,1
BRF:6
BRH:4
end_of_record
TN:
SF:src\controllers\categoryController.js
FN:6,getCategories
FN:11,(anonymous_1)
FN:15,getCategoriesBYID
FN:31,insertCategories
FN:41,updateCategories
FN:60,deleteCategories
FNF:6
FNH:3
FNDA:0,getCategories
FNDA:0,(anonymous_1)
FNDA:0,getCategoriesBYID
FNDA:1,insertCategories
FNDA:2,updateCategories
FNDA:2,deleteCategories
DA:1,1
DA:2,1
DA:3,1
DA:4,1
DA:7,0
DA:9,0
DA:11,0
DA:16,0
DA:17,0
DA:19,0
DA:20,0
DA:25,0
DA:32,1
DA:33,1
DA:35,1
DA:42,2
DA:43,2
DA:45,2
DA:46,1
DA:51,1
DA:52,1
DA:54,1
DA:61,2
DA:62,2
DA:64,2
DA:65,1
DA:70,1
DA:72,1
DA:77,1
LF:29
LH:21
BRDA:19,0,0,0
BRDA:19,0,1,0
BRDA:45,1,0,1
BRDA:45,1,1,1
BRDA:64,2,0,1
BRDA:64,2,1,1
BRF:6
BRH:4
end_of_record
TN:
SF:src\controllers\chatController.js
FN:7,(anonymous_0)
FN:9,(anonymous_1)
FN:19,getOrderContext
FN:39,(anonymous_3)
FN:52,(anonymous_4)
FN:67,localReply
FN:72,(anonymous_6)
FN:88,(anonymous_7)
FN:92,(anonymous_8)
FN:97,selectProducts
FN:99,(anonymous_10)
FN:100,(anonymous_11)
FN:101,(anonymous_12)
FN:103,(anonymous_13)
FN:107,(anonymous_14)
FN:111,(anonymous_15)
FN:113,reply
FN:141,(anonymous_17)
FN:142,(anonymous_18)
FN:156,(anonymous_19)
FN:187,(anonymous_20)
FNF:21
FNH:7
FNDA:4,(anonymous_0)
FNDA:2,(anonymous_1)
FNDA:1,getOrderContext
FNDA:0,(anonymous_3)
FNDA:0,(anonymous_4)
FNDA:2,localReply
FNDA:5,(anonymous_6)
FNDA:0,(anonymous_7)
FNDA:0,(anonymous_8)
FNDA:2,selectProducts
FNDA:0,(anonymous_10)
FNDA:0,(anonymous_11)
FNDA:0,(anonymous_12)
FNDA:8,(anonymous_13)
FNDA:0,(anonymous_14)
FNDA:0,(anonymous_15)
FNDA:0,reply
FNDA:0,(anonymous_17)
FNDA:0,(anonymous_18)
FNDA:0,(anonymous_19)
FNDA:0,(anonymous_20)
DA:1,1
DA:2,1
DA:3,1
DA:4,1
DA:5,1
DA:7,4
DA:9,2
DA:10,1
DA:20,1
DA:36,1
DA:40,0
DA:41,0
DA:52,0
DA:68,2
DA:69,2
DA:71,2
DA:72,5
DA:73,2
DA:74,2
DA:75,2
DA:76,1
DA:78,1
DA:81,0
DA:82,0
DA:84,0
DA:85,0
DA:87,0
DA:88,0
DA:89,0
DA:91,0
DA:92,0
DA:93,0
DA:98,2
DA:99,2
DA:100,2
DA:101,0
DA:102,2
DA:103,8
DA:104,2
DA:107,1
DA:111,0
DA:114,0
DA:115,0
DA:118,0
DA:119,0
DA:120,0
DA:121,0
DA:122,0
DA:124,0
DA:125,0
DA:126,0
DA:131,0
DA:139,0
DA:140,0
DA:141,0
DA:142,0
DA:143,0
DA:145,0
DA:156,0
DA:157,0
DA:173,0
DA:174,0
DA:185,0
DA:186,0
DA:187,0
DA:188,0
DA:190,0
DA:191,0
DA:192,0
DA:194,0
DA:197,1
LF:71
LH:27
BRDA:7,0,0,4
BRDA:7,0,1,0
BRDA:9,1,0,2
BRDA:9,1,1,0
BRDA:37,2,0,1
BRDA:37,2,1,0
BRDA:38,3,0,1
BRDA:38,3,1,0
BRDA:44,4,0,0
BRDA:44,4,1,0
BRDA:46,5,0,0
BRDA:46,5,1,0
BRDA:47,6,0,0
BRDA:47,6,1,0
BRDA:48,7,0,0
BRDA:48,7,1,0
BRDA:49,8,0,0
BRDA:49,8,1,0
BRDA:50,9,0,0
BRDA:50,9,1,0
BRDA:51,10,0,0
BRDA:51,10,1,0
BRDA:52,11,0,0
BRDA:52,11,1,0
BRDA:56,12,0,0
BRDA:56,12,1,0
BRDA:67,13,0,0
BRDA:71,14,0,2
BRDA:71,14,1,0
BRDA:71,15,0,2
BRDA:71,15,1,2
BRDA:74,16,0,0
BRDA:74,16,1,2
BRDA:75,17,0,1
BRDA:75,17,1,1
BRDA:75,18,0,2
BRDA:75,18,1,1
BRDA:75,18,2,1
BRDA:78,19,0,1
BRDA:78,19,1,0
BRDA:81,20,0,0
BRDA:81,20,1,0
BRDA:81,21,0,0
BRDA:81,21,1,0
BRDA:84,22,0,0
BRDA:84,22,1,0
BRDA:84,23,0,0
BRDA:84,23,1,0
BRDA:87,24,0,0
BRDA:87,24,1,0
BRDA:87,25,0,0
BRDA:87,25,1,0
BRDA:87,25,2,0
BRDA:89,26,0,0
BRDA:89,26,1,0
BRDA:91,27,0,0
BRDA:91,27,1,0
BRDA:93,28,0,0
BRDA:93,28,1,0
BRDA:101,29,0,0
BRDA:101,29,1,0
BRDA:104,30,0,0
BRDA:104,30,1,2
BRDA:104,31,0,0
BRDA:104,31,1,2
BRDA:118,32,0,0
BRDA:118,32,1,0
BRDA:125,33,0,0
BRDA:125,33,1,0
BRDA:141,34,0,0
BRDA:141,34,1,0
BRDA:187,35,0,0
BRDA:187,35,1,0
BRDA:188,36,0,0
BRDA:188,36,1,0
BRF:75
BRH:16
end_of_record
TN:
SF:src\controllers\couponController.js
FN:6,getCoupons
FN:11,(anonymous_1)
FN:15,getCouponsBYID
FN:31,insertCoupons
FN:41,updateCoupons
FN:60,deleteCoupons
FNF:6
FNH:3
FNDA:0,getCoupons
FNDA:0,(anonymous_1)
FNDA:0,getCouponsBYID
FNDA:1,insertCoupons
FNDA:2,updateCoupons
FNDA:2,deleteCoupons
DA:1,1
DA:2,1
DA:3,1
DA:4,1
DA:7,0
DA:9,0
DA:11,0
DA:16,0
DA:17,0
DA:19,0
DA:20,0
DA:25,0
DA:32,1
DA:33,1
DA:35,1
DA:42,2
DA:43,2
DA:45,2
DA:46,1
DA:51,1
DA:52,1
DA:54,1
DA:61,2
DA:62,2
DA:64,2
DA:65,1
DA:70,1
DA:72,1
DA:77,1
LF:29
LH:21
BRDA:19,0,0,0
BRDA:19,0,1,0
BRDA:45,1,0,1
BRDA:45,1,1,1
BRDA:64,2,0,1
BRDA:64,2,1,1
BRF:6
BRH:4
end_of_record
TN:
SF:src\controllers\feedbackController.js
FN:6,(anonymous_0)
FN:11,getFeedback
FN:23,(anonymous_2)
FN:26,createFeedback
FN:46,updateFeedback
FN:66,deleteFeedback
FNF:6
FNH:4
FNDA:1,(anonymous_0)
FNDA:0,getFeedback
FNDA:0,(anonymous_2)
FNDA:1,createFeedback
FNDA:1,updateFeedback
FNDA:3,deleteFeedback
DA:1,1
DA:2,1
DA:3,1
DA:5,1
DA:6,1
DA:12,0
DA:16,0
DA:18,0
DA:23,0
DA:27,1
DA:31,1
DA:33,1
DA:39,1
DA:40,1
DA:47,1
DA:54,1
DA:56,0
DA:57,0
DA:58,0
DA:59,0
DA:60,0
DA:67,3
DA:70,3
DA:72,3
DA:73,3
DA:74,3
DA:75,1
DA:78,2
DA:79,2
DA:82,1
LF:30
LH:21
BRDA:16,0,0,0
BRDA:16,0,1,0
BRDA:31,1,0,0
BRDA:31,1,1,1
BRDA:54,2,0,1
BRDA:54,2,1,0
BRDA:57,3,0,0
BRDA:57,3,1,0
BRDA:70,4,0,0
BRDA:70,4,1,3
BRDA:74,5,0,1
BRDA:74,5,1,2
BRDA:74,6,0,3
BRDA:74,6,1,2
BRF:14
BRH:7
end_of_record
TN:
SF:src\controllers\newsController.js
FN:7,getNews
FN:12,(anonymous_1)
FN:16,getNewsBYID
FN:35,insertNews
FN:45,updateNews
FN:64,deleteNews
FNF:6
FNH:3
FNDA:0,getNews
FNDA:0,(anonymous_1)
FNDA:0,getNewsBYID
FNDA:1,insertNews
FNDA:2,updateNews
FNDA:2,deleteNews
DA:1,1
DA:2,1
DA:3,1
DA:4,1
DA:5,1
DA:8,0
DA:10,0
DA:12,0
DA:17,0
DA:18,0
DA:20,0
DA:21,0
DA:27,0
DA:29,0
DA:36,1
DA:37,1
DA:39,1
DA:46,2
DA:47,2
DA:49,2
DA:50,1
DA:55,1
DA:56,1
DA:58,1
DA:65,2
DA:66,2
DA:68,2
DA:69,1
DA:74,1
DA:76,1
DA:81,1
LF:31
LH:22
BRDA:20,0,0,0
BRDA:20,0,1,0
BRDA:49,1,0,1
BRDA:49,1,1,1
BRDA:68,2,0,1
BRDA:68,2,1,1
BRF:6
BRH:4
end_of_record
TN:
SF:src\controllers\orderController.js
FN:11,list
FN:21,detail
FN:30,cancel
FN:38,(anonymous_3)
FNF:4
FNH:4
FNDA:1,list
FNDA:1,detail
FNDA:7,cancel
FNDA:3,(anonymous_3)
DA:1,1
DA:2,1
DA:4,1
DA:12,1
DA:18,1
DA:22,1
DA:26,1
DA:27,0
DA:31,7
DA:34,7
DA:35,7
DA:36,4
DA:38,3
DA:39,3
DA:40,3
DA:48,3
DA:51,1
LF:17
LH:16
BRDA:26,0,0,1
BRDA:26,0,1,0
BRDA:34,1,0,0
BRDA:34,1,1,7
BRDA:35,2,0,4
BRDA:35,2,1,3
BRDA:44,3,0,3
BRDA:44,3,1,0
BRF:8
BRH:5
end_of_record
TN:
SF:src\controllers\paymentController.js
FN:8,(anonymous_0)
FN:14,paypalRequest
FN:51,getConfig
FN:60,createOrder
FN:89,(anonymous_4)
FN:101,(anonymous_5)
FN:113,(anonymous_6)
FN:152,(anonymous_7)
FN:212,captureOrder
FN:233,(anonymous_9)
FNF:10
FNH:7
FNDA:7,(anonymous_0)
FNDA:7,paypalRequest
FNDA:0,getConfig
FNDA:11,createOrder
FNDA:5,(anonymous_4)
FNDA:0,(anonymous_5)
FNDA:0,(anonymous_6)
FNDA:4,(anonymous_7)
FNDA:5,captureOrder
FNDA:1,(anonymous_9)
DA:1,2
DA:2,2
DA:4,2
DA:8,2
DA:9,7
DA:10,7
DA:11,7
DA:15,7
DA:16,7
DA:17,7
DA:18,0
DA:19,0
DA:20,0
DA:23,7
DA:31,7
DA:32,7
DA:34,7
DA:42,7
DA:43,7
DA:44,0
DA:45,0
DA:46,0
DA:48,7
DA:52,0
DA:61,11
DA:62,11
DA:63,11
DA:65,10
DA:66,10
DA:67,10
DA:68,10
DA:69,10
DA:70,10
DA:71,10
DA:72,4
DA:74,6
DA:75,6
DA:78,6
DA:85,6
DA:86,5
DA:88,5
DA:89,5
DA:90,5
DA:91,5
DA:92,1
DA:93,1
DA:94,1
DA:96,4
DA:97,4
DA:98,4
DA:101,4
DA:102,4
DA:103,0
DA:104,0
DA:105,0
DA:106,0
DA:108,0
DA:109,0
DA:111,0
DA:112,0
DA:113,0
DA:114,0
DA:115,0
DA:116,0
DA:117,0
DA:118,0
DA:120,0
DA:123,0
DA:124,0
DA:135,4
DA:138,4
DA:139,4
DA:142,4
DA:143,4
DA:152,4
DA:163,4
DA:174,4
DA:180,4
DA:182,0
DA:183,0
DA:186,4
DA:187,4
DA:188,4
DA:201,4
DA:205,4
DA:207,0
DA:208,0
DA:213,5
DA:214,5
DA:218,5
DA:219,4
DA:221,3
DA:225,3
DA:226,3
DA:227,3
DA:229,2
DA:230,2
DA:233,1
DA:234,1
DA:235,1
DA:240,1
DA:248,1
DA:251,2
LF:103
LH:75
BRDA:4,0,0,0
BRDA:4,0,1,2
BRDA:9,1,0,7
BRDA:9,1,1,4
BRDA:10,2,0,0
BRDA:10,2,1,7
BRDA:10,3,0,7
BRDA:10,3,1,7
BRDA:14,4,0,0
BRDA:17,5,0,0
BRDA:17,5,1,7
BRDA:17,6,0,7
BRDA:17,6,1,7
BRDA:32,7,0,0
BRDA:32,7,1,7
BRDA:32,8,0,0
BRDA:32,8,1,0
BRDA:39,9,0,7
BRDA:39,9,1,0
BRDA:43,10,0,0
BRDA:43,10,1,7
BRDA:44,11,0,0
BRDA:44,11,1,0
BRDA:44,11,2,0
BRDA:53,12,0,0
BRDA:53,12,1,0
BRDA:54,13,0,0
BRDA:54,13,1,0
BRDA:56,14,0,0
BRDA:56,14,1,0
BRDA:61,15,0,11
BRDA:61,15,1,0
BRDA:63,16,0,1
BRDA:63,16,1,10
BRDA:68,17,0,10
BRDA:68,17,1,10
BRDA:69,18,0,0
BRDA:69,18,1,10
BRDA:71,19,0,4
BRDA:71,19,1,6
BRDA:71,20,0,10
BRDA:71,20,1,10
BRDA:71,20,2,8
BRDA:71,20,3,7
BRDA:74,21,0,0
BRDA:74,21,1,6
BRDA:75,22,0,6
BRDA:75,22,1,6
BRDA:81,23,0,0
BRDA:81,23,1,6
BRDA:85,24,0,1
BRDA:85,24,1,5
BRDA:86,25,0,0
BRDA:86,25,1,5
BRDA:91,26,0,1
BRDA:91,26,1,4
BRDA:104,27,0,0
BRDA:104,27,1,0
BRDA:105,28,0,0
BRDA:105,28,1,0
BRDA:105,29,0,0
BRDA:105,29,1,0
BRDA:108,30,0,0
BRDA:108,30,1,0
BRDA:115,31,0,0
BRDA:115,31,1,0
BRDA:120,32,0,0
BRDA:120,32,1,0
BRDA:127,33,0,0
BRDA:127,33,1,0
BRDA:135,34,0,0
BRDA:135,34,1,4
BRDA:137,35,0,4
BRDA:137,35,1,4
BRDA:159,36,0,4
BRDA:159,36,1,4
BRDA:160,37,0,4
BRDA:160,37,1,4
BRDA:161,38,0,4
BRDA:161,38,1,4
BRDA:213,39,0,5
BRDA:213,39,1,0
BRDA:218,40,0,1
BRDA:218,40,1,4
BRDA:219,41,0,1
BRDA:219,41,1,3
BRDA:227,42,0,2
BRDA:227,42,1,1
BRDA:227,43,0,3
BRDA:227,43,1,3
BRDA:227,43,2,3
BRDA:227,43,3,2
BRF:92
BRH:53
end_of_record
TN:
SF:src\controllers\userController.js
FN:6,getUsers
FN:11,(anonymous_1)
FN:15,getUsersBYID
FN:31,insertUsers
FN:41,updateUsers
FN:60,deleteUsers
FNF:6
FNH:3
FNDA:0,getUsers
FNDA:0,(anonymous_1)
FNDA:0,getUsersBYID
FNDA:1,insertUsers
FNDA:2,updateUsers
FNDA:2,deleteUsers
DA:1,1
DA:2,1
DA:3,1
DA:4,1
DA:7,0
DA:9,0
DA:11,0
DA:16,0
DA:17,0
DA:19,0
DA:20,0
DA:25,0
DA:32,1
DA:33,1
DA:35,1
DA:42,2
DA:43,2
DA:45,2
DA:46,1
DA:51,1
DA:52,1
DA:54,1
DA:61,2
DA:62,2
DA:64,2
DA:65,1
DA:70,1
DA:72,1
DA:77,1
LF:29
LH:21
BRDA:19,0,0,0
BRDA:19,0,1,0
BRDA:45,1,0,1
BRDA:45,1,1,1
BRDA:64,2,0,1
BRDA:64,2,1,1
BRF:6
BRH:4
end_of_record
TN:
SF:src\dtos\request\banner\insertBannerReq.js
FN:4,(anonymous_0)
FN:11,(anonymous_1)
FNF:2
FNH:1
FNDA:1,(anonymous_0)
FNDA:0,(anonymous_1)
DA:1,1
DA:5,1
DA:6,1
DA:7,1
DA:8,1
DA:12,0
DA:19,0
DA:23,1
LF:8
LH:6
BRF:0
BRH:0
end_of_record
TN:
SF:src\dtos\request\banner\updateBannerReq.js
FN:4,(anonymous_0)
FN:11,(anonymous_1)
FNF:2
FNH:1
FNDA:1,(anonymous_0)
FNDA:0,(anonymous_1)
DA:1,1
DA:5,1
DA:6,1
DA:7,1
DA:8,1
DA:12,0
DA:19,0
DA:23,1
LF:8
LH:6
BRF:0
BRH:0
end_of_record
TN:
SF:src\dtos\request\brand\insertBrandReq.js
FN:4,(anonymous_0)
FN:9,(anonymous_1)
FNF:2
FNH:1
FNDA:1,(anonymous_0)
FNDA:0,(anonymous_1)
DA:1,1
DA:5,1
DA:6,1
DA:10,0
DA:15,0
DA:19,1
LF:6
LH:4
BRF:0
BRH:0
end_of_record
TN:
SF:src\dtos\request\brand\updateBrandReq.js
FN:4,(anonymous_0)
FN:9,(anonymous_1)
FNF:2
FNH:1
FNDA:1,(anonymous_0)
FNDA:0,(anonymous_1)
DA:1,1
DA:5,1
DA:6,1
DA:10,0
DA:15,0
DA:19,1
LF:6
LH:4
BRF:0
BRH:0
end_of_record
TN:
SF:src\dtos\request\category\insertCategoryReq.js
FN:4,(anonymous_0)
FN:8,(anonymous_1)
FNF:2
FNH:2
FNDA:1,(anonymous_0)
FNDA:3,(anonymous_1)
DA:1,2
DA:5,1
DA:9,3
DA:13,3
DA:17,2
LF:5
LH:5
BRF:0
BRH:0
end_of_record
TN:
SF:src\dtos\request\category\updateCategoryReq.js
FN:4,(anonymous_0)
FN:8,(anonymous_1)
FNF:2
FNH:2
FNDA:1,(anonymous_0)
FNDA:1,(anonymous_1)
DA:1,2
DA:5,1
DA:9,1
DA:13,1
DA:17,2
LF:5
LH:5
BRF:0
BRH:0
end_of_record
TN:
SF:src\dtos\request\chat\chatReq.js
FN:4,(anonymous_0)
FN:9,(anonymous_1)
FNF:2
FNH:0
FNDA:0,(anonymous_0)
FNDA:0,(anonymous_1)
DA:1,1
DA:5,0
DA:6,0
DA:10,0
DA:20,1
LF:5
LH:2
BRDA:6,0,0,0
BRDA:6,0,1,0
BRF:2
BRH:0
end_of_record
TN:
SF:src\dtos\request\coupon\insertCouponReq.js
FN:4,(anonymous_0)
FN:16,(anonymous_1)
FNF:2
FNH:2
FNDA:1,(anonymous_0)
FNDA:9,(anonymous_1)
DA:1,2
DA:5,1
DA:6,1
DA:7,1
DA:8,1
DA:9,1
DA:10,1
DA:11,1
DA:12,1
DA:13,1
DA:17,9
DA:29,9
DA:33,2
LF:13
LH:13
BRF:0
BRH:0
end_of_record
TN:
SF:src\dtos\request\coupon\updateCouponReq.js
FN:4,(anonymous_0)
FN:16,(anonymous_1)
FNF:2
FNH:2
FNDA:1,(anonymous_0)
FNDA:1,(anonymous_1)
DA:1,2
DA:5,1
DA:6,1
DA:7,1
DA:8,1
DA:9,1
DA:10,1
DA:11,1
DA:12,1
DA:13,1
DA:17,1
DA:29,1
DA:33,2
LF:13
LH:13
BRF:0
BRH:0
end_of_record
TN:
SF:src\dtos\request\news\insertNewsReq.js
FN:4,(anonymous_0)
FN:10,(anonymous_1)
FNF:2
FNH:1
FNDA:1,(anonymous_0)
FNDA:0,(anonymous_1)
DA:1,1
DA:5,1
DA:6,1
DA:7,1
DA:11,0
DA:17,0
DA:21,1
LF:7
LH:5
BRF:0
BRH:0
end_of_record
TN:
SF:src\dtos\request\news\updateNewsReq.js
FN:4,(anonymous_0)
FN:10,(anonymous_1)
FNF:2
FNH:1
FNDA:1,(anonymous_0)
FNDA:0,(anonymous_1)
DA:1,1
DA:5,1
DA:6,1
DA:7,1
DA:11,0
DA:17,0
DA:21,1
LF:7
LH:5
BRF:0
BRH:0
end_of_record
TN:
SF:src\dtos\request\user\insertUserReq.js
FN:4,(anonymous_0)
FN:14,(anonymous_1)
FNF:2
FNH:2
FNDA:1,(anonymous_0)
FNDA:12,(anonymous_1)
DA:1,2
DA:5,1
DA:6,1
DA:7,1
DA:8,1
DA:9,1
DA:10,1
DA:11,1
DA:15,12
DA:25,12
DA:29,2
LF:11
LH:11
BRF:0
BRH:0
end_of_record
TN:
SF:src\dtos\request\user\updateUserReq.js
FN:4,(anonymous_0)
FN:14,(anonymous_1)
FNF:2
FNH:2
FNDA:1,(anonymous_0)
FNDA:2,(anonymous_1)
DA:1,2
DA:5,1
DA:6,1
DA:7,1
DA:8,1
DA:9,1
DA:10,1
DA:11,1
DA:15,2
DA:25,2
DA:29,2
LF:11
LH:11
BRF:0
BRH:0
end_of_record
TN:
SF:src\dtos\respone\banner\bannerRespone.js
FN:2,(anonymous_0)
FNF:1
FNH:1
FNDA:2,(anonymous_0)
DA:3,2
DA:5,2
DA:6,2
DA:7,2
DA:8,2
DA:9,2
DA:10,2
DA:11,2
DA:12,2
DA:13,0
DA:18,1
LF:11
LH:10
BRDA:3,0,0,0
BRDA:3,0,1,2
BRDA:12,1,0,0
BRDA:12,1,1,2
BRF:4
BRH:2
end_of_record
TN:
SF:src\dtos\respone\brand\brandRespone.js
FN:2,(anonymous_0)
FNF:1
FNH:1
FNDA:2,(anonymous_0)
DA:3,2
DA:5,2
DA:6,2
DA:7,2
DA:8,2
DA:9,2
DA:10,2
DA:11,0
DA:16,1
LF:9
LH:8
BRDA:3,0,0,0
BRDA:3,0,1,2
BRDA:10,1,0,0
BRDA:10,1,1,2
BRF:4
BRH:2
end_of_record
TN:
SF:src\dtos\respone\category\categoryRespone.js
FN:2,(anonymous_0)
FNF:1
FNH:1
FNDA:2,(anonymous_0)
DA:3,2
DA:5,2
DA:6,2
DA:7,2
DA:8,2
DA:12,1
LF:6
LH:6
BRDA:3,0,0,0
BRDA:3,0,1,2
BRF:2
BRH:1
end_of_record
TN:
SF:src\dtos\respone\chat\chatRespone.js
FN:2,(anonymous_0)
FN:4,(anonymous_1)
FNF:2
FNH:0
FNDA:0,(anonymous_0)
FNDA:0,(anonymous_1)
DA:3,0
DA:4,0
DA:13,0
DA:23,1
LF:4
LH:1
BRDA:2,0,0,0
BRDA:2,1,0,0
BRDA:9,2,0,0
BRDA:9,2,1,0
BRDA:9,2,2,0
BRDA:13,3,0,0
BRDA:13,3,1,0
BRDA:15,4,0,0
BRDA:15,4,1,0
BRDA:16,5,0,0
BRDA:16,5,1,0
BRDA:17,6,0,0
BRDA:17,6,1,0
BRDA:18,7,0,0
BRDA:18,7,1,0
BRF:15
BRH:0
end_of_record
TN:
SF:src\dtos\respone\coupon\couponRespone.js
FN:2,(anonymous_0)
FNF:1
FNH:1
FNDA:2,(anonymous_0)
DA:3,2
DA:5,2
DA:6,2
DA:7,2
DA:8,2
DA:9,2
DA:10,2
DA:11,2
DA:12,2
DA:13,2
DA:14,2
DA:15,2
DA:16,2
DA:20,1
LF:14
LH:14
BRDA:3,0,0,0
BRDA:3,0,1,2
BRF:2
BRH:1
end_of_record
TN:
SF:src\dtos\respone\feedback\feedbackRespone.js
FN:2,(anonymous_0)
FNF:1
FNH:1
FNDA:1,(anonymous_0)
DA:3,1
DA:5,1
DA:6,1
DA:7,1
DA:8,1
DA:9,1
DA:10,1
DA:11,1
DA:12,1
DA:13,1
DA:14,0
DA:19,1
LF:12
LH:11
BRDA:3,0,0,0
BRDA:3,0,1,1
BRDA:13,1,0,0
BRDA:13,1,1,1
BRF:4
BRH:2
end_of_record
TN:
SF:src\dtos\respone\news\newsRespone.js
FN:2,(anonymous_0)
FNF:1
FNH:1
FNDA:2,(anonymous_0)
DA:3,2
DA:5,2
DA:6,2
DA:7,2
DA:8,2
DA:9,2
DA:10,2
DA:14,1
LF:8
LH:8
BRDA:3,0,0,0
BRDA:3,0,1,2
BRF:2
BRH:1
end_of_record
TN:
SF:src\dtos\respone\user\userRespone.js
FN:2,(anonymous_0)
FNF:1
FNH:1
FNDA:11,(anonymous_0)
DA:3,11
DA:5,11
DA:6,11
DA:7,11
DA:8,11
DA:9,11
DA:10,11
DA:11,11
DA:12,11
DA:13,11
DA:17,4
LF:11
LH:11
BRDA:3,0,0,0
BRDA:3,0,1,11
BRF:2
BRH:1
end_of_record
TN:
SF:src\middlewares\adminOnly.js
FN:3,adminOnly
FNF:1
FNH:1
FNDA:7,adminOnly
DA:1,1
DA:4,7
DA:5,1
DA:8,6
DA:11,6
DA:12,4
DA:15,2
DA:18,1
LF:8
LH:8
BRDA:4,0,0,1
BRDA:4,0,1,6
BRDA:11,1,0,4
BRDA:11,1,1,2
BRDA:11,2,0,6
BRDA:11,2,1,5
BRDA:11,2,2,3
BRF:7
BRH:7
end_of_record
TN:
SF:src\middlewares\validate.js
FN:1,(anonymous_0)
FN:2,(anonymous_1)
FNF:2
FNH:2
FNDA:28,(anonymous_0)
FNDA:28,(anonymous_1)
DA:1,1
DA:2,28
DA:3,28
DA:5,28
DA:6,16
DA:12,12
DA:13,12
DA:17,1
LF:8
LH:8
BRDA:5,0,0,16
BRDA:5,0,1,12
BRF:2
BRH:2
end_of_record
TN:
SF:src\services\cloudinaryService.js
FN:8,(anonymous_0)
FN:26,(anonymous_1)
FNF:2
FNH:0
FNDA:0,(anonymous_0)
FNDA:0,(anonymous_1)
DA:4,1
DA:8,1
DA:9,0
DA:11,0
DA:16,0
DA:26,1
DA:27,0
DA:29,0
DA:30,0
DA:33,0
DA:39,1
LF:11
LH:4
BRDA:8,0,0,0
BRDA:12,1,0,0
BRDA:12,1,1,0
BRDA:29,2,0,0
BRDA:29,2,1,0
BRF:5
BRH:0
end_of_record
TN:
SF:src\services\comboService.js
FN:3,(anonymous_0)
FN:5,calculateCombo
FN:8,(anonymous_2)
FN:25,(anonymous_3)
FN:32,(anonymous_4)
FN:45,findCombos
FN:58,(anonymous_6)
FN:59,(anonymous_7)
FNF:8
FNH:5
FNDA:12,(anonymous_0)
FNDA:3,calculateCombo
FNDA:6,(anonymous_2)
FNDA:6,(anonymous_3)
FNDA:6,(anonymous_4)
FNDA:0,findCombos
FNDA:0,(anonymous_6)
FNDA:0,(anonymous_7)
DA:1,1
DA:3,12
DA:6,3
DA:7,3
DA:8,3
DA:9,6
DA:10,6
DA:11,6
DA:12,6
DA:25,6
DA:27,3
DA:28,3
DA:29,2
DA:30,3
DA:31,3
DA:32,6
DA:33,3
DA:46,0
DA:47,0
DA:48,0
DA:49,0
DA:57,0
DA:58,0
DA:59,0
DA:62,1
LF:25
LH:18
BRDA:3,0,0,12
BRDA:3,0,1,0
BRDA:6,1,0,0
BRDA:6,1,1,3
BRDA:7,2,0,3
BRDA:7,2,1,0
BRDA:8,3,0,3
BRDA:8,3,1,0
BRDA:10,4,0,6
BRDA:10,4,1,0
BRDA:11,5,0,6
BRDA:11,5,1,0
BRDA:15,6,0,6
BRDA:15,6,1,0
BRDA:16,7,0,6
BRDA:16,7,1,6
BRDA:17,8,0,6
BRDA:17,8,1,0
BRDA:22,9,0,6
BRDA:22,9,1,0
BRDA:27,10,0,0
BRDA:27,10,1,3
BRDA:27,11,0,0
BRDA:27,11,1,0
BRDA:28,12,0,1
BRDA:28,12,1,2
BRDA:28,13,0,1
BRDA:28,13,1,0
BRDA:29,14,0,2
BRDA:29,14,1,0
BRDA:32,15,0,3
BRDA:32,15,1,0
BRDA:39,16,0,3
BRDA:39,16,1,0
BRDA:41,17,0,3
BRDA:41,17,1,3
BRDA:41,17,2,3
BRDA:41,17,3,2
BRDA:41,17,4,2
BRDA:45,18,0,0
BRDA:45,19,0,0
BRDA:45,20,0,0
BRDA:47,21,0,0
BRDA:47,21,1,0
BRDA:48,22,0,0
BRDA:48,22,1,0
BRDA:57,23,0,0
BRDA:57,23,1,0
BRDA:59,24,0,0
BRDA:59,24,1,0
BRF:50
BRH:23
end_of_record
TN:
SF:src\services\recipeSearch.js
FN:10,(anonymous_0)
FN:13,isRecipeRelevant
FN:15,(anonymous_2)
FN:18,(anonymous_3)
FN:21,localRecipe
FN:60,(anonymous_5)
FN:61,(anonymous_6)
FN:61,(anonymous_7)
FN:65,(anonymous_8)
FN:66,(anonymous_9)
FN:76,(anonymous_10)
FN:76,(anonymous_11)
FN:96,queryFaiss
FN:97,(anonymous_13)
FN:101,(anonymous_14)
FN:102,(anonymous_15)
FN:104,(anonymous_16)
FN:109,suggestRecipe
FN:122,(anonymous_18)
FN:128,(anonymous_19)
FN:129,(anonymous_20)
FN:141,(anonymous_21)
FN:142,(anonymous_22)
FN:148,(anonymous_23)
FNF:24
FNH:5
FNDA:5,(anonymous_0)
FNDA:2,isRecipeRelevant
FNDA:10,(anonymous_2)
FNDA:3,(anonymous_3)
FNDA:1,localRecipe
FNDA:0,(anonymous_5)
FNDA:0,(anonymous_6)
FNDA:0,(anonymous_7)
FNDA:0,(anonymous_8)
FNDA:0,(anonymous_9)
FNDA:0,(anonymous_10)
FNDA:0,(anonymous_11)
FNDA:0,queryFaiss
FNDA:0,(anonymous_13)
FNDA:0,(anonymous_14)
FNDA:0,(anonymous_15)
FNDA:0,(anonymous_16)
FNDA:0,suggestRecipe
FNDA:0,(anonymous_18)
FNDA:0,(anonymous_19)
FNDA:0,(anonymous_20)
FNDA:0,(anonymous_21)
FNDA:0,(anonymous_22)
FNDA:0,(anonymous_23)
DA:1,1
DA:2,1
DA:3,1
DA:4,1
DA:6,1
DA:10,5
DA:14,2
DA:15,10
DA:16,2
DA:17,2
DA:18,3
DA:22,1
DA:23,1
DA:24,1
DA:25,1
DA:26,1
DA:28,0
DA:59,0
DA:60,0
DA:61,0
DA:62,0
DA:63,0
DA:65,0
DA:66,0
DA:67,0
DA:68,0
DA:70,0
DA:76,0
DA:82,1
DA:97,0
DA:98,0
DA:99,0
DA:100,0
DA:101,0
DA:102,0
DA:103,0
DA:104,0
DA:105,0
DA:110,0
DA:111,0
DA:112,0
DA:113,0
DA:115,0
DA:117,0
DA:122,0
DA:123,0
DA:124,0
DA:128,0
DA:129,0
DA:132,0
DA:133,0
DA:135,0
DA:136,0
DA:138,0
DA:139,0
DA:141,0
DA:142,0
DA:143,0
DA:144,0
DA:146,0
DA:147,0
DA:148,0
DA:149,0
DA:152,1
LF:64
LH:18
BRDA:10,0,0,5
BRDA:10,0,1,0
BRDA:15,1,0,10
BRDA:15,1,1,10
BRDA:16,2,0,0
BRDA:16,2,1,2
BRDA:24,3,0,1
BRDA:24,3,1,1
BRDA:25,4,0,1
BRDA:25,4,1,0
BRDA:25,5,0,1
BRDA:25,5,1,1
BRDA:28,6,0,0
BRDA:28,6,1,0
BRDA:61,7,0,0
BRDA:61,7,1,0
BRDA:62,8,0,0
BRDA:62,8,1,0
BRDA:63,9,0,0
BRDA:63,9,1,0
BRDA:68,10,0,0
BRDA:68,10,1,0
BRDA:96,11,0,0
BRDA:99,12,0,0
BRDA:99,12,1,0
BRDA:104,13,0,0
BRDA:104,13,1,0
BRDA:104,14,0,0
BRDA:104,14,1,0
BRDA:104,15,0,0
BRDA:104,15,1,0
BRDA:109,16,0,0
BRDA:138,17,0,0
BRDA:138,17,1,0
BRDA:144,18,0,0
BRDA:144,18,1,0
BRDA:147,19,0,0
BRDA:147,19,1,0
BRDA:147,19,2,0
BRDA:148,20,0,0
BRDA:148,20,1,0
BRF:41
BRH:9
end_of_record
TN:
SF:tests\base\TestBase.js
FN:4,(anonymous_0)
FN:13,(anonymous_1)
FN:23,(anonymous_2)
FN:38,(anonymous_3)
FN:42,(anonymous_4)
FNF:5
FNH:5
FNDA:21,(anonymous_0)
FNDA:7,(anonymous_1)
FNDA:21,(anonymous_2)
FNDA:21,(anonymous_3)
FNDA:21,(anonymous_4)
DA:1,1
DA:5,21
DA:7,21
DA:11,21
DA:12,21
DA:13,21
DA:20,21
DA:24,21
DA:39,21
DA:43,21
DA:44,21
DA:45,21
DA:46,21
DA:50,1
LF:14
LH:14
BRDA:23,0,0,2
BRDA:38,1,0,2
BRF:2
BRH:2
end_of_record
